                :-) GROMACS - gmx mdrun, 2026.0-conda_forge (-:

Copyright 1991-2026 The GROMACS Authors.
GROMACS is free software; you can redistribute it and/or modify it
under the terms of the GNU Lesser General Public License
as published by the Free Software Foundation; either version 2.1
of the License, or (at your option) any later version.

                         Current GROMACS contributors:
       Mark Abraham           Andrey Alekseenko           Brian Andrews       
        Paul Bauer              Cathrine Bergh              Hugh Bird         
      Eliane Briand               Ania Brown                Yiqi Chen         
      Mahesh Doijade            Giacomo Fiorin          Stefan Fleischmann    
      Sergey Gorelov         Gilles Gouaillardet            Alan Gray         
   Farzaneh Jalalypour         Petter Johansson          Carsten Kutzner      
    Grzegorz Łazarski         Justin A. Lemkul          Magnus Lundborg      
        Julio Maia               Pascal Merz             Vedran Miletić      
      Dmitry Morozov           Lukas Müllender           Szilárd Páll      
 Andrea Pasquadibisceglie     Michele Pellegrino         Nicola Piasentin     
     Daniele Rapetti         Muhammad Umair Sadiq         Hubert Santuz       
      Michael Shirts           Tatiana Shugaeva          Alexey Shvetsov      
     Bálint Soproni            Philip Turner            Alessandra Villa     
        Yang Zhang        

                         Previous GROMACS contributors:
        Emile Apol             Rossen Apostolov           James Barnett       
      Vladimir Basov        Herman J.C. Berendsen          Par Bjelkmar       
      Christian Blau          Viacheslav Bolnykh            Kevin Boyd        
    Aldert van Buuren          Carlo Camilloni           Rudi van Drunen      
      Anton Feenstra           Oliver Fleetwood            Vytas Gapsys       
       Gaurav Garg             Gerrit Groenhof            Bert de Groot       
      Anca Hamuraru           Vincent Hindriksen          Victor Holanda      
     M. Eric Irrgang           Aleksei Iupinov              Joe Jordan        
    Christoph Junghans        Prashanth Kanduri        Dimitrios Karkoulis    
       Peter Kasson             Sebastian Kehl           Sebastian Keller     
        Jiri Kraus               Per Larsson              Viveca Lindahl      
      Erik Marklund           Pieter Meulenhoff           Teemu Murtola       
       Julien Nabet              Sander Pronk             Roland Schulz       
      Alfons Sijbers         David van der Spoel          Peter Tieleman      
      Carsten Uphoff             Jon Vincent             Teemu Virolainen     
    Christian Wennberg     Sebastian Wingbermühle         Maarten Wolf       
      Artem Zhmurov       

                  Coordinated by the GROMACS project leaders:
                           Berk Hess and Erik Lindahl

GROMACS:      gmx mdrun, version 2026.0-conda_forge
Executable:   /home/ubuntu/miniconda3/envs/gromacs/bin.AVX2_256/gmx
Data prefix:  /home/ubuntu/miniconda3/envs/gromacs
Working dir:  /home/ubuntu/Desktop/Ca2+
Process ID:   966757
Command line:
  gmx mdrun -v -deffnm em

GROMACS version:     2026.0-conda_forge
Precision:           mixed
Memory model:        64 bit
MPI library:         thread_mpi
MPI version:         built in
OpenMP support:      enabled (GMX_OPENMP_MAX_THREADS = 128)
GPU support:         OpenCL
NBNxM GPU setup:     super-cluster 2x2x2 / cluster 8 (cluster-pair splitting on)
SIMD instructions:   AVX2_256
CPU FFT library:     fftw-3.3.11-sse2-avx
GPU FFT library:     clFFT
Multi-GPU FFT:       none
RDTSCP:              disabled
TNG support:         enabled
Hwloc support:       disabled
Tracing support:     disabled
Colvars support:     enabled (version 2025-10-13)
CP2K support:        disabled
Torch support:       disabled
Plumed support:      enabled
C compiler:          /home/conda/feedstock_root/build_artifacts/gromacs_1770909732141/_build_env/bin/x86_64-conda-linux-gnu-cc GNU 14.3.0
C compiler flags:    -fexcess-precision=fast -funroll-all-loops -mavx2 -mfma -Wno-missing-field-initializers -O3 -DNDEBUG
C++ compiler:        /home/conda/feedstock_root/build_artifacts/gromacs_1770909732141/_build_env/bin/x86_64-conda-linux-gnu-c++ GNU 14.3.0
C++ compiler flags:  -fexcess-precision=fast -funroll-all-loops -mavx2 -mfma -Wno-missing-field-initializers -Wno-stringop-truncation -Wno-cast-function-type-strict SHELL:-fopenmp -O3 -DNDEBUG
BLAS library:        Internal
LAPACK library:      Internal
OpenCL include dir:  /home/ubuntu/miniconda3/envs/gromacs/include
OpenCL library:      /home/ubuntu/miniconda3/envs/gromacs/lib/libOpenCL.so
OpenCL version:      3.0


Running on 1 node with total 36 cores, 72 processing units (GPU detection failed: No valid OpenCL driver found)
Hardware detected on host ubun:
  CPU info:
    Vendor: Intel
    Brand:  Intel(R) Xeon(R) Platinum 8374C CPU @ 2.70GHz
    Family: 6   Model: 106   Stepping: 6
    Features: aes apic avx avx2 avx512f avx512cd avx512bw avx512vl avx512secondFMA clfsh cmov cx8 cx16 f16c fma htt intel lahf mmx msr nonstop_tsc pcid pclmuldq pdcm pdpe1gb popcnt pse rdrnd rdtscp sha sse2 sse3 sse4.1 sse4.2 ssse3 tdt x2apic
    Number of AVX-512 FMA units: 2
  Hardware topology: Basic
    Packages, cores, and logical processors:
    [indices refer to OS logical processors]
      Package  0: [   0  36] [   1  37] [   2  38] [   3  39] [   4  40] [   5  41] [   6  42] [   7  43] [   8  44] [   9  45] [  10  46] [  11  47] [  12  48] [  13  49] [  14  50] [  15  51] [  16  52] [  17  53] [  18  54] [  19  55] [  20  56] [  21  57] [  22  58] [  23  59] [  24  60] [  25  61] [  26  62] [  27  63] [  28  64] [  29  65] [  30  66] [  31  67] [  32  68] [  33  69] [  34  70] [  35  71]
    CPU limit set by OS: -1   Recommended max number of threads: 72

Likely fastest SIMD instructions supported by all nodes: AVX_512
SIMD instructions selected at compile time:              AVX2_256
Merely a note: it is unfortunately hard to know for sure which SIMD
instructions will perform best on this hardware. For non-GPU runs
on Intel CPUs with dual AVX-512 units, using AVX-512 can be good,
while AVX2 is often better for runs also using a GPU. Typically
this is just a few percent, so don't worry unless you are tuning.

The current CPU can measure timings more accurately than the code in
gmx mdrun was configured to use. This might affect your simulation
speed as accurate timings are needed for load-balancing.
Please consider rebuilding gmx mdrun with the GMX_USE_RDTSCP=ON CMake option.

++++ PLEASE READ AND CITE THE FOLLOWING REFERENCE ++++
M. J. Abraham, T. Murtola, R. Schulz, S. Páll, J. C. Smith, B. Hess, E.
Lindahl
GROMACS: High performance molecular simulations through multi-level
parallelism from laptops to supercomputers
SoftwareX (2015)
https://doi.org/10.1016/j.softx.2015.06.001
-------- -------- --- Thank You --- -------- --------


++++ PLEASE READ AND CITE THE FOLLOWING REFERENCE ++++
S. Páll, M. J. Abraham, C. Kutzner, B. Hess, E. Lindahl
Tackling Exascale Software Challenges in Molecular Dynamics Simulations with
GROMACS
In S. Markidis & E. Laure (Eds.), Solving Software Challenges for Exascale (2015)
https://doi.org/10.1007/978-3-319-15976-8_1
-------- -------- --- Thank You --- -------- --------


++++ PLEASE READ AND CITE THE FOLLOWING REFERENCE ++++
S. Pronk, S. Páll, R. Schulz, P. Larsson, P. Bjelkmar, R. Apostolov, M. R.
Shirts, J. C. Smith, P. M. Kasson, D. van der Spoel, B. Hess, E. Lindahl
GROMACS 4.5: a high-throughput and highly parallel open source molecular
simulation toolkit
Bioinformatics (2013)
https://doi.org/10.1093/bioinformatics/btt055
-------- -------- --- Thank You --- -------- --------


++++ PLEASE READ AND CITE THE FOLLOWING REFERENCE ++++
B. Hess, C. Kutzner, D. van der Spoel, E. Lindahl
GROMACS 4: Algorithms for highly efficient, load-balanced, and scalable
molecular simulation
J. Chem. Theory Comput. (2008)
https://doi.org/10.1021/ct700301q
-------- -------- --- Thank You --- -------- --------


++++ PLEASE READ AND CITE THE FOLLOWING REFERENCE ++++
D. van der Spoel, E. Lindahl, B. Hess, G. Groenhof, A. E. Mark, H. J. C.
Berendsen
GROMACS: Fast, Flexible and Free
J. Comp. Chem. (2005)
https://doi.org/10.1002/jcc.20291
-------- -------- --- Thank You --- -------- --------


++++ PLEASE READ AND CITE THE FOLLOWING REFERENCE ++++
E. Lindahl, B. Hess, D. van der Spoel
GROMACS 3.0: A package for molecular simulation and trajectory analysis
J. Mol. Mod. (2001)
https://doi.org/10.1007/s008940100045
-------- -------- --- Thank You --- -------- --------


++++ PLEASE READ AND CITE THE FOLLOWING REFERENCE ++++
H. J. C. Berendsen, D. van der Spoel and R. van Drunen
GROMACS: A message-passing parallel molecular dynamics implementation
Comp. Phys. Comm. (1995)
https://doi.org/10.1016/0010-4655(95)00042-E
-------- -------- --- Thank You --- -------- --------

Input Parameters:
   integrator                     = steep
   tinit                          = 0
   dt                             = 0.001
   nsteps                         = 50000
   init-step                      = 0
   simulation-part                = 1
   mts                            = false
   mass-repartition-factor        = 1
   comm-mode                      = Linear
   nstcomm                        = 100
   bd-fric                        = 0
   ld-seed                        = -1116001409
   emtol                          = 1000
   emstep                         = 0.01
   niter                          = 20
   fcstep                         = 0
   nstcgsteep                     = 1000
   nbfgscorr                      = 10
   rtpi                           = 0.05
   nstxout                        = 0
   nstvout                        = 0
   nstfout                        = 0
   nstlog                         = 1000
   nstcalcenergy                  = 100
   nstenergy                      = 1000
   nstxout-compressed             = 0
   compressed-x-precision         = 1000
   cutoff-scheme                  = Verlet
   nstlist                        = 1
   pbc                            = xyz
   periodic-molecules             = false
   verlet-buffer-tolerance        = 0.005
   verlet-buffer-pressure-tolerance = 0.5
   rlist                          = 1
   coulombtype                    = PME
   coulomb-modifier               = Potential-shift
   rcoulomb-switch                = 0
   rcoulomb                       = 1
   epsilon-r                      = 1
   epsilon-rf                     = inf
   vdw-type                       = Cut-off
   vdw-modifier                   = Potential-shift
   rvdw-switch                    = 0
   rvdw                           = 1
   DispCorr                       = No
   table-extension                = 1
   fourierspacing                 = 0.12
   fourier-nx                     = 40
   fourier-ny                     = 36
   fourier-nz                     = 32
   pme-order                      = 4
   ewald-rtol                     = 1e-05
   ewald-rtol-lj                  = 0.001
   lj-pme-comb-rule               = Geometric
   ewald-geometry                 = 3d
   epsilon-surface                = 0
   ensemble-temperature-setting   = not available
   tcoupl                         = No
   nsttcouple                     = -1
   nh-chain-length                = 0
   print-nose-hoover-chain-variables = false
   pcoupl                         = No
   refcoord-scaling               = No
   posres-com: not available
   posres-comB: not available
   QMMM                           = false
qm-opts:
   ngQM                           = 0
   constraint-algorithm           = Lincs
   continuation                   = false
   Shake-SOR                      = false
   shake-tol                      = 0.0001
   lincs-order                    = 4
   lincs-iter                     = 1
   lincs-warnangle                = 30
   nwall                          = 0
   wall-type                      = 9-3
   wall-r-linpot                  = -1
   wall-atomtype[0]               = -1
   wall-atomtype[1]               = -1
   wall-density[0]                = 0
   wall-density[1]                = 0
   wall-ewald-zfac                = 3
   pull                           = false
   awh                            = false
   rotation                       = false
   interactiveMD                  = false
   disre                          = No
   disre-weighting                = Conservative
   disre-mixed                    = false
   dr-fc                          = 1000
   dr-tau                         = 0
   nstdisreout                    = 100
   orire-fc                       = 0
   orire-tau                      = 0
   nstorireout                    = 100
   free-energy                    = no
   cos-acceleration               = 0
   deform (3x3):
      deform[    0]={ 0.00000e+00,  0.00000e+00,  0.00000e+00}
      deform[    1]={ 0.00000e+00,  0.00000e+00,  0.00000e+00}
      deform[    2]={ 0.00000e+00,  0.00000e+00,  0.00000e+00}
   simulated-tempering            = false
   swapcoords                     = no
   userint1                       = 0
   userint2                       = 0
   userint3                       = 0
   userint4                       = 0
   userreal1                      = 0
   userreal2                      = 0
   userreal3                      = 0
   userreal4                      = 0
   applied-forces:
     electric-field:
       x:
         E0                       = 0
         omega                    = 0
         t0                       = 0
         sigma                    = 0
       y:
         E0                       = 0
         omega                    = 0
         t0                       = 0
         sigma                    = 0
       z:
         E0                       = 0
         omega                    = 0
         t0                       = 0
         sigma                    = 0
     density-guided-simulation:
       active                     = false
       group                      = protein
       similarity-measure         = inner-product
       atom-spreading-weight      = unity
       force-constant             = 1e+09
       gaussian-transform-spreading-width = 0.2
       gaussian-transform-spreading-range-in-multiples-of-width = 4
       reference-density-filename = reference.mrc
       nst                        = 1
       normalize-densities        = true
       adaptive-force-scaling     = false
       adaptive-force-scaling-time-constant = 4
       shift-vector               = 
       transformation-matrix      = 
     qmmm-cp2k:
       active                     = false
       qmgroup                    = System
       qmmethod                   = PBE
       qmfilenames                = 
       qmcharge                   = 0
       qmmultiplicity             = 1
     colvars:
       active                     = false
       configfile                 = 
       seed                       = -1
     nnpot:
       active                     = false
       modelfile                  = model.pt
       input-group                = System
       link-type                  = H
       link-distance              = 0.1
       pair-cutoff                = 0
       embedding                  = mechanical
       nnp-charge                 = 0
       model-input1               = 
       model-input2               = 
       model-input3               = 
       model-input4               = 
       model-input5               = 
       model-input6               = 
       model-input7               = 
       model-input8               = 
       model-input9               = 
   fast-multipole-method:
     fmm:
       backend                    = inactive
       exafmm-order               = 6
       exafmm-direct-range        = 2
       exafmm-direct-provider     = GROMACS
       exafmm-tree-type           = uniform
       exafmm-tree-depth          = 0
       exafmm-max-particles-per-cell = 0
       fmsolvr-order              = 8
       fmsolvr-direct-range       = 1
       fmsolvr-direct-provider    = FMM
       fmsolvr-dipole-compensation = true
       fmsolvr-tree-depth         = 3
       fmsolvr-sparse             = false
grpopts:
   nrdf:        9789
   ref-t:           0
   tau-t:           0
annealing:          No
annealing-npoints:           0
   acc:	           0           0           0
   nfreeze:           N           N           N
   energygrp-flags[  0]: 0


Initializing Domain Decomposition on 32 ranks
NOTE: disabling dynamic load balancing as it is only supported with dynamics, not with integrator 'steep'.
Dynamic load balancing: off
Using update groups, nr 1736, average size 2.8 atoms, max. radius 0.084 nm
Minimum cell size due to atom displacement: 0.000 nm
Initial maximum distances in bonded interactions:
    two-body bonded interactions: 0.399 nm, LJ-14, atoms 66 74
  multi-body bonded interactions: 0.399 nm, Proper Dih., atoms 66 74
Minimum cell size due to bonded interactions: 0.439 nm
Guess for relative PME load: 0.34
Will use 20 particle-particle and 12 PME only ranks
This is a guess, check the performance at the end of the log file
Using 12 separate PME ranks, as guessed by mdrun
Optimizing the DD grid for 20 cells with a minimum initial size of 0.439 nm
The maximum allowed number of cells is: X 10 Y 9 Z 8
Domain decomposition grid 4 x 5 x 1, separate PME ranks 12
PME domain decomposition: 4 x 3 x 1
Interleaving PP and PME ranks
This rank does only particle-particle work.
Domain decomposition rank 0, coordinates 0 0 0

The initial number of communication pulses is: X 2 Y 2
The initial domain decomposition cell size is: X 1.14 nm Y 0.84 nm

The maximum allowed distance for atom groups involved in interactions is:
                 non-bonded interactions           1.168 nm
            two-body bonded interactions  (-rdd)   1.168 nm
          multi-body bonded interactions  (-rdd)   0.843 nm

Local state does not use filler particles

Using 32 MPI threads
Using 2 OpenMP threads per tMPI thread

System total charge: -0.000
Will do PME sum in reciprocal space for electrostatic interactions.

++++ PLEASE READ AND CITE THE FOLLOWING REFERENCE ++++
U. Essmann, L. Perera, M. L. Berkowitz, T. Darden, H. Lee, L. G. Pedersen 
A smooth particle mesh Ewald method
J. Chem. Phys. (1995)
https://doi.org/10.1063/1.470117
-------- -------- --- Thank You --- -------- --------

Using a Gaussian width (1/beta) of 0.320163 nm for Ewald
Potential shift: LJ r^-12: -1.000e+00 r^-6: -1.000e+00, Ewald -1.000e-05
Initialized non-bonded Coulomb Ewald tables, spacing: 9.33e-04 size: 1073

Generated table with 1000 data points for 1-4 COUL.
Tabscale = 500 points/nm
Generated table with 1000 data points for 1-4 LJ6.
Tabscale = 500 points/nm
Generated table with 1000 data points for 1-4 LJ12.
Tabscale = 500 points/nm


Using SIMD4xM 4x8 nonbonded short-range kernels

Using a 4x8 pair-list setup:
  updated every 1 steps, buffer 0.000 nm, rlist 1.000 nm

Using Lorentz-Berthelot Lennard-Jones combination rule
Removing pbc first time

Linking all bonded interactions to atoms


Pinning threads with an auto-selected logical cpu stride of 1

++++ PLEASE READ AND CITE THE FOLLOWING REFERENCE ++++
S. Miyamoto, P. A. Kollman
SETTLE: An Analytical Version of the SHAKE and RATTLE Algorithms for Rigid
Water Models
J. Comp. Chem. (1992)
https://doi.org/10.1002/jcc.540130805
-------- -------- --- Thank You --- -------- --------


Note that activating steepest-descent energy minimization via the integrator .mdp option and the command gmx mdrun may be available in a different form in a future version of GROMACS, e.g. gmx minimize and an .mdp option.
Initiating Steepest Descents

Atom distribution over 20 domains: av 239 stddev 34 min 186 max 295
Started Steepest Descents on rank 0 Mon Jun  8 16:22:27 2026


Steepest Descents:
   Tolerance (Fmax)   =  1.00000e+03
   Number of steps    =        50000
           Step           Time
              0        0.00000

   Energies (kJ/mol)
           Bond          Angle    Proper Dih. Per. Imp. Dih.          LJ-14
    5.91235e+01    3.32075e+02    5.72944e+02    6.59615e+00    2.82480e+02
     Coulomb-14        LJ (SR)   Coulomb (SR)   Coul. recip.      Potential
    3.80186e+03    4.18596e+08   -7.18083e+04    2.86043e+03    4.18532e+08
 Pressure (bar)
    3.99835e+08


DD  step 0 load imb.: force 139.9%  pme mesh/force 1.601
           Step           Time
              1        1.00000

   Energies (kJ/mol)
           Bond          Angle    Proper Dih. Per. Imp. Dih.          LJ-14
    7.37364e+01    3.35045e+02    5.73533e+02    6.63840e+00    2.82871e+02
     Coulomb-14        LJ (SR)   Coulomb (SR)   Coul. recip.      Potential
    3.80158e+03    7.11789e+07   -7.18112e+04    2.86059e+03    7.11151e+07
 Pressure (bar)
    6.79961e+07

           Step           Time
              2        2.00000

   Energies (kJ/mol)
           Bond          Angle    Proper Dih. Per. Imp. Dih.          LJ-14
    1.83603e+02    3.58210e+02    5.78281e+02    7.10348e+00    2.84436e+02
     Coulomb-14        LJ (SR)   Coulomb (SR)   Coul. recip.      Potential
    3.80165e+03    8.14753e+06   -7.18095e+04    2.86044e+03    8.08379e+06
 Pressure (bar)
    7.78802e+06

           Step           Time
              3        3.00000

   Energies (kJ/mol)
           Bond          Angle    Proper Dih. Per. Imp. Dih.          LJ-14
    5.22731e+02    4.38211e+02    5.80959e+02    7.19118e+00    2.93975e+02
     Coulomb-14        LJ (SR)   Coulomb (SR)   Coul. recip.      Potential
    3.80165e+03    7.69901e+05   -7.18104e+04    2.86036e+03    7.06596e+05
 Pressure (bar)
    7.39684e+05

           Step           Time
              4        4.00000

   Energies (kJ/mol)
           Bond          Angle    Proper Dih. Per. Imp. Dih.          LJ-14
    1.16515e+03    5.90000e+02    5.85593e+02    7.32807e+00    3.09788e+02
     Coulomb-14        LJ (SR)   Coulomb (SR)   Coul. recip.      Potential
    3.80190e+03    1.42497e+05   -7.18099e+04    2.86023e+03    8.00067e+04
 Pressure (bar)
    1.39797e+05

           Step           Time
              5        5.00000

   Energies (kJ/mol)
           Bond          Angle    Proper Dih. Per. Imp. Dih.          LJ-14
    2.59919e+03    8.61646e+02    5.95955e+02    8.35335e+00    3.63166e+02
     Coulomb-14        LJ (SR)   Coulomb (SR)   Coul. recip.      Potential
    3.80184e+03    3.39712e+04   -7.18094e+04    2.86022e+03   -2.67479e+04
 Pressure (bar)
    3.56631e+04

           Step           Time
              6        6.00000

   Energies (kJ/mol)
           Bond          Angle    Proper Dih. Per. Imp. Dih.          LJ-14
    5.62836e+03    9.61021e+02    6.27281e+02    1.32179e+01    5.14755e+02
     Coulomb-14        LJ (SR)   Coulomb (SR)   Coul. recip.      Potential
    3.79884e+03    1.28708e+04   -7.17802e+04    2.86054e+03   -4.45054e+04
 Pressure (bar)
    1.50143e+04

           Step           Time
              7        7.00000

   Energies (kJ/mol)
           Bond          Angle    Proper Dih. Per. Imp. Dih.          LJ-14
    5.32846e+03    7.21230e+02    6.18693e+02    1.29235e+01    4.06059e+02
     Coulomb-14        LJ (SR)   Coulomb (SR)   Coul. recip.      Potential
    3.79540e+03    1.19950e+04   -7.17737e+04    2.84998e+03   -4.60460e+04
 Pressure (bar)
    1.41041e+04

           Step           Time
              8        8.00000

   Energies (kJ/mol)
           Bond          Angle    Proper Dih. Per. Imp. Dih.          LJ-14
    4.56905e+03    6.42472e+02    6.27956e+02    1.52581e+01    3.61641e+02
     Coulomb-14        LJ (SR)   Coulomb (SR)   Coul. recip.      Potential
    3.79105e+03    1.15701e+04   -7.18310e+04    2.83457e+03   -4.74189e+04
 Pressure (bar)
    1.37785e+04

           Step           Time
              9        9.00000

           Step           Time
             10       10.00000

   Energies (kJ/mol)
           Bond          Angle    Proper Dih. Per. Imp. Dih.          LJ-14
    4.95813e+03    6.08274e+02    6.29188e+02    1.54909e+01    3.57074e+02
     Coulomb-14        LJ (SR)   Coulomb (SR)   Coul. recip.      Potential
    3.78982e+03    9.93419e+03   -7.18578e+04    2.82923e+03   -4.87365e+04
 Pressure (bar)
    1.20849e+04

           Step           Time
             11       11.00000

   Energies (kJ/mol)
           Bond          Angle    Proper Dih. Per. Imp. Dih.          LJ-14
    2.97303e+03    5.47465e+02    6.35161e+02    1.65429e+01    3.23514e+02
     Coulomb-14        LJ (SR)   Coulomb (SR)   Coul. recip.      Potential
    3.78337e+03    1.02072e+04   -7.20125e+04    2.79849e+03   -5.07278e+04
 Pressure (bar)
    1.26396e+04

           Step           Time
             12       12.00000

   Energies (kJ/mol)
           Bond          Angle    Proper Dih. Per. Imp. Dih.          LJ-14
    3.27056e+03    5.41052e+02    6.38997e+02    1.74521e+01    3.23013e+02
     Coulomb-14        LJ (SR)   Coulomb (SR)   Coul. recip.      Potential
    3.78136e+03    9.90834e+03   -7.21005e+04    2.78332e+03   -5.08364e+04
 Pressure (bar)
    1.22425e+04

           Step           Time
             13       13.00000

   Energies (kJ/mol)
           Bond          Angle    Proper Dih. Per. Imp. Dih.          LJ-14
    2.46839e+03    5.43882e+02    6.37910e+02    1.92402e+01    3.14784e+02
     Coulomb-14        LJ (SR)   Coulomb (SR)   Coul. recip.      Potential
    3.77934e+03    9.30504e+03   -7.22101e+04    2.76372e+03   -5.23778e+04
 Pressure (bar)
    1.18182e+04

           Step           Time
             14       14.00000

   Energies (kJ/mol)
           Bond          Angle    Proper Dih. Per. Imp. Dih.          LJ-14
    2.12234e+03    5.91436e+02    6.47134e+02    1.99427e+01    3.08378e+02
     Coulomb-14        LJ (SR)   Coulomb (SR)   Coul. recip.      Potential
    3.77419e+03    9.43077e+03   -7.24118e+04    2.73149e+03   -5.27862e+04
 Pressure (bar)
    1.19128e+04

           Step           Time
             15       15.00000

   Energies (kJ/mol)
           Bond          Angle    Proper Dih. Per. Imp. Dih.          LJ-14
    1.44227e+03    6.16577e+02    6.58358e+02    3.56486e+01    3.47561e+02
     Coulomb-14        LJ (SR)   Coulomb (SR)   Coul. recip.      Potential
    3.78101e+03    8.53564e+03   -7.25654e+04    2.70610e+03   -5.44422e+04
 Pressure (bar)
    1.12600e+04

           Step           Time
             16       16.00000

   Energies (kJ/mol)
           Bond          Angle    Proper Dih. Per. Imp. Dih.          LJ-14
    1.23155e+03    8.20541e+02    6.69612e+02    2.59037e+01    3.19421e+02
     Coulomb-14        LJ (SR)   Coulomb (SR)   Coul. recip.      Potential
    3.75657e+03    8.23580e+03   -7.29640e+04    2.64393e+03   -5.52606e+04
 Pressure (bar)
    1.08953e+04

           Step           Time
             17       17.00000

   Energies (kJ/mol)
           Bond          Angle    Proper Dih. Per. Imp. Dih.          LJ-14
    1.23652e+03    1.03630e+03    6.93349e+02    7.98862e+01    4.66587e+02
     Coulomb-14        LJ (SR)   Coulomb (SR)   Coul. recip.      Potential
    3.79237e+03    7.67915e+03   -7.33095e+04    2.60328e+03   -5.57220e+04
 Pressure (bar)
    1.04434e+04

           Step           Time
             18       18.00000

           Step           Time
             19       19.00000

   Energies (kJ/mol)
           Bond          Angle    Proper Dih. Per. Imp. Dih.          LJ-14
    4.31725e+02    7.28607e+02    6.85984e+02    4.35197e+01    3.33980e+02
     Coulomb-14        LJ (SR)   Coulomb (SR)   Coul. recip.      Potential
    3.75147e+03    7.53342e+03   -7.35104e+04    2.56069e+03   -5.74410e+04
 Pressure (bar)
    1.04955e+04

           Step           Time
             20       20.00000

           Step           Time
             21       21.00000

   Energies (kJ/mol)
           Bond          Angle    Proper Dih. Per. Imp. Dih.          LJ-14
    7.60382e+02    7.35257e+02    6.60653e+02    2.93787e+01    2.88692e+02
     Coulomb-14        LJ (SR)   Coulomb (SR)   Coul. recip.      Potential
    3.76464e+03    7.46543e+03   -7.38932e+04    2.52435e+03   -5.76644e+04
 Pressure (bar)
    1.02229e+04

           Step           Time
             22       22.00000

   Energies (kJ/mol)
           Bond          Angle    Proper Dih. Per. Imp. Dih.          LJ-14
    4.90620e+02    6.70296e+02    6.67165e+02    2.32499e+01    2.78117e+02
     Coulomb-14        LJ (SR)   Coulomb (SR)   Coul. recip.      Potential
    3.73130e+03    7.45863e+03   -7.40868e+04    2.47946e+03   -5.82880e+04
 Pressure (bar)
    1.02950e+04

           Step           Time
             23       23.00000

           Step           Time
             24       24.00000

   Energies (kJ/mol)
           Bond          Angle    Proper Dih. Per. Imp. Dih.          LJ-14
    1.91513e+02    5.61984e+02    6.56424e+02    2.24049e+01    2.65069e+02
     Coulomb-14        LJ (SR)   Coulomb (SR)   Coul. recip.      Potential
    3.74316e+03    7.41988e+03   -7.42506e+04    2.46852e+03   -5.89216e+04
 Pressure (bar)
    1.02443e+04

           Step           Time
             25       25.00000

           Step           Time
             26       26.00000

   Energies (kJ/mol)
           Bond          Angle    Proper Dih. Per. Imp. Dih.          LJ-14
    1.69237e+02    5.45128e+02    6.56481e+02    1.98739e+01    2.57045e+02
     Coulomb-14        LJ (SR)   Coulomb (SR)   Coul. recip.      Potential
    3.72885e+03    7.41905e+03   -7.44656e+04    2.43325e+03   -5.92366e+04
 Pressure (bar)
    1.02198e+04

           Step           Time
             27       27.00000

   Energies (kJ/mol)
           Bond          Angle    Proper Dih. Per. Imp. Dih.          LJ-14
    2.59380e+02    5.26499e+02    6.49172e+02    1.89306e+01    2.48480e+02
     Coulomb-14        LJ (SR)   Coulomb (SR)   Coul. recip.      Potential
    3.73382e+03    7.38752e+03   -7.47193e+04    2.40927e+03   -5.94862e+04
 Pressure (bar)
    1.00913e+04

           Step           Time
             28       28.00000

   Energies (kJ/mol)
           Bond          Angle    Proper Dih. Per. Imp. Dih.          LJ-14
    2.21615e+02    5.16514e+02    6.52250e+02    1.82611e+01    2.43708e+02
     Coulomb-14        LJ (SR)   Coulomb (SR)   Coul. recip.      Potential
    3.71709e+03    7.40270e+03   -7.49029e+04    2.37572e+03   -5.97551e+04
 Pressure (bar)
    1.01050e+04

           Step           Time
             29       29.00000

   Energies (kJ/mol)
           Bond          Angle    Proper Dih. Per. Imp. Dih.          LJ-14
    4.23515e+02    5.28299e+02    6.43983e+02    1.82056e+01    2.39709e+02
     Coulomb-14        LJ (SR)   Coulomb (SR)   Coul. recip.      Potential
    3.72742e+03    7.36750e+03   -7.51379e+04    2.35853e+03   -5.98308e+04
 Pressure (bar)
    9.95336e+03

           Step           Time
             30       30.00000

   Energies (kJ/mol)
           Bond          Angle    Proper Dih. Per. Imp. Dih.          LJ-14
    3.74546e+02    5.21585e+02    6.49801e+02    1.78198e+01    2.35706e+02
     Coulomb-14        LJ (SR)   Coulomb (SR)   Coul. recip.      Potential
    3.70615e+03    7.39738e+03   -7.53032e+04    2.32366e+03   -6.00765e+04
 Pressure (bar)
    1.00018e+04

           Step           Time
             31       31.00000

           Step           Time
             32       32.00000

   Energies (kJ/mol)
           Bond          Angle    Proper Dih. Per. Imp. Dih.          LJ-14
    9.26370e+01    4.40735e+02    6.42766e+02    1.76462e+01    2.32207e+02
     Coulomb-14        LJ (SR)   Coulomb (SR)   Coul. recip.      Potential
    3.71533e+03    7.37003e+03   -7.54104e+04    2.31846e+03   -6.05805e+04
 Pressure (bar)
    9.99106e+03

           Step           Time
             33       33.00000

   Energies (kJ/mol)
           Bond          Angle    Proper Dih. Per. Imp. Dih.          LJ-14
    5.17350e+02    5.07241e+02    6.43683e+02    1.67642e+01    2.24966e+02
     Coulomb-14        LJ (SR)   Coulomb (SR)   Coul. recip.      Potential
    3.69330e+03    7.39647e+03   -7.59067e+04    2.24811e+03   -6.06588e+04
 Pressure (bar)
    9.87553e+03

           Step           Time
             34       34.00000

   Energies (kJ/mol)
           Bond          Angle    Proper Dih. Per. Imp. Dih.          LJ-14
    1.63797e+02    4.20494e+02    6.34708e+02    1.67364e+01    2.22120e+02
     Coulomb-14        LJ (SR)   Coulomb (SR)   Coul. recip.      Potential
    3.70712e+03    7.35998e+03   -7.60172e+04    2.24642e+03   -6.12458e+04
 Pressure (bar)
    9.85620e+03

           Step           Time
             35       35.00000

           Step           Time
             36       36.00000

   Energies (kJ/mol)
           Bond          Angle    Proper Dih. Per. Imp. Dih.          LJ-14
    1.32638e+02    4.04229e+02    6.36638e+02    1.63708e+01    2.19385e+02
     Coulomb-14        LJ (SR)   Coulomb (SR)   Coul. recip.      Potential
    3.69611e+03    7.37547e+03   -7.61456e+04    2.22393e+03   -6.14409e+04
 Pressure (bar)
    9.88163e+03

           Step           Time
             37       37.00000

   Energies (kJ/mol)
           Bond          Angle    Proper Dih. Per. Imp. Dih.          LJ-14
    2.54482e+02    4.26115e+02    6.30342e+02    1.63082e+01    2.18171e+02
     Coulomb-14        LJ (SR)   Coulomb (SR)   Coul. recip.      Potential
    3.70392e+03    7.35752e+03   -7.63285e+04    2.21072e+03   -6.15109e+04
 Pressure (bar)
    9.78475e+03

           Step           Time
             38       38.00000

   Energies (kJ/mol)
           Bond          Angle    Proper Dih. Per. Imp. Dih.          LJ-14
    2.16250e+02    4.07598e+02    6.34015e+02    1.59350e+01    2.15195e+02
     Coulomb-14        LJ (SR)   Coulomb (SR)   Coul. recip.      Potential
    3.68922e+03    7.37956e+03   -7.64494e+04    2.18657e+03   -6.17051e+04
 Pressure (bar)
    9.82722e+03

           Step           Time
             39       39.00000

           Step           Time
             40       40.00000

   Energies (kJ/mol)
           Bond          Angle    Proper Dih. Per. Imp. Dih.          LJ-14
    6.86978e+01    3.72477e+02    6.29177e+02    1.57954e+01    2.13821e+02
     Coulomb-14        LJ (SR)   Coulomb (SR)   Coul. recip.      Potential
    3.69585e+03    7.36527e+03   -7.65328e+04    2.18231e+03   -6.19894e+04
 Pressure (bar)
    9.81248e+03

           Step           Time
             41       41.00000

   Energies (kJ/mol)
           Bond          Angle    Proper Dih. Per. Imp. Dih.          LJ-14
    2.90809e+02    4.02804e+02    6.29154e+02    1.50989e+01    2.09389e+02
     Coulomb-14        LJ (SR)   Coulomb (SR)   Coul. recip.      Potential
    3.68127e+03    7.38760e+03   -7.68686e+04    2.13624e+03   -6.21162e+04
 Pressure (bar)
    9.76050e+03

           Step           Time
             42       42.00000

   Energies (kJ/mol)
           Bond          Angle    Proper Dih. Per. Imp. Dih.          LJ-14
    1.10475e+02    3.64971e+02    6.23005e+02    1.49969e+01    2.08082e+02
     Coulomb-14        LJ (SR)   Coulomb (SR)   Coul. recip.      Potential
    3.69135e+03    7.36914e+03   -7.69578e+04    2.13370e+03   -6.24421e+04
 Pressure (bar)
    9.73771e+03

           Step           Time
             43       43.00000

           Step           Time
             44       44.00000

   Energies (kJ/mol)
           Bond          Angle    Proper Dih. Per. Imp. Dih.          LJ-14
    8.77557e+01    3.50968e+02    6.24134e+02    1.47531e+01    2.06136e+02
     Coulomb-14        LJ (SR)   Coulomb (SR)   Coul. recip.      Potential
    3.68319e+03    7.38053e+03   -7.70552e+04    2.11754e+03   -6.25902e+04
 Pressure (bar)
    9.75635e+03

           Step           Time
             45       45.00000

   Energies (kJ/mol)
           Bond          Angle    Proper Dih. Per. Imp. Dih.          LJ-14
    1.63803e+02    3.67622e+02    6.19294e+02    1.45838e+01    2.05051e+02
     Coulomb-14        LJ (SR)   Coulomb (SR)   Coul. recip.      Potential
    3.68909e+03    7.37310e+03   -7.72105e+04    2.10519e+03   -6.26728e+04
 Pressure (bar)
    9.69106e+03

           Step           Time
             46       46.00000

   Energies (kJ/mol)
           Bond          Angle    Proper Dih. Per. Imp. Dih.          LJ-14
    1.32490e+02    3.50492e+02    6.21538e+02    1.43507e+01    2.02947e+02
     Coulomb-14        LJ (SR)   Coulomb (SR)   Coul. recip.      Potential
    3.67780e+03    7.38825e+03   -7.73042e+04    2.08769e+03   -6.28287e+04
 Pressure (bar)
    9.72189e+03

           Step           Time
             47       47.00000

           Step           Time
             48       48.00000

   Energies (kJ/mol)
           Bond          Angle    Proper Dih. Per. Imp. Dih.          LJ-14
    5.76387e+01    3.34660e+02    6.18160e+02    1.42151e+01    2.02075e+02
     Coulomb-14        LJ (SR)   Coulomb (SR)   Coul. recip.      Potential
    3.68301e+03    7.38150e+03   -7.73748e+04    2.08327e+03   -6.30003e+04
 Pressure (bar)
    9.70665e+03

           Step           Time
             49       49.00000

   Energies (kJ/mol)
           Bond          Angle    Proper Dih. Per. Imp. Dih.          LJ-14
    1.79615e+02    3.47957e+02    6.17781e+02    1.37815e+01    1.99151e+02
     Coulomb-14        LJ (SR)   Coulomb (SR)   Coul. recip.      Potential
    3.67184e+03    7.39895e+03   -7.76100e+04    2.05166e+03   -6.31292e+04
 Pressure (bar)
    9.68124e+03

           Step           Time
             50       50.00000

   Energies (kJ/mol)
           Bond          Angle    Proper Dih. Per. Imp. Dih.          LJ-14
    8.86294e+01    3.30835e+02    6.13518e+02    1.36475e+01    1.98196e+02
     Coulomb-14        LJ (SR)   Coulomb (SR)   Coul. recip.      Potential
    3.68037e+03    7.39000e+03   -7.76878e+04    2.04791e+03   -6.33247e+04
 Pressure (bar)
    9.65932e+03

           Step           Time
             51       51.00000

           Step           Time
             52       52.00000

   Energies (kJ/mol)
           Bond          Angle    Proper Dih. Per. Imp. Dih.          LJ-14
    6.69038e+01    3.20160e+02    6.14101e+02    1.34941e+01    1.96939e+02
     Coulomb-14        LJ (SR)   Coulomb (SR)   Coul. recip.      Potential
    3.67332e+03    7.39857e+03   -7.77631e+04    2.03611e+03   -6.34435e+04
 Pressure (bar)
    9.67375e+03

           Step           Time
             53       53.00000

   Energies (kJ/mol)
           Bond          Angle    Proper Dih. Per. Imp. Dih.          LJ-14
    1.41880e+02    3.32860e+02    6.10288e+02    1.32750e+01    1.95614e+02
     Coulomb-14        LJ (SR)   Coulomb (SR)   Coul. recip.      Potential
    3.67902e+03    7.39755e+03   -7.79088e+04    2.02299e+03   -6.35153e+04
 Pressure (bar)
    9.62299e+03

           Step           Time
             54       54.00000

   Energies (kJ/mol)
           Bond          Angle    Proper Dih. Per. Imp. Dih.          LJ-14
    1.08925e+02    3.19808e+02    6.11531e+02    1.31374e+01    1.94388e+02
     Coulomb-14        LJ (SR)   Coulomb (SR)   Coul. recip.      Potential
    3.66832e+03    7.40855e+03   -7.79823e+04    2.01046e+03   -6.36472e+04
 Pressure (bar)
    9.64654e+03

           Step           Time
             55       55.00000

   Energies (kJ/mol)
           Bond          Angle    Proper Dih. Per. Imp. Dih.          LJ-14
    1.59751e+02    3.26841e+02    6.08048e+02    1.29697e+01    1.93351e+02
     Coulomb-14        LJ (SR)   Coulomb (SR)   Coul. recip.      Potential
    3.67694e+03    7.40550e+03   -7.80844e+04    2.00246e+03   -6.36985e+04
 Pressure (bar)
    9.60492e+03

           Step           Time
             56       56.00000

   Energies (kJ/mol)
           Bond          Angle    Proper Dih. Per. Imp. Dih.          LJ-14
    1.34906e+02    3.17280e+02    6.09054e+02    1.28523e+01    1.92426e+02
     Coulomb-14        LJ (SR)   Coulomb (SR)   Coul. recip.      Potential
    3.66530e+03    7.41600e+03   -7.81555e+04    1.99098e+03   -6.38167e+04
 Pressure (bar)
    9.62483e+03

           Step           Time
             57       57.00000

   Energies (kJ/mol)
           Bond          Angle    Proper Dih. Per. Imp. Dih.          LJ-14
    2.08458e+02    3.24815e+02    6.05913e+02    1.26739e+01    1.91197e+02
     Coulomb-14        LJ (SR)   Coulomb (SR)   Coul. recip.      Potential
    3.67531e+03    7.41390e+03   -7.82524e+04    1.98295e+03   -6.38371e+04
 Pressure (bar)
    9.58266e+03

           Step           Time
             58       58.00000

   Energies (kJ/mol)
           Bond          Angle    Proper Dih. Per. Imp. Dih.          LJ-14
    1.96247e+02    3.19509e+02    6.06667e+02    1.25786e+01    1.90649e+02
     Coulomb-14        LJ (SR)   Coulomb (SR)   Coul. recip.      Potential
    3.66206e+03    7.42402e+03   -7.83210e+04    1.97266e+03   -6.39366e+04
 Pressure (bar)
    9.59841e+03

           Step           Time
             59       59.00000

           Step           Time
             60       60.00000

   Energies (kJ/mol)
           Bond          Angle    Proper Dih. Per. Imp. Dih.          LJ-14
    4.67602e+01    2.97796e+02    6.05114e+02    1.24590e+01    1.89564e+02
     Coulomb-14        LJ (SR)   Coulomb (SR)   Coul. recip.      Potential
    3.66827e+03    7.42302e+03   -7.83673e+04    1.96797e+03   -6.41563e+04
 Pressure (bar)
    9.61354e+03

           Step           Time
             61       61.00000

   Energies (kJ/mol)
           Bond          Angle    Proper Dih. Per. Imp. Dih.          LJ-14
    2.25674e+02    3.09663e+02    6.01805e+02    1.20342e+01    1.87504e+02
     Coulomb-14        LJ (SR)   Coulomb (SR)   Coul. recip.      Potential
    3.65832e+03    7.43983e+03   -7.86208e+04    1.93913e+03   -6.42468e+04
 Pressure (bar)
    9.56679e+03

           Step           Time
             62       62.00000

   Energies (kJ/mol)
           Bond          Angle    Proper Dih. Per. Imp. Dih.          LJ-14
    7.26741e+01    2.90969e+02    6.00930e+02    1.19144e+01    1.85963e+02
     Coulomb-14        LJ (SR)   Coulomb (SR)   Coul. recip.      Potential
    3.66514e+03    7.44137e+03   -7.86727e+04    1.93271e+03   -6.44710e+04
 Pressure (bar)
    9.58125e+03

           Step           Time
             63       63.00000

           Step           Time
             64       64.00000

   Energies (kJ/mol)
           Bond          Angle    Proper Dih. Per. Imp. Dih.          LJ-14
    7.22396e+01    2.90328e+02    6.00027e+02    1.18239e+01    1.85727e+02
     Coulomb-14        LJ (SR)   Coulomb (SR)   Coul. recip.      Potential
    3.66020e+03    7.44631e+03   -7.87376e+04    1.92566e+03   -6.45453e+04
 Pressure (bar)
    9.58054e+03

           Step           Time
             65       65.00000

   Energies (kJ/mol)
           Bond          Angle    Proper Dih. Per. Imp. Dih.          LJ-14
    1.05592e+02    2.89907e+02    5.98966e+02    1.16772e+01    1.84363e+02
     Coulomb-14        LJ (SR)   Coulomb (SR)   Coul. recip.      Potential
    3.66390e+03    7.45110e+03   -7.88195e+04    1.91591e+03   -6.45981e+04
 Pressure (bar)
    9.56650e+03

           Step           Time
             66       66.00000

   Energies (kJ/mol)
           Bond          Angle    Proper Dih. Per. Imp. Dih.          LJ-14
    1.07342e+02    2.90833e+02    5.97999e+02    1.15973e+01    1.84297e+02
     Coulomb-14        LJ (SR)   Coulomb (SR)   Coul. recip.      Potential
    3.65753e+03    7.45628e+03   -7.88817e+04    1.90962e+03   -6.46662e+04
 Pressure (bar)
    9.56387e+03

           Step           Time
             67       67.00000

   Energies (kJ/mol)
           Bond          Angle    Proper Dih. Per. Imp. Dih.          LJ-14
    1.72226e+02    2.92916e+02    5.97090e+02    1.14478e+01    1.82796e+02
     Coulomb-14        LJ (SR)   Coulomb (SR)   Coul. recip.      Potential
    3.66315e+03    7.46125e+03   -7.89617e+04    1.89982e+03   -6.46810e+04
 Pressure (bar)
    9.54641e+03

           Step           Time
             68       68.00000

   Energies (kJ/mol)
           Bond          Angle    Proper Dih. Per. Imp. Dih.          LJ-14
    1.82974e+02    2.96505e+02    5.96031e+02    1.13805e+01    1.83006e+02
     Coulomb-14        LJ (SR)   Coulomb (SR)   Coul. recip.      Potential
    3.65455e+03    7.46671e+03   -7.90214e+04    1.89438e+03   -6.47358e+04
 Pressure (bar)
    9.54160e+03

           Step           Time
             69       69.00000

           Step           Time
             70       70.00000

   Energies (kJ/mol)
           Bond          Angle    Proper Dih. Per. Imp. Dih.          LJ-14
    4.30596e+01    2.78280e+02    5.95648e+02    1.12980e+01    1.81959e+02
     Coulomb-14        LJ (SR)   Coulomb (SR)   Coul. recip.      Potential
    3.65881e+03    7.46923e+03   -7.90604e+04    1.88881e+03   -6.49333e+04
 Pressure (bar)
    9.56540e+03

           Step           Time
             71       71.00000

   Energies (kJ/mol)
           Bond          Angle    Proper Dih. Per. Imp. Dih.          LJ-14
    2.49517e+02    2.94513e+02    5.92276e+02    1.09569e+01    1.80568e+02
     Coulomb-14        LJ (SR)   Coulomb (SR)   Coul. recip.      Potential
    3.64976e+03    7.48949e+03   -7.92941e+04    1.86322e+03   -6.49638e+04
 Pressure (bar)
    9.51950e+03

           Step           Time
             72       72.00000

   Energies (kJ/mol)
           Bond          Angle    Proper Dih. Per. Imp. Dih.          LJ-14
    7.29852e+01    2.74090e+02    5.91913e+02    1.08575e+01    1.79042e+02
     Coulomb-14        LJ (SR)   Coulomb (SR)   Coul. recip.      Potential
    3.65627e+03    7.49283e+03   -7.93394e+04    1.85686e+03   -6.52045e+04
 Pressure (bar)
    9.54299e+03

           Step           Time
             73       73.00000

           Step           Time
             74       74.00000

   Energies (kJ/mol)
           Bond          Angle    Proper Dih. Per. Imp. Dih.          LJ-14
    7.56388e+01    2.74324e+02    5.90975e+02    1.07818e+01    1.79005e+02
     Coulomb-14        LJ (SR)   Coulomb (SR)   Coul. recip.      Potential
    3.65155e+03    7.49839e+03   -7.93961e+04    1.85109e+03   -6.52644e+04
 Pressure (bar)
    9.54312e+03

           Step           Time
             75       75.00000

   Energies (kJ/mol)
           Bond          Angle    Proper Dih. Per. Imp. Dih.          LJ-14
    1.10945e+02    2.74779e+02    5.90248e+02    1.06611e+01    1.77810e+02
     Coulomb-14        LJ (SR)   Coulomb (SR)   Coul. recip.      Potential
    3.65551e+03    7.50455e+03   -7.94667e+04    1.84249e+03   -6.52997e+04
 Pressure (bar)
    9.53285e+03

           Step           Time
             76       76.00000

   Energies (kJ/mol)
           Bond          Angle    Proper Dih. Per. Imp. Dih.          LJ-14
    1.17018e+02    2.76649e+02    5.89254e+02    1.05953e+01    1.77922e+02
     Coulomb-14        LJ (SR)   Coulomb (SR)   Coul. recip.      Potential
    3.64915e+03    7.51033e+03   -7.95209e+04    1.83740e+03   -6.53526e+04
 Pressure (bar)
    9.53056e+03

           Step           Time
             77       77.00000

           Step           Time
             78       78.00000

   Energies (kJ/mol)
           Bond          Angle    Proper Dih. Per. Imp. Dih.          LJ-14
    3.92576e+01    2.66239e+02    5.88945e+02    1.05301e+01    1.77159e+02
     Coulomb-14        LJ (SR)   Coulomb (SR)   Coul. recip.      Potential
    3.65221e+03    7.51345e+03   -7.95558e+04    1.83268e+03   -6.54753e+04
 Pressure (bar)
    9.54399e+03

           Step           Time
             79       79.00000

   Energies (kJ/mol)
           Bond          Angle    Proper Dih. Per. Imp. Dih.          LJ-14
    1.51512e+02    2.74373e+02    5.86026e+02    1.02333e+01    1.75866e+02
     Coulomb-14        LJ (SR)   Coulomb (SR)   Coul. recip.      Potential
    3.64529e+03    7.53560e+03   -7.97633e+04    1.80998e+03   -6.55744e+04
 Pressure (bar)
    9.51967e+03

           Step           Time
             80       80.00000

   Energies (kJ/mol)
           Bond          Angle    Proper Dih. Per. Imp. Dih.          LJ-14
    5.69484e+01    2.62571e+02    5.85703e+02    1.01548e+01    1.74819e+02
     Coulomb-14        LJ (SR)   Coulomb (SR)   Coul. recip.      Potential
    3.65006e+03    7.53954e+03   -7.98041e+04    1.80455e+03   -6.57198e+04
 Pressure (bar)
    9.53292e+03

           Step           Time
             81       81.00000

           Step           Time
             82       82.00000

   Energies (kJ/mol)
           Bond          Angle    Proper Dih. Per. Imp. Dih.          LJ-14
    5.57361e+01    2.62403e+02    5.84908e+02    1.00881e+01    1.74710e+02
     Coulomb-14        LJ (SR)   Coulomb (SR)   Coul. recip.      Potential
    3.64644e+03    7.54549e+03   -7.98546e+04    1.79932e+03   -6.57755e+04
 Pressure (bar)
    9.53389e+03

           Step           Time
             83       83.00000

   Energies (kJ/mol)
           Bond          Angle    Proper Dih. Per. Imp. Dih.          LJ-14
    7.93459e+01    2.62366e+02    5.84223e+02    9.98218e+00    1.73790e+02
     Coulomb-14        LJ (SR)   Coulomb (SR)   Coul. recip.      Potential
    3.64933e+03    7.55267e+03   -7.99207e+04    1.79148e+03   -6.58175e+04
 Pressure (bar)
    9.52828e+03

           Step           Time
             84       84.00000

   Energies (kJ/mol)
           Bond          Angle    Proper Dih. Per. Imp. Dih.          LJ-14
    7.74034e+01    2.62922e+02    5.83393e+02    9.92298e+00    1.73783e+02
     Coulomb-14        LJ (SR)   Coulomb (SR)   Coul. recip.      Potential
    3.64446e+03    7.55881e+03   -7.99692e+04    1.78671e+03   -6.58718e+04
 Pressure (bar)
    9.52837e+03

           Step           Time
             85       85.00000

   Energies (kJ/mol)
           Bond          Angle    Proper Dih. Per. Imp. Dih.          LJ-14
    1.24306e+02    2.64778e+02    5.82812e+02    9.81437e+00    1.72772e+02
     Coulomb-14        LJ (SR)   Coulomb (SR)   Coul. recip.      Potential
    3.64895e+03    7.56608e+03   -8.00348e+04    1.77880e+03   -6.58864e+04
 Pressure (bar)
    9.51994e+03

           Step           Time
             86       86.00000

   Energies (kJ/mol)
           Bond          Angle    Proper Dih. Per. Imp. Dih.          LJ-14
    1.24371e+02    2.66543e+02    5.81917e+02    9.76390e+00    1.72931e+02
     Coulomb-14        LJ (SR)   Coulomb (SR)   Coul. recip.      Potential
    3.64220e+03    7.57247e+03   -8.00816e+04    1.77452e+03   -6.59368e+04
 Pressure (bar)
    9.51929e+03

           Step           Time
             87       87.00000

           Step           Time
             88       88.00000

   Energies (kJ/mol)
           Bond          Angle    Proper Dih. Per. Imp. Dih.          LJ-14
    3.88322e+01    2.55433e+02    5.81680e+02    9.70414e+00    1.72243e+02
     Coulomb-14        LJ (SR)   Coulomb (SR)   Coul. recip.      Potential
    3.64564e+03    7.57610e+03   -8.01139e+04    1.77013e+03   -6.60641e+04
 Pressure (bar)
    9.53568e+03

           Step           Time
             89       89.00000

   Energies (kJ/mol)
           Bond          Angle    Proper Dih. Per. Imp. Dih.          LJ-14
    1.64942e+02    2.66349e+02    5.79404e+02    9.48068e+00    1.71476e+02
     Coulomb-14        LJ (SR)   Coulomb (SR)   Coul. recip.      Potential
    3.63894e+03    7.59836e+03   -8.02813e+04    1.75208e+03   -6.61002e+04
 Pressure (bar)
    9.51517e+03

           Step           Time
             90       90.00000

   Energies (kJ/mol)
           Bond          Angle    Proper Dih. Per. Imp. Dih.          LJ-14
    6.04255e+01    2.53851e+02    5.79158e+02    9.40765e+00    1.70488e+02
     Coulomb-14        LJ (SR)   Coulomb (SR)   Coul. recip.      Potential
    3.64426e+03    7.60284e+03   -8.03196e+04    1.74701e+03   -6.62521e+04
 Pressure (bar)
    9.53111e+03

           Step           Time
             91       91.00000

           Step           Time
             92       92.00000

   Energies (kJ/mol)
           Bond          Angle    Proper Dih. Per. Imp. Dih.          LJ-14
    5.64230e+01    2.53552e+02    5.78473e+02    9.35434e+00    1.70465e+02
     Coulomb-14        LJ (SR)   Coulomb (SR)   Coul. recip.      Potential
    3.64045e+03    7.60925e+03   -8.03637e+04    1.74244e+03   -6.63033e+04
 Pressure (bar)
    9.53411e+03

           Step           Time
             93       93.00000

   Energies (kJ/mol)
           Bond          Angle    Proper Dih. Per. Imp. Dih.          LJ-14
    8.70958e+01    2.54604e+02    5.77896e+02    9.25667e+00    1.69647e+02
     Coulomb-14        LJ (SR)   Coulomb (SR)   Coul. recip.      Potential
    3.64377e+03    7.61750e+03   -8.04265e+04    1.73507e+03   -6.63317e+04
 Pressure (bar)
    9.52893e+03

           Step           Time
             94       94.00000

   Energies (kJ/mol)
           Bond          Angle    Proper Dih. Per. Imp. Dih.          LJ-14
    8.10384e+01    2.54906e+02    5.77162e+02    9.21024e+00    1.69707e+02
     Coulomb-14        LJ (SR)   Coulomb (SR)   Coul. recip.      Potential
    3.63859e+03    7.62414e+03   -8.04695e+04    1.73086e+03   -6.63839e+04
 Pressure (bar)
    9.53104e+03

           Step           Time
             95       95.00000

           Step           Time
             96       96.00000

   Energies (kJ/mol)
           Bond          Angle    Proper Dih. Per. Imp. Dih.          LJ-14
    3.72785e+01    2.48862e+02    5.76920e+02    9.15775e+00    1.69199e+02
     Coulomb-14        LJ (SR)   Coulomb (SR)   Coul. recip.      Potential
    3.64114e+03    7.62825e+03   -8.05004e+04    1.72694e+03   -6.64626e+04
 Pressure (bar)
    9.54007e+03

           Step           Time
             97       97.00000

   Energies (kJ/mol)
           Bond          Angle    Proper Dih. Per. Imp. Dih.          LJ-14
    1.01895e+02    2.54340e+02    5.75198e+02    8.98404e+00    1.68565e+02
     Coulomb-14        LJ (SR)   Coulomb (SR)   Coul. recip.      Potential
    3.63618e+03    7.64857e+03   -8.06346e+04    1.71242e+03   -6.65285e+04
 Pressure (bar)
    9.53239e+03

           Step           Time
             98       98.00000

   Energies (kJ/mol)
           Bond          Angle    Proper Dih. Per. Imp. Dih.          LJ-14
    5.09394e+01    2.47550e+02    5.74948e+02    8.91998e+00    1.67874e+02
     Coulomb-14        LJ (SR)   Coulomb (SR)   Coul. recip.      Potential
    3.64008e+03    7.65363e+03   -8.06713e+04    1.70783e+03   -6.66196e+04
 Pressure (bar)
    9.54145e+03

           Step           Time
             99       99.00000

           Step           Time
            100      100.00000

   Energies (kJ/mol)
           Bond          Angle    Proper Dih. Per. Imp. Dih.          LJ-14
    4.41208e+01    2.46934e+02    5.74394e+02    8.87427e+00    1.67802e+02
     Coulomb-14        LJ (SR)   Coulomb (SR)   Coul. recip.      Potential
    3.63718e+03    7.65996e+03   -8.07102e+04    1.70374e+03   -6.66672e+04
 Pressure (bar)
    9.54485e+03

           Step           Time
            101      101.00000

   Energies (kJ/mol)
           Bond          Angle    Proper Dih. Per. Imp. Dih.          LJ-14
    6.75196e+01    2.47587e+02    5.73792e+02    8.77800e+00    1.67124e+02
     Coulomb-14        LJ (SR)   Coulomb (SR)   Coul. recip.      Potential
    3.63954e+03    7.66982e+03   -8.07753e+04    1.69627e+03   -6.67049e+04
 Pressure (bar)
    9.54289e+03

           Step           Time
            102      102.00000

   Energies (kJ/mol)
           Bond          Angle    Proper Dih. Per. Imp. Dih.          LJ-14
    5.62109e+01    2.47029e+02    5.73200e+02    8.73685e+00    1.67104e+02
     Coulomb-14        LJ (SR)   Coulomb (SR)   Coul. recip.      Potential
    3.63559e+03    7.67647e+03   -8.08139e+04    1.69234e+03   -6.67572e+04
 Pressure (bar)
    9.54644e+03

           Step           Time
            103      103.00000

   Energies (kJ/mol)
           Bond          Angle    Proper Dih. Per. Imp. Dih.          LJ-14
    9.96835e+01    2.49420e+02    5.72704e+02    8.63977e+00    1.66387e+02
     Coulomb-14        LJ (SR)   Coulomb (SR)   Coul. recip.      Potential
    3.63931e+03    7.68619e+03   -8.08769e+04    1.68508e+03   -6.67695e+04
 Pressure (bar)
    9.54200e+03

           Step           Time
            104      104.00000

   Energies (kJ/mol)
           Bond          Angle    Proper Dih. Per. Imp. Dih.          LJ-14
    8.34092e+01    2.48981e+02    5.72053e+02    8.60501e+00    1.66457e+02
     Coulomb-14        LJ (SR)   Coulomb (SR)   Coul. recip.      Potential
    3.63379e+03    7.69326e+03   -8.09151e+04    1.68135e+03   -6.68272e+04
 Pressure (bar)
    9.54620e+03

           Step           Time
            105      105.00000

           Step           Time
            106      106.00000

   Energies (kJ/mol)
           Bond          Angle    Proper Dih. Per. Imp. Dih.          LJ-14
    3.84642e+01    2.42836e+02    5.71858e+02    8.55273e+00    1.65995e+02
     Coulomb-14        LJ (SR)   Coulomb (SR)   Coul. recip.      Potential
    3.63664e+03    7.69802e+03   -8.09456e+04    1.67755e+03   -6.69057e+04
 Pressure (bar)
    9.55671e+03

           Step           Time
            107      107.00000

   Energies (kJ/mol)
           Bond          Angle    Proper Dih. Per. Imp. Dih.          LJ-14
    1.07645e+02    2.49466e+02    5.70558e+02    8.42398e+00    1.65626e+02
     Coulomb-14        LJ (SR)   Coulomb (SR)   Coul. recip.      Potential
    3.63173e+03    7.71738e+03   -8.10535e+04    1.66610e+03   -6.69366e+04
 Pressure (bar)
    9.55077e+03

           Step           Time
            108      108.00000

   Energies (kJ/mol)
           Bond          Angle    Proper Dih. Per. Imp. Dih.          LJ-14
    5.54389e+01    2.42627e+02    5.70363e+02    8.36002e+00    1.64979e+02
     Coulomb-14        LJ (SR)   Coulomb (SR)   Coul. recip.      Potential
    3.63606e+03    7.72325e+03   -8.10898e+04    1.66171e+03   -6.70270e+04
 Pressure (bar)
    9.56131e+03

           Step           Time
            109      109.00000

           Step           Time
            110      110.00000

   Energies (kJ/mol)
           Bond          Angle    Proper Dih. Per. Imp. Dih.          LJ-14
    4.37810e+01    2.41597e+02    5.69891e+02    8.32382e+00    1.64952e+02
     Coulomb-14        LJ (SR)   Coulomb (SR)   Coul. recip.      Potential
    3.63299e+03    7.73000e+03   -8.11244e+04    1.65810e+03   -6.70748e+04
 Pressure (bar)
    9.56659e+03

           Step           Time
            111      111.00000

   Energies (kJ/mol)
           Bond          Angle    Proper Dih. Per. Imp. Dih.          LJ-14
    7.55706e+01    2.43214e+02    5.69351e+02    8.22703e+00    1.64328e+02
     Coulomb-14        LJ (SR)   Coulomb (SR)   Coul. recip.      Potential
    3.63566e+03    7.74213e+03   -8.11916e+04    1.65066e+03   -6.71025e+04
 Pressure (bar)
    9.56554e+03

           Step           Time
            112      112.00000

   Energies (kJ/mol)
           Bond          Angle    Proper Dih. Per. Imp. Dih.          LJ-14
    5.70535e+01    2.42018e+02    5.68829e+02    8.19522e+00    1.64339e+02
     Coulomb-14        LJ (SR)   Coulomb (SR)   Coul. recip.      Potential
    3.63145e+03    7.74947e+03   -8.12266e+04    1.64718e+03   -6.71581e+04
 Pressure (bar)
    9.57141e+03

           Step           Time
            113      113.00000

           Step           Time
            114      114.00000

   Energies (kJ/mol)
           Bond          Angle    Proper Dih. Per. Imp. Dih.          LJ-14
    3.79848e+01    2.38941e+02    5.68614e+02    8.14552e+00    1.63979e+02
     Coulomb-14        LJ (SR)   Coulomb (SR)   Coul. recip.      Potential
    3.63353e+03    7.75536e+03   -8.12584e+04    1.64355e+03   -6.72083e+04
 Pressure (bar)
    9.57795e+03

           Step           Time
            115      115.00000

   Energies (kJ/mol)
           Bond          Angle    Proper Dih. Per. Imp. Dih.          LJ-14
    6.91246e+01    2.41920e+02    5.67704e+02    8.05277e+00    1.63696e+02
     Coulomb-14        LJ (SR)   Coulomb (SR)   Coul. recip.      Potential
    3.62995e+03    7.77228e+03   -8.13398e+04    1.63519e+03   -6.72519e+04
 Pressure (bar)
    9.57948e+03

           Step           Time
            116      116.00000

   Energies (kJ/mol)
           Bond          Angle    Proper Dih. Per. Imp. Dih.          LJ-14
    4.94376e+01    2.38647e+02    5.67486e+02    7.99294e+00    1.63223e+02
     Coulomb-14        LJ (SR)   Coulomb (SR)   Coul. recip.      Potential
    3.63311e+03    7.77955e+03   -8.13771e+04    1.63107e+03   -6.73065e+04
 Pressure (bar)
    9.58633e+03

           Step           Time
            117      117.00000

   Energies (kJ/mol)
           Bond          Angle    Proper Dih. Per. Imp. Dih.          LJ-14
    9.28642e+01    2.43533e+02    5.66763e+02    7.93429e+00    1.63169e+02
     Coulomb-14        LJ (SR)   Coulomb (SR)   Coul. recip.      Potential
    3.62848e+03    7.79303e+03   -8.14366e+04    1.62535e+03   -6.73155e+04
 Pressure (bar)
    9.58512e+03

           Step           Time
            118      118.00000

   Energies (kJ/mol)
           Bond          Angle    Proper Dih. Per. Imp. Dih.          LJ-14
    7.65351e+01    2.40306e+02    5.66575e+02    7.86420e+00    1.62576e+02
     Coulomb-14        LJ (SR)   Coulomb (SR)   Coul. recip.      Potential
    3.63315e+03    7.80147e+03   -8.14784e+04    1.62082e+03   -6.73691e+04
 Pressure (bar)
    9.59232e+03

           Step           Time
            119      119.00000

           Step           Time
            120      120.00000

   Energies (kJ/mol)
           Bond          Angle    Proper Dih. Per. Imp. Dih.          LJ-14
    3.71479e+01    2.36555e+02    5.66221e+02    7.84409e+00    1.62587e+02
     Coulomb-14        LJ (SR)   Coulomb (SR)   Coul. recip.      Potential
    3.62996e+03    7.80763e+03   -8.15032e+04    1.61842e+03   -6.74368e+04
 Pressure (bar)
    9.60288e+03

           Step           Time
            121      121.00000

   Energies (kJ/mol)
           Bond          Angle    Proper Dih. Per. Imp. Dih.          LJ-14
    1.07568e+02    2.41390e+02    5.65324e+02    7.69178e+00    1.61819e+02
     Coulomb-14        LJ (SR)   Coulomb (SR)   Coul. recip.      Potential
    3.63247e+03    7.83459e+03   -8.16202e+04    1.60682e+03   -6.74626e+04
 Pressure (bar)
    9.60569e+03

           Step           Time
            122      122.00000

   Energies (kJ/mol)
           Bond          Angle    Proper Dih. Per. Imp. Dih.          LJ-14
    4.64017e+01    2.36147e+02    5.64902e+02    7.67659e+00    1.61809e+02
     Coulomb-14        LJ (SR)   Coulomb (SR)   Coul. recip.      Potential
    3.62809e+03    7.84174e+03   -8.16465e+04    1.60453e+03   -6.75552e+04
 Pressure (bar)
    9.61877e+03

           Step           Time
            123      123.00000

           Step           Time
            124      124.00000

   Energies (kJ/mol)
           Bond          Angle    Proper Dih. Per. Imp. Dih.          LJ-14
    4.85749e+01    2.35085e+02    5.64628e+02    7.61405e+00    1.61457e+02
     Coulomb-14        LJ (SR)   Coulomb (SR)   Coul. recip.      Potential
    3.63031e+03    7.85209e+03   -8.16902e+04    1.60033e+03   -6.75901e+04
 Pressure (bar)
    9.62560e+03

           Step           Time
            125      125.00000

   Energies (kJ/mol)
           Bond          Angle    Proper Dih. Per. Imp. Dih.          LJ-14
    5.69788e+01    2.36354e+02    5.64123e+02    7.57639e+00    1.61378e+02
     Coulomb-14        LJ (SR)   Coulomb (SR)   Coul. recip.      Potential
    3.62688e+03    7.86358e+03   -8.17338e+04    1.59662e+03   -6.76203e+04
 Pressure (bar)
    9.62969e+03

           Step           Time
            126      126.00000

   Energies (kJ/mol)
           Bond          Angle    Proper Dih. Per. Imp. Dih.          LJ-14
    6.76693e+01    2.36035e+02    5.63877e+02    7.50780e+00    1.60946e+02
     Coulomb-14        LJ (SR)   Coulomb (SR)   Coul. recip.      Potential
    3.63028e+03    7.87468e+03   -8.17802e+04    1.59234e+03   -6.76469e+04
 Pressure (bar)
    9.63518e+03

           Step           Time
            127      127.00000

   Energies (kJ/mol)
           Bond          Angle    Proper Dih. Per. Imp. Dih.          LJ-14
    7.88304e+01    2.37954e+02    5.63360e+02    7.48197e+00    1.60965e+02
     Coulomb-14        LJ (SR)   Coulomb (SR)   Coul. recip.      Potential
    3.62550e+03    7.88573e+03   -8.18202e+04    1.58921e+03   -6.76711e+04
 Pressure (bar)
    9.63899e+03

           Step           Time
            128      128.00000

   Energies (kJ/mol)
           Bond          Angle    Proper Dih. Per. Imp. Dih.          LJ-14
    1.07174e+02    2.39209e+02    5.63174e+02    7.40616e+00    1.60447e+02
     Coulomb-14        LJ (SR)   Coulomb (SR)   Coul. recip.      Potential
    3.63057e+03    7.89712e+03   -8.18683e+04    1.58493e+03   -6.76782e+04
 Pressure (bar)
    9.64177e+03

           Step           Time
            129      129.00000

   Energies (kJ/mol)
           Bond          Angle    Proper Dih. Per. Imp. Dih.          LJ-14
    1.24542e+02    2.42393e+02    5.62611e+02    7.39437e+00    1.60582e+02
     Coulomb-14        LJ (SR)   Coulomb (SR)   Coul. recip.      Potential
    3.62383e+03    7.90793e+03   -8.19054e+04    1.58234e+03   -6.76938e+04
 Pressure (bar)
    9.64429e+03

           Step           Time
            130      130.00000

           Step           Time
            131      131.00000

   Energies (kJ/mol)
           Bond          Angle    Proper Dih. Per. Imp. Dih.          LJ-14
    3.53540e+01    2.31692e+02    5.62550e+02    7.34848e+00    1.60176e+02
     Coulomb-14        LJ (SR)   Coulomb (SR)   Coul. recip.      Potential
    3.62757e+03    7.91359e+03   -8.19298e+04    1.57985e+03   -6.78117e+04
 Pressure (bar)
    9.66497e+03

           Step           Time
            132      132.00000

   Energies (kJ/mol)
           Bond          Angle    Proper Dih. Per. Imp. Dih.          LJ-14
    1.60482e+02    2.42760e+02    5.61070e+02    7.19856e+00    1.59831e+02
     Coulomb-14        LJ (SR)   Coulomb (SR)   Coul. recip.      Potential
    3.62133e+03    7.95804e+03   -8.20935e+04    1.56699e+03   -6.78158e+04
 Pressure (bar)
    9.67217e+03

           Step           Time
            133      133.00000

   Energies (kJ/mol)
           Bond          Angle    Proper Dih. Per. Imp. Dih.          LJ-14
    5.42393e+01    2.31223e+02    5.61009e+02    7.14296e+00    1.59170e+02
     Coulomb-14        LJ (SR)   Coulomb (SR)   Coul. recip.      Potential
    3.62702e+03    7.96457e+03   -8.21230e+04    1.56431e+03   -6.79543e+04
 Pressure (bar)
    9.69151e+03

           Step           Time
            134      134.00000

           Step           Time
            135      135.00000

   Energies (kJ/mol)
           Bond          Angle    Proper Dih. Per. Imp. Dih.          LJ-14
    5.57901e+01    2.31435e+02    5.60612e+02    7.12387e+00    1.59226e+02
     Coulomb-14        LJ (SR)   Coulomb (SR)   Coul. recip.      Potential
    3.62337e+03    7.97426e+03   -8.21580e+04    1.56192e+03   -6.79842e+04
 Pressure (bar)
    9.69899e+03

           Step           Time
            136      136.00000

   Energies (kJ/mol)
           Bond          Angle    Proper Dih. Per. Imp. Dih.          LJ-14
    7.80618e+01    2.32569e+02    5.60397e+02    7.06281e+00    1.58797e+02
     Coulomb-14        LJ (SR)   Coulomb (SR)   Coul. recip.      Potential
    3.62715e+03    7.98548e+03   -8.22042e+04    1.55830e+03   -6.79964e+04
 Pressure (bar)
    9.70185e+03

           Step           Time
            137      137.00000

   Energies (kJ/mol)
           Bond          Angle    Proper Dih. Per. Imp. Dih.          LJ-14
    7.91482e+01    2.33335e+02    5.59960e+02    7.05513e+00    1.58893e+02
     Coulomb-14        LJ (SR)   Coulomb (SR)   Coul. recip.      Potential
    3.62204e+03    7.99496e+03   -8.22373e+04    1.55623e+03   -6.80257e+04
 Pressure (bar)
    9.70782e+03

           Step           Time
            138      138.00000

           Step           Time
            139      139.00000

   Energies (kJ/mol)
           Bond          Angle    Proper Dih. Per. Imp. Dih.          LJ-14
    3.47988e+01    2.27750e+02    5.59882e+02    7.01867e+00    1.58605e+02
     Coulomb-14        LJ (SR)   Coulomb (SR)   Coul. recip.      Potential
    3.62483e+03    8.00049e+03   -8.22606e+04    1.55419e+03   -6.80930e+04
 Pressure (bar)
    9.71997e+03

           Step           Time
            140      140.00000

   Energies (kJ/mol)
           Bond          Angle    Proper Dih. Per. Imp. Dih.          LJ-14
    9.74568e+01    2.33314e+02    5.58890e+02    6.93360e+00    1.58367e+02
     Coulomb-14        LJ (SR)   Coulomb (SR)   Coul. recip.      Potential
    3.62036e+03    8.03130e+03   -8.23751e+04    1.54613e+03   -6.81224e+04
 Pressure (bar)
    9.72922e+03

           Step           Time
            141      141.00000

   Energies (kJ/mol)
           Bond          Angle    Proper Dih. Per. Imp. Dih.          LJ-14
    4.69442e+01    2.27137e+02    5.58818e+02    6.88794e+00    1.57950e+02
     Coulomb-14        LJ (SR)   Coulomb (SR)   Coul. recip.      Potential
    3.62454e+03    8.03786e+03   -8.24032e+04    1.54375e+03   -6.81993e+04
 Pressure (bar)
    9.74148e+03

           Step           Time
            142      142.00000

           Step           Time
            143      143.00000

   Energies (kJ/mol)
           Bond          Angle    Proper Dih. Per. Imp. Dih.          LJ-14
    4.24009e+01    2.26725e+02    5.58507e+02    6.87520e+00    1.57961e+02
     Coulomb-14        LJ (SR)   Coulomb (SR)   Coul. recip.      Potential
    3.62175e+03    8.04618e+03   -8.24330e+04    1.54177e+03   -6.82308e+04
 Pressure (bar)
    9.74843e+03

           Step           Time
            144      144.00000

   Energies (kJ/mol)
           Bond          Angle    Proper Dih. Per. Imp. Dih.          LJ-14
    6.20540e+01    2.27553e+02    5.58261e+02    6.82041e+00    1.57629e+02
     Coulomb-14        LJ (SR)   Coulomb (SR)   Coul. recip.      Potential
    3.62450e+03    8.05837e+03   -8.24814e+04    1.53816e+03   -6.82480e+04
 Pressure (bar)
    9.75303e+03

           Step           Time
            145      145.00000

   Energies (kJ/mol)
           Bond          Angle    Proper Dih. Per. Imp. Dih.          LJ-14
    5.35402e+01    2.27172e+02    5.57918e+02    6.81551e+00    1.57665e+02
     Coulomb-14        LJ (SR)   Coulomb (SR)   Coul. recip.      Potential
    3.62063e+03    8.06671e+03   -8.25103e+04    1.53636e+03   -6.82835e+04
 Pressure (bar)
    9.75982e+03

           Step           Time
            146      146.00000

           Step           Time
            147      147.00000

   Energies (kJ/mol)
           Bond          Angle    Proper Dih. Per. Imp. Dih.          LJ-14
    3.45075e+01    2.24345e+02    5.57823e+02    6.78426e+00    1.57458e+02
     Coulomb-14        LJ (SR)   Coulomb (SR)   Coul. recip.      Potential
    3.62268e+03    8.07262e+03   -8.25341e+04    1.53447e+03   -6.83234e+04
 Pressure (bar)
    9.76771e+03

           Step           Time
            148      148.00000

   Energies (kJ/mol)
           Bond          Angle    Proper Dih. Per. Imp. Dih.          LJ-14
    6.27460e+01    2.26896e+02    5.57198e+02    6.73840e+00    1.57313e+02
     Coulomb-14        LJ (SR)   Coulomb (SR)   Coul. recip.      Potential
    3.61946e+03    8.09316e+03   -8.26091e+04    1.52943e+03   -6.83561e+04
 Pressure (bar)
    9.77625e+03

           Step           Time
            149      149.00000

   Energies (kJ/mol)
           Bond          Angle    Proper Dih. Per. Imp. Dih.          LJ-14
    4.29401e+01    2.23836e+02    5.57105e+02    6.69915e+00    1.57029e+02
     Coulomb-14        LJ (SR)   Coulomb (SR)   Coul. recip.      Potential
    3.62252e+03    8.10016e+03   -8.26374e+04    1.52719e+03   -6.84000e+04
 Pressure (bar)
    9.78448e+03

           Step           Time
            150      150.00000

           Step           Time
            151      151.00000

   Energies (kJ/mol)
           Bond          Angle    Proper Dih. Per. Imp. Dih.          LJ-14
    3.52969e+01    2.23147e+02    5.56868e+02    6.69029e+00    1.57018e+02
     Coulomb-14        LJ (SR)   Coulomb (SR)   Coul. recip.      Potential
    3.62041e+03    8.10709e+03   -8.26618e+04    1.52560e+03   -6.84297e+04
 Pressure (bar)
    9.79068e+03

           Step           Time
            152      152.00000

   Energies (kJ/mol)
           Bond          Angle    Proper Dih. Per. Imp. Dih.          LJ-14
    5.32377e+01    2.23721e+02    5.56549e+02    6.63461e+00    1.56720e+02
     Coulomb-14        LJ (SR)   Coulomb (SR)   Coul. recip.      Potential
    3.62232e+03    8.12236e+03   -8.27200e+04    1.52145e+03   -6.84570e+04
 Pressure (bar)
    9.79813e+03

           Step           Time
            153      153.00000

   Energies (kJ/mol)
           Bond          Angle    Proper Dih. Per. Imp. Dih.          LJ-14
    3.98718e+01    2.22772e+02    5.56285e+02    6.63120e+00    1.56722e+02
     Coulomb-14        LJ (SR)   Coulomb (SR)   Coul. recip.      Potential
    3.61939e+03    8.12952e+03   -8.27445e+04    1.51995e+03   -6.84934e+04
 Pressure (bar)
    9.80492e+03

           Step           Time
            154      154.00000

   Energies (kJ/mol)
           Bond          Angle    Proper Dih. Per. Imp. Dih.          LJ-14
    7.25063e+01    2.24638e+02    5.56044e+02    6.57403e+00    1.56425e+02
     Coulomb-14        LJ (SR)   Coulomb (SR)   Coul. recip.      Potential
    3.62235e+03    8.14354e+03   -8.27984e+04    1.51609e+03   -6.85002e+04
 Pressure (bar)
    9.80951e+03

           Step           Time
            155      155.00000

   Energies (kJ/mol)
           Bond          Angle    Proper Dih. Per. Imp. Dih.          LJ-14
    5.11934e+01    2.23285e+02    5.55739e+02    6.57814e+00    1.56452e+02
     Coulomb-14        LJ (SR)   Coulomb (SR)   Coul. recip.      Potential
    3.61820e+03    8.15101e+03   -8.28230e+04    1.51469e+03   -6.85458e+04
 Pressure (bar)
    9.81752e+03

           Step           Time
            156      156.00000

           Step           Time
            157      157.00000

   Energies (kJ/mol)
           Bond          Angle    Proper Dih. Per. Imp. Dih.          LJ-14
    3.61254e+01    2.20712e+02    5.55655e+02    6.54594e+00    1.56265e+02
     Coulomb-14        LJ (SR)   Coulomb (SR)   Coul. recip.      Potential
    3.62043e+03    8.15743e+03   -8.28480e+04    1.51275e+03   -6.85821e+04
 Pressure (bar)
    9.82552e+03

           Step           Time
            158      158.00000

   Energies (kJ/mol)
           Bond          Angle    Proper Dih. Per. Imp. Dih.          LJ-14
    6.16964e+01    2.23469e+02    5.55211e+02    6.52393e+00    1.56210e+02
     Coulomb-14        LJ (SR)   Coulomb (SR)   Coul. recip.      Potential
    3.61713e+03    8.17285e+03   -8.29021e+04    1.50936e+03   -6.85996e+04
 Pressure (bar)
    9.83109e+03

           Step           Time
            159      159.00000

   Energies (kJ/mol)
           Bond          Angle    Proper Dih. Per. Imp. Dih.          LJ-14
    4.73417e+01    2.20778e+02    5.55136e+02    6.48392e+00    1.55947e+02
     Coulomb-14        LJ (SR)   Coulomb (SR)   Coul. recip.      Potential
    3.62045e+03    8.18024e+03   -8.29312e+04    1.50713e+03   -6.86377e+04
 Pressure (bar)
    9.83908e+03

           Step           Time
            160      160.00000

           Step           Time
            161      161.00000

   Energies (kJ/mol)
           Bond          Angle    Proper Dih. Per. Imp. Dih.          LJ-14
    3.36248e+01    2.19624e+02    5.54936e+02    6.48124e+00    1.55950e+02
     Coulomb-14        LJ (SR)   Coulomb (SR)   Coul. recip.      Potential
    3.61820e+03    8.18630e+03   -8.29516e+04    1.50587e+03   -6.86706e+04
 Pressure (bar)
    9.84576e+03

           Step           Time
            162      162.00000

   Energies (kJ/mol)
           Bond          Angle    Proper Dih. Per. Imp. Dih.          LJ-14
    6.07230e+01    2.20863e+02    5.54583e+02    6.42067e+00    1.55651e+02
     Coulomb-14        LJ (SR)   Coulomb (SR)   Coul. recip.      Potential
    3.62020e+03    8.20536e+03   -8.30218e+04    1.50105e+03   -6.86969e+04
 Pressure (bar)
    9.85468e+03

           Step           Time
            163      163.00000

   Energies (kJ/mol)
           Bond          Angle    Proper Dih. Per. Imp. Dih.          LJ-14
    3.79587e+01    2.19196e+02    5.54349e+02    6.42369e+00    1.55655e+02
     Coulomb-14        LJ (SR)   Coulomb (SR)   Coul. recip.      Potential
    3.61707e+03    8.21180e+03   -8.30428e+04    1.49984e+03   -6.87405e+04
 Pressure (bar)
    9.86243e+03

           Step           Time
            164      164.00000

           Step           Time
            165      165.00000

   Energies (kJ/mol)
           Bond          Angle    Proper Dih. Per. Imp. Dih.          LJ-14
    3.64140e+01    2.18120e+02    5.54227e+02    6.39339e+00    1.55499e+02
     Coulomb-14        LJ (SR)   Coulomb (SR)   Coul. recip.      Potential
    3.61867e+03    8.21980e+03   -8.30725e+04    1.49772e+03   -6.87657e+04
 Pressure (bar)
    9.86901e+03

           Step           Time
            166      166.00000

   Energies (kJ/mol)
           Bond          Angle    Proper Dih. Per. Imp. Dih.          LJ-14
    4.25101e+01    2.19006e+02    5.53937e+02    6.38238e+00    1.55458e+02
     Coulomb-14        LJ (SR)   Coulomb (SR)   Coul. recip.      Potential
    3.61624e+03    8.23040e+03   -8.31088e+04    1.49552e+03   -6.87893e+04
 Pressure (bar)
    9.87480e+03

           Step           Time
            167      167.00000

   Energies (kJ/mol)
           Bond          Angle    Proper Dih. Per. Imp. Dih.          LJ-14
    4.47838e+01    2.18113e+02    5.53823e+02    6.34607e+00    1.55259e+02
     Coulomb-14        LJ (SR)   Coulomb (SR)   Coul. recip.      Potential
    3.61864e+03    8.23926e+03   -8.31419e+04    1.49316e+03   -6.88126e+04
 Pressure (bar)
    9.88118e+03

           Step           Time
            168      168.00000

   Energies (kJ/mol)
           Bond          Angle    Proper Dih. Per. Imp. Dih.          LJ-14
    5.20139e+01    2.19479e+02    5.53536e+02    6.34412e+00    1.55269e+02
     Coulomb-14        LJ (SR)   Coulomb (SR)   Coul. recip.      Potential
    3.61527e+03    8.24885e+03   -8.31737e+04    1.49135e+03   -6.88316e+04
 Pressure (bar)
    9.88615e+03

           Step           Time
            169      169.00000

   Energies (kJ/mol)
           Bond          Angle    Proper Dih. Per. Imp. Dih.          LJ-14
    6.25606e+01    2.19106e+02    5.53451e+02    6.30064e+00    1.55023e+02
     Coulomb-14        LJ (SR)   Coulomb (SR)   Coul. recip.      Potential
    3.61883e+03    8.25821e+03   -8.32093e+04    1.48881e+03   -6.88470e+04
 Pressure (bar)
    9.89160e+03

           Step           Time
            170      170.00000

   Energies (kJ/mol)
           Bond          Angle    Proper Dih. Per. Imp. Dih.          LJ-14
    7.19624e+01    2.21220e+02    5.53140e+02    6.30905e+00    1.55088e+02
     Coulomb-14        LJ (SR)   Coulomb (SR)   Coul. recip.      Potential
    3.61409e+03    8.26739e+03   -8.32384e+04    1.48731e+03   -6.88619e+04
 Pressure (bar)
    9.89570e+03

           Step           Time
            171      171.00000

           Step           Time
            172      172.00000

   Energies (kJ/mol)
           Bond          Angle    Proper Dih. Per. Imp. Dih.          LJ-14
    3.13701e+01    2.15919e+02    5.53115e+02    6.28088e+00    1.54898e+02
     Coulomb-14        LJ (SR)   Coulomb (SR)   Coul. recip.      Potential
    3.61669e+03    8.27217e+03   -8.32569e+04    1.48579e+03   -6.89207e+04
 Pressure (bar)
    9.90712e+03

           Step           Time
            173      173.00000

   Energies (kJ/mol)
           Bond          Angle    Proper Dih. Per. Imp. Dih.          LJ-14
    8.54417e+01    2.20756e+02    5.52294e+02    6.22069e+00    1.54718e+02
     Coulomb-14        LJ (SR)   Coulomb (SR)   Coul. recip.      Potential
    3.61235e+03    8.31072e+03   -8.33880e+04    1.47763e+03   -6.89678e+04
 Pressure (bar)
    9.92562e+03

           Step           Time
            174      174.00000

   Energies (kJ/mol)
           Bond          Angle    Proper Dih. Per. Imp. Dih.          LJ-14
    4.05575e+01    2.15019e+02    5.52272e+02    6.18546e+00    1.54401e+02
     Coulomb-14        LJ (SR)   Coulomb (SR)   Coul. recip.      Potential
    3.61625e+03    8.31663e+03   -8.34111e+04    1.47583e+03   -6.90340e+04
 Pressure (bar)
    9.93648e+03

           Step           Time
            175      175.00000

           Step           Time
            176      176.00000

   Energies (kJ/mol)
           Bond          Angle    Proper Dih. Per. Imp. Dih.          LJ-14
    3.94507e+01    2.15295e+02    5.52060e+02    6.18373e+00    1.54428e+02
     Coulomb-14        LJ (SR)   Coulomb (SR)   Coul. recip.      Potential
    3.61369e+03    8.32487e+03   -8.34378e+04    1.47432e+03   -6.90575e+04
 Pressure (bar)
    9.94317e+03

           Step           Time
            177      177.00000

   Energies (kJ/mol)
           Bond          Angle    Proper Dih. Per. Imp. Dih.          LJ-14
    5.21114e+01    2.15402e+02    5.51944e+02    6.14761e+00    1.54213e+02
     Coulomb-14        LJ (SR)   Coulomb (SR)   Coul. recip.      Potential
    3.61628e+03    8.33543e+03   -8.34759e+04    1.47176e+03   -6.90726e+04
 Pressure (bar)
    9.94872e+03

           Step           Time
            178      178.00000

   Energies (kJ/mol)
           Bond          Angle    Proper Dih. Per. Imp. Dih.          LJ-14
    4.89117e+01    2.15947e+02    5.51709e+02    6.15344e+00    1.54256e+02
     Coulomb-14        LJ (SR)   Coulomb (SR)   Coul. recip.      Potential
    3.61270e+03    8.34357e+03   -8.35014e+04    1.47043e+03   -6.90977e+04
 Pressure (bar)
    9.95490e+03

           Step           Time
            179      179.00000

   Energies (kJ/mol)
           Bond          Angle    Proper Dih. Per. Imp. Dih.          LJ-14
    7.51059e+01    2.17000e+02    5.51636e+02    6.10996e+00    1.54018e+02
     Coulomb-14        LJ (SR)   Coulomb (SR)   Coul. recip.      Potential
    3.61654e+03    8.35410e+03   -8.35401e+04    1.46779e+03   -6.90978e+04
 Pressure (bar)
    9.95863e+03

           Step           Time
            180      180.00000

   Energies (kJ/mol)
           Bond          Angle    Proper Dih. Per. Imp. Dih.          LJ-14
    6.97253e+01    2.17966e+02    5.51363e+02    6.12564e+00    1.54095e+02
     Coulomb-14        LJ (SR)   Coulomb (SR)   Coul. recip.      Potential
    3.61147e+03    8.36228e+03   -8.35646e+04    1.46666e+03   -6.91249e+04
 Pressure (bar)
    9.96467e+03

           Step           Time
            181      181.00000

           Step           Time
            182      182.00000

   Energies (kJ/mol)
           Bond          Angle    Proper Dih. Per. Imp. Dih.          LJ-14
    3.25884e+01    2.12840e+02    5.51348e+02    6.09721e+00    1.53912e+02
     Coulomb-14        LJ (SR)   Coulomb (SR)   Coul. recip.      Potential
    3.61429e+03    8.36745e+03   -8.35839e+04    1.46512e+03   -6.91803e+04
 Pressure (bar)
    9.97603e+03

           Step           Time
            183      183.00000

   Energies (kJ/mol)
           Bond          Angle    Proper Dih. Per. Imp. Dih.          LJ-14
    8.70990e+01    2.18769e+02    5.50866e+02    6.07801e+00    1.53896e+02
     Coulomb-14        LJ (SR)   Coulomb (SR)   Coul. recip.      Potential
    3.61009e+03    8.39142e+03   -8.36621e+04    1.46065e+03   -6.91832e+04
 Pressure (bar)
    9.98376e+03

           Step           Time
            184      184.00000

   Energies (kJ/mol)
           Bond          Angle    Proper Dih. Per. Imp. Dih.          LJ-14
    4.46318e+01    2.12921e+02    5.50863e+02    6.04146e+00    1.53604e+02
     Coulomb-14        LJ (SR)   Coulomb (SR)   Coul. recip.      Potential
    3.61429e+03    8.39758e+03   -8.36856e+04    1.45883e+03   -6.92469e+04
 Pressure (bar)
    9.99534e+03

           Step           Time
            185      185.00000

           Step           Time
            186      186.00000

   Energies (kJ/mol)
           Bond          Angle    Proper Dih. Per. Imp. Dih.          LJ-14
    3.81073e+01    2.12822e+02    5.50681e+02    6.04472e+00    1.53643e+02
     Coulomb-14        LJ (SR)   Coulomb (SR)   Coul. recip.      Potential
    3.61154e+03    8.40489e+03   -8.37083e+04    1.45761e+03   -6.92729e+04
 Pressure (bar)
    1.00022e+04

           Step           Time
            187      187.00000

   Energies (kJ/mol)
           Bond          Angle    Proper Dih. Per. Imp. Dih.          LJ-14
    5.91793e+01    2.13596e+02    5.50573e+02    6.00838e+00    1.53441e+02
     Coulomb-14        LJ (SR)   Coulomb (SR)   Coul. recip.      Potential
    3.61434e+03    8.41671e+03   -8.37497e+04    1.45492e+03   -6.92810e+04
 Pressure (bar)
    1.00074e+04

           Step           Time
            188      188.00000

   Energies (kJ/mol)
           Bond          Angle    Proper Dih. Per. Imp. Dih.          LJ-14
    4.81200e+01    2.13614e+02    5.50360e+02    6.01901e+00    1.53488e+02
     Coulomb-14        LJ (SR)   Coulomb (SR)   Coul. recip.      Potential
    3.61050e+03    8.42419e+03   -8.37721e+04    1.45384e+03   -6.93119e+04
 Pressure (bar)
    1.00143e+04

           Step           Time
            189      189.00000

           Step           Time
            190      190.00000

   Energies (kJ/mol)
           Bond          Angle    Proper Dih. Per. Imp. Dih.          LJ-14
    3.24756e+01    2.10962e+02    5.50327e+02    5.99618e+00    1.53354e+02
     Coulomb-14        LJ (SR)   Coulomb (SR)   Coul. recip.      Potential
    3.61258e+03    8.42984e+03   -8.37922e+04    1.45240e+03   -6.93443e+04
 Pressure (bar)
    1.00219e+04

           Step           Time
            191      191.00000

   Energies (kJ/mol)
           Bond          Angle    Proper Dih. Per. Imp. Dih.          LJ-14
    5.68272e+01    2.13942e+02    5.49999e+02    5.98603e+00    1.53327e+02
     Coulomb-14        LJ (SR)   Coulomb (SR)   Coul. recip.      Potential
    3.60949e+03    8.44727e+03   -8.38479e+04    1.44930e+03   -6.93617e+04
 Pressure (bar)
    1.00301e+04

           Step           Time
            192      192.00000

   Energies (kJ/mol)
           Bond          Angle    Proper Dih. Per. Imp. Dih.          LJ-14
    4.07242e+01    2.10957e+02    5.49976e+02    5.95672e+00    1.53132e+02
     Coulomb-14        LJ (SR)   Coulomb (SR)   Coul. recip.      Potential
    3.61257e+03    8.45392e+03   -8.38719e+04    1.44761e+03   -6.93970e+04
 Pressure (bar)
    1.00381e+04

           Step           Time
            193      193.00000

           Step           Time
            194      194.00000

   Energies (kJ/mol)
           Bond          Angle    Proper Dih. Per. Imp. Dih.          LJ-14
    3.24757e+01    2.10616e+02    5.49837e+02    5.95911e+00    1.53145e+02
     Coulomb-14        LJ (SR)   Coulomb (SR)   Coul. recip.      Potential
    3.61050e+03    8.46017e+03   -8.38911e+04    1.44658e+03   -6.94218e+04
 Pressure (bar)
    1.00442e+04

           Step           Time
            195      195.00000

   Energies (kJ/mol)
           Bond          Angle    Proper Dih. Per. Imp. Dih.          LJ-14
    5.05664e+01    2.11175e+02    5.49680e+02    5.92452e+00    1.52965e+02
     Coulomb-14        LJ (SR)   Coulomb (SR)   Coul. recip.      Potential
    3.61245e+03    8.47523e+03   -8.39418e+04    1.44344e+03   -6.94403e+04
 Pressure (bar)
    1.00526e+04

           Step           Time
            196      196.00000

   Energies (kJ/mol)
           Bond          Angle    Proper Dih. Per. Imp. Dih.          LJ-14
    3.66462e+01    2.10692e+02    5.49514e+02    5.93191e+00    1.52980e+02
     Coulomb-14        LJ (SR)   Coulomb (SR)   Coul. recip.      Potential
    3.60956e+03    8.48178e+03   -8.39612e+04    1.44247e+03   -6.94716e+04
 Pressure (bar)
    1.00594e+04

           Step           Time
            197      197.00000

           Step           Time
            198      198.00000

   Energies (kJ/mol)
           Bond          Angle    Proper Dih. Per. Imp. Dih.          LJ-14
    3.28009e+01    2.09419e+02    5.49461e+02    5.91213e+00    1.52876e+02
     Coulomb-14        LJ (SR)   Coulomb (SR)   Coul. recip.      Potential
    3.61106e+03    8.48855e+03   -8.39842e+04    1.44098e+03   -6.94932e+04
 Pressure (bar)
    1.00657e+04

           Step           Time
            199      199.00000

   Energies (kJ/mol)
           Bond          Angle    Proper Dih. Per. Imp. Dih.          LJ-14
    4.06467e+01    2.10736e+02    5.49249e+02    5.90814e+00    1.52850e+02
     Coulomb-14        LJ (SR)   Coulomb (SR)   Coul. recip.      Potential
    3.60881e+03    8.50043e+03   -8.40214e+04    1.43897e+03   -6.95138e+04
 Pressure (bar)
    1.00727e+04

           Step           Time
            200      200.00000

   Energies (kJ/mol)
           Bond          Angle    Proper Dih. Per. Imp. Dih.          LJ-14
    3.88833e+01    2.09404e+02    5.49202e+02    5.88344e+00    1.52709e+02
     Coulomb-14        LJ (SR)   Coulomb (SR)   Coul. recip.      Potential
    3.61104e+03    8.50817e+03   -8.40479e+04    1.43724e+03   -6.95354e+04
 Pressure (bar)
    1.00793e+04

           Step           Time
            201      201.00000

   Energies (kJ/mol)
           Bond          Angle    Proper Dih. Per. Imp. Dih.          LJ-14
    4.88471e+01    2.11378e+02    5.48999e+02    5.88752e+00    1.52728e+02
     Coulomb-14        LJ (SR)   Coulomb (SR)   Coul. recip.      Potential
    3.60795e+03    8.51825e+03   -8.40785e+04    1.43572e+03   -6.95487e+04
 Pressure (bar)
    1.00847e+04

           Step           Time
            202      202.00000

   Energies (kJ/mol)
           Bond          Angle    Proper Dih. Per. Imp. Dih.          LJ-14
    5.22338e+01    2.10149e+02    5.48974e+02    5.85629e+00    1.52548e+02
     Coulomb-14        LJ (SR)   Coulomb (SR)   Coul. recip.      Potential
    3.61123e+03    8.52664e+03   -8.41077e+04    1.43379e+03   -6.95663e+04
 Pressure (bar)
    1.00910e+04

           Step           Time
            203      203.00000

   Energies (kJ/mol)
           Bond          Angle    Proper Dih. Per. Imp. Dih.          LJ-14
    6.57194e+01    2.13094e+02    5.48755e+02    5.86943e+00    1.52612e+02
     Coulomb-14        LJ (SR)   Coulomb (SR)   Coul. recip.      Potential
    3.60688e+03    8.53598e+03   -8.41348e+04    1.43258e+03   -6.95733e+04
 Pressure (bar)
    1.00950e+04

           Step           Time
            204      204.00000

   Energies (kJ/mol)
           Bond          Angle    Proper Dih. Per. Imp. Dih.          LJ-14
    8.04073e+01    2.12439e+02    5.48768e+02    5.82925e+00    1.52384e+02
     Coulomb-14        LJ (SR)   Coulomb (SR)   Coul. recip.      Potential
    3.61169e+03    8.54475e+03   -8.41661e+04    1.43047e+03   -6.95794e+04
 Pressure (bar)
    1.01000e+04

           Step           Time
            205      205.00000

           Step           Time
            206      206.00000

   Energies (kJ/mol)
           Bond          Angle    Proper Dih. Per. Imp. Dih.          LJ-14
    2.97131e+01    2.08242e+02    5.48631e+02    5.84066e+00    1.52400e+02
     Coulomb-14        LJ (SR)   Coulomb (SR)   Coul. recip.      Potential
    3.60860e+03    8.54925e+03   -8.41784e+04    1.42986e+03   -6.96458e+04
 Pressure (bar)
    1.01122e+04


Steepest Descents converged to Fmax < 1000 in 207 steps
Potential Energy  = -6.9645812e+04
Maximum force     =  9.5850635e+02 on atom 202
Norm of force     =  5.8957856e+01

    D O M A I N   D E C O M P O S I T I O N   S T A T I S T I C S

 av. #atoms communicated per step for force:  2 x 15293.0

Finished mdrun on rank 0 Mon Jun  8 16:22:27 2026

