[INFO   ] Starting gmx_MMPBSA 0+unknown
[DEBUG  ] WDIR          : /media/med/C6761EA6761E9771/Users/MED/Desktop/Paper 3/Paper 3.2/cpx/pep1
[DEBUG  ] AMBERHOME     : /home/med/Downloads/AmberTools23/amber22
[DEBUG  ] PYTHON EXE    : None
[DEBUG  ] PYTHON VERSION: 3.10.6 (main, May 29 2023, 11:10:38) [GCC 11.3.0]
[DEBUG  ] MPI           : /usr/bin/mpirun
[DEBUG  ] ParmEd        : 4.0.0
[DEBUG  ] OS PLATFORM   : Linux-5.19.0-46-generic-x86_64-with-glibc2.35
[DEBUG  ] OS SYSTEM     : Linux
[DEBUG  ] OS VERSION    : #47~22.04.1-Ubuntu SMP PREEMPT_DYNAMIC Wed Jun 21 15:35:31 UTC 2
[DEBUG  ] OS PROCESSOR  : x86_64

[INFO   ] Command-line
  gmx_MMPBSA -O -i mmgbsa.in -cs md.tpr -cp gromacs.top -ci new_index.ndx -cg 1 13 -ct md_1_noPBC.xtc

[DEBUG  ] |Input file:
[DEBUG  ] |--------------------------------------------------------------
[DEBUG  ] |#Molecular Mechanics Generalized Born Surface Area (MM-GBSA)
[DEBUG  ] |Sample input file for GB calculation
[DEBUG  ] |#This input file is meant to show only that gmx_MMPBSA works. Although, we tried to use the input files as recommended in the
[DEBUG  ] |#Amber manual, some parameters have been changed to perform more expensive calculations in a reasonable amount of time. Feel free to change the parameters
[DEBUG  ] |#according to what is better for your system.
[DEBUG  ] |
[DEBUG  ] |&general
[DEBUG  ] |sys_name="Prot-Lig-ST",
[DEBUG  ] |startframe=1,
[DEBUG  ] |endframe=100000,
[DEBUG  ] |temperature=310
[DEBUG  ] |forcefields="oldff/leaprc.ff19SB,leaprc.gaff2"
[DEBUG  ] |/
[DEBUG  ] |&gb
[DEBUG  ] |igb=5, saltcon=0.150,
[DEBUG  ] |/
[DEBUG  ] |
[DEBUG  ] |--------------------------------------------------------------
[DEBUG  ] 
[INFO   ] Checking mmgbsa.in input file...
[INFO   ] Checking mmgbsa.in input file...Done.

[INFO   ] Checking external programs...
[INFO   ] cpptraj found! Using /home/med/Downloads/AmberTools23/amber22/bin/cpptraj
[INFO   ] tleap found! Using /home/med/Downloads/AmberTools23/amber22/bin/tleap
[INFO   ] parmchk2 found! Using /home/med/Downloads/AmberTools23/amber22/bin/parmchk2
[INFO   ] sander found! Using /home/med/Downloads/AmberTools23/amber22/bin/sander
[INFO   ] Using GROMACS version > 5.x.x!
[INFO   ] gmx found! Using /usr/local/gromacs/bin/gmx
[INFO   ] Checking external programs...Done.

[INFO   ] Building AMBER topologies from GROMACS files...
[INFO   ] Get PDB files from GROMACS structures files...
[INFO   ] Making gmx_MMPBSA index for complex...
[DEBUG  ] Running command: echo -e "name 1 GMXMMPBSA_REC\n name 13 GMXMMPBSA_LIG\n  1 | 13\n q\n" | /usr/local/gromacs/bin/gmx make_ndx -n new_index.ndx -o _GMXMMPBSA_COM_index.ndx -f md.tpr
[DEBUG  ]                      :-) GROMACS - gmx make_ndx, 2021.4 (-:
[DEBUG  ] 
[DEBUG  ]                             GROMACS is written by:
[DEBUG  ]      Andrey Alekseenko              Emile Apol              Rossen Apostolov     
[DEBUG  ]          Paul Bauer           Herman J.C. Berendsen           Par Bjelkmar       
[DEBUG  ]        Christian Blau           Viacheslav Bolnykh             Kevin Boyd        
[DEBUG  ]      Aldert van Buuren           Rudi van Drunen             Anton Feenstra      
[DEBUG  ]     Gilles Gouaillardet             Alan Gray               Gerrit Groenhof      
[DEBUG  ]        Anca Hamuraru            Vincent Hindriksen          M. Eric Irrgang      
[DEBUG  ]       Aleksei Iupinov           Christoph Junghans             Joe Jordan        
[DEBUG  ]     Dimitrios Karkoulis            Peter Kasson                Jiri Kraus        
[DEBUG  ]       Carsten Kutzner              Per Larsson              Justin A. Lemkul     
[DEBUG  ]        Viveca Lindahl            Magnus Lundborg             Erik Marklund       
[DEBUG  ]         Pascal Merz             Pieter Meulenhoff            Teemu Murtola       
[DEBUG  ]         Szilard Pall               Sander Pronk              Roland Schulz       
[DEBUG  ]        Michael Shirts            Alexey Shvetsov             Alfons Sijbers      
[DEBUG  ]        Peter Tieleman              Jon Vincent              Teemu Virolainen     
[DEBUG  ]      Christian Wennberg            Maarten Wolf              Artem Zhmurov       
[DEBUG  ]                            and the project leaders:
[DEBUG  ]         Mark Abraham, Berk Hess, Erik Lindahl, and David van der Spoel
[DEBUG  ] 
[DEBUG  ] Copyright (c) 1991-2000, University of Groningen, The Netherlands.
[DEBUG  ] Copyright (c) 2001-2019, The GROMACS development team at
[DEBUG  ] Uppsala University, Stockholm University and
[DEBUG  ] the Royal Institute of Technology, Sweden.
[DEBUG  ] check out http://www.gromacs.org for more information.
[DEBUG  ] 
[DEBUG  ] GROMACS is free software; you can redistribute it and/or modify it
[DEBUG  ] under the terms of the GNU Lesser General Public License
[DEBUG  ] as published by the Free Software Foundation; either version 2.1
[DEBUG  ] of the License, or (at your option) any later version.
[DEBUG  ] 
[DEBUG  ] GROMACS:      gmx make_ndx, version 2021.4
[DEBUG  ] Executable:   /usr/local/gromacs/bin/gmx
[DEBUG  ] Data prefix:  /usr/local/gromacs
[DEBUG  ] Working dir:  /media/med/C6761EA6761E9771/Users/MED/Desktop/Paper 3/Paper 3.2/cpx/pep1
[DEBUG  ] Command line:
[DEBUG  ]   gmx make_ndx -n new_index.ndx -o _GMXMMPBSA_COM_index.ndx -f md.tpr
[DEBUG  ] 
[DEBUG  ] 
[DEBUG  ] Reading structure file
[DEBUG  ] Reading file md.tpr, VERSION 2021.4 (single precision)
[DEBUG  ] Reading file md.tpr, VERSION 2021.4 (single precision)
[DEBUG  ] 
[DEBUG  ] GROMACS reminds you: "Nobody ever complained a seminar was too easy to understand." (Ken Dill)
[DEBUG  ] 
[DEBUG  ] Going to read 1 old index file(s)
[DEBUG  ] 
[DEBUG  ]   0 System              :  4723 atoms
[DEBUG  ]   1 Protein             :   204 atoms
[DEBUG  ]   2 Protein-H           :   110 atoms
[DEBUG  ]   3 C-alpha             :    18 atoms
[DEBUG  ]   4 Backbone            :    54 atoms
[DEBUG  ]   5 MainChain           :    73 atoms
[DEBUG  ]   6 MainChain+Cb        :    86 atoms
[DEBUG  ]   7 MainChain+H         :    92 atoms
[DEBUG  ]   8 SideChain           :   112 atoms
[DEBUG  ]   9 SideChain-H         :    37 atoms
[DEBUG  ]  10 Prot-Masses         :   204 atoms
[DEBUG  ]  11 non-Protein         :  4519 atoms
[DEBUG  ]  12 Ion                 :     1 atoms
[DEBUG  ]  13 CU                  :     1 atoms
[DEBUG  ]  14 Water               :  4518 atoms
[DEBUG  ]  15 SOL                 :  4518 atoms
[DEBUG  ]  16 non-Water           :   205 atoms
[DEBUG  ]  17 Water_and_ions      :  4519 atoms
[DEBUG  ] 
[DEBUG  ]  nr : group      '!': not  'name' nr name   'splitch' nr    Enter: list groups
[DEBUG  ]  'a': atom       '&': and  'del' nr         'splitres' nr   'l': list residues
[DEBUG  ]  't': atom type  '|': or   'keep' nr        'splitat' nr    'h': help
[DEBUG  ]  'r': residue              'res' nr         'chain' char
[DEBUG  ]  "name": group             'case': case sensitive           'q': save and quit
[DEBUG  ]  'ri': residue index
[DEBUG  ] 
[DEBUG  ] > 
[DEBUG  ] 
[DEBUG  ] > 
[DEBUG  ] 
[DEBUG  ] > 
[DEBUG  ] Copied index group 1 'GMXMMPBSA_REC'
[DEBUG  ] Copied index group 13 'GMXMMPBSA_LIG'
[DEBUG  ] Merged two groups with OR: 204 1 -> 205
[DEBUG  ] 
[DEBUG  ]  18 GMXMMPBSA_REC_GMXMMPBSA_LIG:   205 atoms
[DEBUG  ] 
[DEBUG  ] > 
[INFO   ] Normal Complex: Saving group Protein_CU (1_13) in _GMXMMPBSA_COM_index.ndx file as _GMXMMPBSA_COM.pdb
[DEBUG  ] Running command: echo -e "GMXMMPBSA_REC_GMXMMPBSA_LIG"| /usr/local/gromacs/bin/gmx trjconv -f md_1_noPBC.xtc -s md.tpr -o _GMXMMPBSA_COM.pdb -n _GMXMMPBSA_COM_index.ndx -dump 0
[DEBUG  ]                      :-) GROMACS - gmx trjconv, 2021.4 (-:
[DEBUG  ] 
[DEBUG  ]                             GROMACS is written by:
[DEBUG  ]      Andrey Alekseenko              Emile Apol              Rossen Apostolov     
[DEBUG  ]          Paul Bauer           Herman J.C. Berendsen           Par Bjelkmar       
[DEBUG  ]        Christian Blau           Viacheslav Bolnykh             Kevin Boyd        
[DEBUG  ]      Aldert van Buuren           Rudi van Drunen             Anton Feenstra      
[DEBUG  ]     Gilles Gouaillardet             Alan Gray               Gerrit Groenhof      
[DEBUG  ]        Anca Hamuraru            Vincent Hindriksen          M. Eric Irrgang      
[DEBUG  ]       Aleksei Iupinov           Christoph Junghans             Joe Jordan        
[DEBUG  ]     Dimitrios Karkoulis            Peter Kasson                Jiri Kraus        
[DEBUG  ]       Carsten Kutzner              Per Larsson              Justin A. Lemkul     
[DEBUG  ]        Viveca Lindahl            Magnus Lundborg             Erik Marklund       
[DEBUG  ]         Pascal Merz             Pieter Meulenhoff            Teemu Murtola       
[DEBUG  ]         Szilard Pall               Sander Pronk              Roland Schulz       
[DEBUG  ]        Michael Shirts            Alexey Shvetsov             Alfons Sijbers      
[DEBUG  ]        Peter Tieleman              Jon Vincent              Teemu Virolainen     
[DEBUG  ]      Christian Wennberg            Maarten Wolf              Artem Zhmurov       
[DEBUG  ]                            and the project leaders:
[DEBUG  ]         Mark Abraham, Berk Hess, Erik Lindahl, and David van der Spoel
[DEBUG  ] 
[DEBUG  ] Copyright (c) 1991-2000, University of Groningen, The Netherlands.
[DEBUG  ] Copyright (c) 2001-2019, The GROMACS development team at
[DEBUG  ] Uppsala University, Stockholm University and
[DEBUG  ] the Royal Institute of Technology, Sweden.
[DEBUG  ] check out http://www.gromacs.org for more information.
[DEBUG  ] 
[DEBUG  ] GROMACS is free software; you can redistribute it and/or modify it
[DEBUG  ] under the terms of the GNU Lesser General Public License
[DEBUG  ] as published by the Free Software Foundation; either version 2.1
[DEBUG  ] of the License, or (at your option) any later version.
[DEBUG  ] 
[DEBUG  ] GROMACS:      gmx trjconv, version 2021.4
[DEBUG  ] Executable:   /usr/local/gromacs/bin/gmx
[DEBUG  ] Data prefix:  /usr/local/gromacs
[DEBUG  ] Working dir:  /media/med/C6761EA6761E9771/Users/MED/Desktop/Paper 3/Paper 3.2/cpx/pep1
[DEBUG  ] Command line:
[DEBUG  ]   gmx trjconv -f md_1_noPBC.xtc -s md.tpr -o _GMXMMPBSA_COM.pdb -n _GMXMMPBSA_COM_index.ndx -dump 0
[DEBUG  ] 
[DEBUG  ] Will write pdb: Protein data bank file
[DEBUG  ] Reading file md.tpr, VERSION 2021.4 (single precision)
[DEBUG  ] Reading file md.tpr, VERSION 2021.4 (single precision)
[DEBUG  ] Group     0 (         System) has  4723 elements
[DEBUG  ] Group     1 (  GMXMMPBSA_REC) has   204 elements
[DEBUG  ] Group     2 (      Protein-H) has   110 elements
[DEBUG  ] Group     3 (        C-alpha) has    18 elements
[DEBUG  ] Group     4 (       Backbone) has    54 elements
[DEBUG  ] Group     5 (      MainChain) has    73 elements
[DEBUG  ] Group     6 (   MainChain+Cb) has    86 elements
[DEBUG  ] Group     7 (    MainChain+H) has    92 elements
[DEBUG  ] Group     8 (      SideChain) has   112 elements
[DEBUG  ] Group     9 (    SideChain-H) has    37 elements
[DEBUG  ] Group    10 (    Prot-Masses) has   204 elements
[DEBUG  ] Group    11 (    non-Protein) has  4519 elements
[DEBUG  ] Group    12 (            Ion) has     1 elements
[DEBUG  ] Group    13 (  GMXMMPBSA_LIG) has     1 elements
[DEBUG  ] Group    14 (          Water) has  4518 elements
[DEBUG  ] Group    15 (            SOL) has  4518 elements
[DEBUG  ] Group    16 (      non-Water) has   205 elements
[DEBUG  ] Group    17 ( Water_and_ions) has  4519 elements
[DEBUG  ] Group    18 (GMXMMPBSA_REC_GMXMMPBSA_LIG) has   205 elements
[DEBUG  ] Select a group: Reading frame       0 time    0.000   
[DEBUG  ] Precision of md_1_noPBC.xtc is 0.001 (nm)
[DEBUG  ] Reading frame       1 time    1.000   Reading frame       0 time    0.000   
[DEBUG  ] Dumping frame at t= 0 ps
[DEBUG  ] 
[DEBUG  ] GROMACS reminds you: "Nobody ever complained a seminar was too easy to understand." (Ken Dill)
[DEBUG  ] 
[DEBUG  ] Note that major changes are planned in future for trjconv, to improve usability and utility.
[DEBUG  ] Select group for output
[DEBUG  ] Selected 18: 'GMXMMPBSA_REC_GMXMMPBSA_LIG'
[INFO   ] No receptor structure file was defined. Using ST approach...
[INFO   ] Using receptor structure from complex to generate AMBER topology
[INFO   ] Normal Receptor: Saving group Protein (1) in _GMXMMPBSA_COM_index.ndx file as _GMXMMPBSA_REC.pdb
[DEBUG  ] Running command: echo -e "1"| /usr/local/gromacs/bin/gmx trjconv -f md_1_noPBC.xtc -s md.tpr -o _GMXMMPBSA_REC.pdb -n _GMXMMPBSA_COM_index.ndx -dump 0
[DEBUG  ]                      :-) GROMACS - gmx trjconv, 2021.4 (-:
[DEBUG  ] 
[DEBUG  ]                             GROMACS is written by:
[DEBUG  ]      Andrey Alekseenko              Emile Apol              Rossen Apostolov     
[DEBUG  ]          Paul Bauer           Herman J.C. Berendsen           Par Bjelkmar       
[DEBUG  ]        Christian Blau           Viacheslav Bolnykh             Kevin Boyd        
[DEBUG  ]      Aldert van Buuren           Rudi van Drunen             Anton Feenstra      
[DEBUG  ]     Gilles Gouaillardet             Alan Gray               Gerrit Groenhof      
[DEBUG  ]        Anca Hamuraru            Vincent Hindriksen          M. Eric Irrgang      
[DEBUG  ]       Aleksei Iupinov           Christoph Junghans             Joe Jordan        
[DEBUG  ]     Dimitrios Karkoulis            Peter Kasson                Jiri Kraus        
[DEBUG  ]       Carsten Kutzner              Per Larsson              Justin A. Lemkul     
[DEBUG  ]        Viveca Lindahl            Magnus Lundborg             Erik Marklund       
[DEBUG  ]         Pascal Merz             Pieter Meulenhoff            Teemu Murtola       
[DEBUG  ]         Szilard Pall               Sander Pronk              Roland Schulz       
[DEBUG  ]        Michael Shirts            Alexey Shvetsov             Alfons Sijbers      
[DEBUG  ]        Peter Tieleman              Jon Vincent              Teemu Virolainen     
[DEBUG  ]      Christian Wennberg            Maarten Wolf              Artem Zhmurov       
[DEBUG  ]                            and the project leaders:
[DEBUG  ]         Mark Abraham, Berk Hess, Erik Lindahl, and David van der Spoel
[DEBUG  ] 
[DEBUG  ] Copyright (c) 1991-2000, University of Groningen, The Netherlands.
[DEBUG  ] Copyright (c) 2001-2019, The GROMACS development team at
[DEBUG  ] Uppsala University, Stockholm University and
[DEBUG  ] the Royal Institute of Technology, Sweden.
[DEBUG  ] check out http://www.gromacs.org for more information.
[DEBUG  ] 
[DEBUG  ] GROMACS is free software; you can redistribute it and/or modify it
[DEBUG  ] under the terms of the GNU Lesser General Public License
[DEBUG  ] as published by the Free Software Foundation; either version 2.1
[DEBUG  ] of the License, or (at your option) any later version.
[DEBUG  ] 
[DEBUG  ] GROMACS:      gmx trjconv, version 2021.4
[DEBUG  ] Executable:   /usr/local/gromacs/bin/gmx
[DEBUG  ] Data prefix:  /usr/local/gromacs
[DEBUG  ] Working dir:  /media/med/C6761EA6761E9771/Users/MED/Desktop/Paper 3/Paper 3.2/cpx/pep1
[DEBUG  ] Command line:
[DEBUG  ]   gmx trjconv -f md_1_noPBC.xtc -s md.tpr -o _GMXMMPBSA_REC.pdb -n _GMXMMPBSA_COM_index.ndx -dump 0
[DEBUG  ] 
[DEBUG  ] Will write pdb: Protein data bank file
[DEBUG  ] Reading file md.tpr, VERSION 2021.4 (single precision)
[DEBUG  ] Reading file md.tpr, VERSION 2021.4 (single precision)
[DEBUG  ] Group     0 (         System) has  4723 elements
[DEBUG  ] Group     1 (  GMXMMPBSA_REC) has   204 elements
[DEBUG  ] Group     2 (      Protein-H) has   110 elements
[DEBUG  ] Group     3 (        C-alpha) has    18 elements
[DEBUG  ] Group     4 (       Backbone) has    54 elements
[DEBUG  ] Group     5 (      MainChain) has    73 elements
[DEBUG  ] Group     6 (   MainChain+Cb) has    86 elements
[DEBUG  ] Group     7 (    MainChain+H) has    92 elements
[DEBUG  ] Group     8 (      SideChain) has   112 elements
[DEBUG  ] Group     9 (    SideChain-H) has    37 elements
[DEBUG  ] Group    10 (    Prot-Masses) has   204 elements
[DEBUG  ] Group    11 (    non-Protein) has  4519 elements
[DEBUG  ] Group    12 (            Ion) has     1 elements
[DEBUG  ] Group    13 (  GMXMMPBSA_LIG) has     1 elements
[DEBUG  ] Group    14 (          Water) has  4518 elements
[DEBUG  ] Group    15 (            SOL) has  4518 elements
[DEBUG  ] Group    16 (      non-Water) has   205 elements
[DEBUG  ] Group    17 ( Water_and_ions) has  4519 elements
[DEBUG  ] Group    18 (GMXMMPBSA_REC_GMXMMPBSA_LIG) has   205 elements
[DEBUG  ] Select a group: Reading frame       0 time    0.000   
[DEBUG  ] Precision of md_1_noPBC.xtc is 0.001 (nm)
[DEBUG  ] Reading frame       1 time    1.000   Reading frame       0 time    0.000   
[DEBUG  ] Dumping frame at t= 0 ps
[DEBUG  ] 
[DEBUG  ] GROMACS reminds you: "Nobody ever complained a seminar was too easy to understand." (Ken Dill)
[DEBUG  ] 
[DEBUG  ] Note that major changes are planned in future for trjconv, to improve usability and utility.
[DEBUG  ] Select group for output
[DEBUG  ] Selected 1: 'GMXMMPBSA_REC'
[INFO   ] No ligand structure file was defined. Using ST approach...
[INFO   ] Using ligand structure from complex to generate AMBER topology
[INFO   ] Normal Ligand: Saving group CU (13) in _GMXMMPBSA_COM_index.ndx file as _GMXMMPBSA_LIG.pdb
[DEBUG  ] Running command: echo -e "13"| /usr/local/gromacs/bin/gmx trjconv -f md_1_noPBC.xtc -s md.tpr -o _GMXMMPBSA_LIG.pdb -n _GMXMMPBSA_COM_index.ndx -dump 0
[DEBUG  ]                      :-) GROMACS - gmx trjconv, 2021.4 (-:
[DEBUG  ] 
[DEBUG  ]                             GROMACS is written by:
[DEBUG  ]      Andrey Alekseenko              Emile Apol              Rossen Apostolov     
[DEBUG  ]          Paul Bauer           Herman J.C. Berendsen           Par Bjelkmar       
[DEBUG  ]        Christian Blau           Viacheslav Bolnykh             Kevin Boyd        
[DEBUG  ]      Aldert van Buuren           Rudi van Drunen             Anton Feenstra      
[DEBUG  ]     Gilles Gouaillardet             Alan Gray               Gerrit Groenhof      
[DEBUG  ]        Anca Hamuraru            Vincent Hindriksen          M. Eric Irrgang      
[DEBUG  ]       Aleksei Iupinov           Christoph Junghans             Joe Jordan        
[DEBUG  ]     Dimitrios Karkoulis            Peter Kasson                Jiri Kraus        
[DEBUG  ]       Carsten Kutzner              Per Larsson              Justin A. Lemkul     
[DEBUG  ]        Viveca Lindahl            Magnus Lundborg             Erik Marklund       
[DEBUG  ]         Pascal Merz             Pieter Meulenhoff            Teemu Murtola       
[DEBUG  ]         Szilard Pall               Sander Pronk              Roland Schulz       
[DEBUG  ]        Michael Shirts            Alexey Shvetsov             Alfons Sijbers      
[DEBUG  ]        Peter Tieleman              Jon Vincent              Teemu Virolainen     
[DEBUG  ]      Christian Wennberg            Maarten Wolf              Artem Zhmurov       
[DEBUG  ]                            and the project leaders:
[DEBUG  ]         Mark Abraham, Berk Hess, Erik Lindahl, and David van der Spoel
[DEBUG  ] 
[DEBUG  ] Copyright (c) 1991-2000, University of Groningen, The Netherlands.
[DEBUG  ] Copyright (c) 2001-2019, The GROMACS development team at
[DEBUG  ] Uppsala University, Stockholm University and
[DEBUG  ] the Royal Institute of Technology, Sweden.
[DEBUG  ] check out http://www.gromacs.org for more information.
[DEBUG  ] 
[DEBUG  ] GROMACS is free software; you can redistribute it and/or modify it
[DEBUG  ] under the terms of the GNU Lesser General Public License
[DEBUG  ] as published by the Free Software Foundation; either version 2.1
[DEBUG  ] of the License, or (at your option) any later version.
[DEBUG  ] 
[DEBUG  ] GROMACS:      gmx trjconv, version 2021.4
[DEBUG  ] Executable:   /usr/local/gromacs/bin/gmx
[DEBUG  ] Data prefix:  /usr/local/gromacs
[DEBUG  ] Working dir:  /media/med/C6761EA6761E9771/Users/MED/Desktop/Paper 3/Paper 3.2/cpx/pep1
[DEBUG  ] Command line:
[DEBUG  ]   gmx trjconv -f md_1_noPBC.xtc -s md.tpr -o _GMXMMPBSA_LIG.pdb -n _GMXMMPBSA_COM_index.ndx -dump 0
[DEBUG  ] 
[DEBUG  ] Will write pdb: Protein data bank file
[DEBUG  ] Reading file md.tpr, VERSION 2021.4 (single precision)
[DEBUG  ] Reading file md.tpr, VERSION 2021.4 (single precision)
[DEBUG  ] Group     0 (         System) has  4723 elements
[DEBUG  ] Group     1 (  GMXMMPBSA_REC) has   204 elements
[DEBUG  ] Group     2 (      Protein-H) has   110 elements
[DEBUG  ] Group     3 (        C-alpha) has    18 elements
[DEBUG  ] Group     4 (       Backbone) has    54 elements
[DEBUG  ] Group     5 (      MainChain) has    73 elements
[DEBUG  ] Group     6 (   MainChain+Cb) has    86 elements
[DEBUG  ] Group     7 (    MainChain+H) has    92 elements
[DEBUG  ] Group     8 (      SideChain) has   112 elements
[DEBUG  ] Group     9 (    SideChain-H) has    37 elements
[DEBUG  ] Group    10 (    Prot-Masses) has   204 elements
[DEBUG  ] Group    11 (    non-Protein) has  4519 elements
[DEBUG  ] Group    12 (            Ion) has     1 elements
[DEBUG  ] Group    13 (  GMXMMPBSA_LIG) has     1 elements
[DEBUG  ] Group    14 (          Water) has  4518 elements
[DEBUG  ] Group    15 (            SOL) has  4518 elements
[DEBUG  ] Group    16 (      non-Water) has   205 elements
[DEBUG  ] Group    17 ( Water_and_ions) has  4519 elements
[DEBUG  ] Group    18 (GMXMMPBSA_REC_GMXMMPBSA_LIG) has   205 elements
[DEBUG  ] Select a group: Reading frame       0 time    0.000   
[DEBUG  ] Precision of md_1_noPBC.xtc is 0.001 (nm)
[DEBUG  ] Reading frame       1 time    1.000   Reading frame       0 time    0.000   
[DEBUG  ] Dumping frame at t= 0 ps
[DEBUG  ] 
[DEBUG  ] GROMACS reminds you: "Nobody ever complained a seminar was too easy to understand." (Ken Dill)
[DEBUG  ] 
[DEBUG  ] Note that major changes are planned in future for trjconv, to improve usability and utility.
[DEBUG  ] Select group for output
[DEBUG  ] Selected 13: 'GMXMMPBSA_LIG'
[INFO   ] Checking the structures consistency...
[WARNING] No reference structure was found and the complex structure not contain any chain ID. Assigning chains ID automatically...
[INFO   ] 
[INFO   ] Using topology conversion. Setting radiopt = 0...
[INFO   ] Building Normal Complex Amber topology...
[INFO   ] Detected Amber/OPLS force field topology format...
[INFO   ] Assigning PBRadii mbondi2 to Complex...
[INFO   ] Writing Normal Complex AMBER topology...
[INFO   ] No Receptor topology file was defined. Using ST approach...
[INFO   ] Building AMBER Receptor topology from Complex...
[INFO   ] Assigning PBRadii mbondi2 to Receptor...
[INFO   ] Writing Normal Receptor AMBER topology...
[INFO   ] No Ligand topology file was defined. Using ST approach...
[INFO   ] Building AMBER Ligand topology from Complex...
[INFO   ] Assigning PBRadii mbondi2 to Ligand...
[INFO   ] Writing Normal Ligand AMBER topology...
[INFO   ] Cleaning normal complex trajectories...
[DEBUG  ] Running command: echo -e "GMXMMPBSA_REC_GMXMMPBSA_LIG"| /usr/local/gromacs/bin/gmx trjconv -f md_1_noPBC.xtc -s md.tpr -o COM_traj_0.xtc -n _GMXMMPBSA_COM_index.ndx
[DEBUG  ]                      :-) GROMACS - gmx trjconv, 2021.4 (-:
[DEBUG  ] 
[DEBUG  ]                             GROMACS is written by:
[DEBUG  ]      Andrey Alekseenko              Emile Apol              Rossen Apostolov     
[DEBUG  ]          Paul Bauer           Herman J.C. Berendsen           Par Bjelkmar       
[DEBUG  ]        Christian Blau           Viacheslav Bolnykh             Kevin Boyd        
[DEBUG  ]      Aldert van Buuren           Rudi van Drunen             Anton Feenstra      
[DEBUG  ]     Gilles Gouaillardet             Alan Gray               Gerrit Groenhof      
[DEBUG  ]        Anca Hamuraru            Vincent Hindriksen          M. Eric Irrgang      
[DEBUG  ]       Aleksei Iupinov           Christoph Junghans             Joe Jordan        
[DEBUG  ]     Dimitrios Karkoulis            Peter Kasson                Jiri Kraus        
[DEBUG  ]       Carsten Kutzner              Per Larsson              Justin A. Lemkul     
[DEBUG  ]        Viveca Lindahl            Magnus Lundborg             Erik Marklund       
[DEBUG  ]         Pascal Merz             Pieter Meulenhoff            Teemu Murtola       
[DEBUG  ]         Szilard Pall               Sander Pronk              Roland Schulz       
[DEBUG  ]        Michael Shirts            Alexey Shvetsov             Alfons Sijbers      
[DEBUG  ]        Peter Tieleman              Jon Vincent              Teemu Virolainen     
[DEBUG  ]      Christian Wennberg            Maarten Wolf              Artem Zhmurov       
[DEBUG  ]                            and the project leaders:
[DEBUG  ]         Mark Abraham, Berk Hess, Erik Lindahl, and David van der Spoel
[DEBUG  ] 
[DEBUG  ] Copyright (c) 1991-2000, University of Groningen, The Netherlands.
[DEBUG  ] Copyright (c) 2001-2019, The GROMACS development team at
[DEBUG  ] Uppsala University, Stockholm University and
[DEBUG  ] the Royal Institute of Technology, Sweden.
[DEBUG  ] check out http://www.gromacs.org for more information.
[DEBUG  ] 
[DEBUG  ] GROMACS is free software; you can redistribute it and/or modify it
[DEBUG  ] under the terms of the GNU Lesser General Public License
[DEBUG  ] as published by the Free Software Foundation; either version 2.1
[DEBUG  ] of the License, or (at your option) any later version.
[DEBUG  ] 
[DEBUG  ] GROMACS:      gmx trjconv, version 2021.4
[DEBUG  ] Executable:   /usr/local/gromacs/bin/gmx
[DEBUG  ] Data prefix:  /usr/local/gromacs
[DEBUG  ] Working dir:  /media/med/C6761EA6761E9771/Users/MED/Desktop/Paper 3/Paper 3.2/cpx/pep1
[DEBUG  ] Command line:
[DEBUG  ]   gmx trjconv -f md_1_noPBC.xtc -s md.tpr -o COM_traj_0.xtc -n _GMXMMPBSA_COM_index.ndx
[DEBUG  ] 
[DEBUG  ] Will write xtc: Compressed trajectory (portable xdr format): xtc
[DEBUG  ] Reading file md.tpr, VERSION 2021.4 (single precision)
[DEBUG  ] Reading file md.tpr, VERSION 2021.4 (single precision)
[DEBUG  ] Group     0 (         System) has  4723 elements
[DEBUG  ] Group     1 (  GMXMMPBSA_REC) has   204 elements
[DEBUG  ] Group     2 (      Protein-H) has   110 elements
[DEBUG  ] Group     3 (        C-alpha) has    18 elements
[DEBUG  ] Group     4 (       Backbone) has    54 elements
[DEBUG  ] Group     5 (      MainChain) has    73 elements
[DEBUG  ] Group     6 (   MainChain+Cb) has    86 elements
[DEBUG  ] Group     7 (    MainChain+H) has    92 elements
[DEBUG  ] Group     8 (      SideChain) has   112 elements
[DEBUG  ] Group     9 (    SideChain-H) has    37 elements
[DEBUG  ] Group    10 (    Prot-Masses) has   204 elements
[DEBUG  ] Group    11 (    non-Protein) has  4519 elements
[DEBUG  ] Group    12 (            Ion) has     1 elements
[DEBUG  ] Group    13 (  GMXMMPBSA_LIG) has     1 elements
[DEBUG  ] Group    14 (          Water) has  4518 elements
[DEBUG  ] Group    15 (            SOL) has  4518 elements
[DEBUG  ] Group    16 (      non-Water) has   205 elements
[DEBUG  ] Group    17 ( Water_and_ions) has  4519 elements
[DEBUG  ] Group    18 (GMXMMPBSA_REC_GMXMMPBSA_LIG) has   205 elements
[DEBUG  ] Select a group: Reading frame       0 time    0.000   
[DEBUG  ] Precision of md_1_noPBC.xtc is 0.001 (nm)
[DEBUG  ] Using output precision of 0.001 (nm)
[DEBUG  ] 
[DEBUG  ] 
[DEBUG  ] GROMACS reminds you: "Confirmed" (Star Trek)
[DEBUG  ] 
[DEBUG  ] Note that major changes are planned in future for trjconv, to improve usability and utility.
[DEBUG  ] Select group for output
[DEBUG  ] Selected 18: 'GMXMMPBSA_REC_GMXMMPBSA_LIG'
[INFO   ] Building AMBER topologies from GROMACS files... Done.

[INFO   ] Loading and checking parameter files for compatibility...
[INFO   ] Preparing trajectories for simulation...

[INFO   ] 100000 frames were processed by cpptraj for use in calculation.
[INFO   ] Starting calculations in 1 CPUs...
[INFO   ] Running calculations on normal system...
[INFO   ] Beginning GB calculations with /home/med/Downloads/AmberTools23/amber22/bin/sander
[INFO   ]   calculating complex contribution...
[INFO   ]   calculating receptor contribution...
[INFO   ]   calculating ligand contribution...
[INFO   ] Parsing results to output files...

[INFO   ] Timing:
[INFO   ] Total GROMACS setup time:                   0.015 hr.
[INFO   ] Total AMBER setup time:                     0.000 hr.
[INFO   ] Creating trajectories with cpptraj:         0.034 hr.
[INFO   ] Total calculation time:                     1.235 hr.
[INFO   ] Total GB calculation time:                  1.235 hr.
[INFO   ] Statistics calculation & output writing:    0.000 hr.
[INFO   ] Total time taken:                           1.299 hr.

[INFO   ] 
   Finalizing gmx_MMPBSA: [ERROR  ] = 0; [WARNING] = 1
   Check the gmx_MMPBSA.log file for more details...

[INFO   ] 
 Thank you for using gmx_MMPBSA. Please consider supporting gmx_MMPBSA by citing our publication:
    Valdés-Tresanco, M.S., Valdés-Tresanco, M.E., Valiente, P.A. and Moreno E. 
    gmx_MMPBSA: A New Tool to Perform End-State Free Energy Calculations with GROMACS. 
    J Chem Theory Comput., 2021, 17 (10):6281-6291. Epub 2021 Sep 29. PMID: 34586825.
    https://pubs.acs.org/doi/10.1021/acs.jctc.1c00645

Also consider citing MMPBSA.py:
    Miller III, B. R., McGee Jr., T. D., Swails, J. M. Homeyer, N. Gohlke, H. and Roitberg, A. E.
    MMPBSA.py: An Efficient Program for End-State Free Energy Calculations.
    J. Chem. Theory Comput., 2012, 8 (9) pp 3314-3321

[INFO   ] Opening gmx_MMPBSA_ana to analyze results...

[INFO   ] Finalized...
