                      :-) GROMACS - gmx mdrun, 2021.4 (-:

                            GROMACS is written by:
     Andrey Alekseenko              Emile Apol              Rossen Apostolov     
         Paul Bauer           Herman J.C. Berendsen           Par Bjelkmar       
       Christian Blau           Viacheslav Bolnykh             Kevin Boyd        
     Aldert van Buuren           Rudi van Drunen             Anton Feenstra      
    Gilles Gouaillardet             Alan Gray               Gerrit Groenhof      
       Anca Hamuraru            Vincent Hindriksen          M. Eric Irrgang      
      Aleksei Iupinov           Christoph Junghans             Joe Jordan        
    Dimitrios Karkoulis            Peter Kasson                Jiri Kraus        
      Carsten Kutzner              Per Larsson              Justin A. Lemkul     
       Viveca Lindahl            Magnus Lundborg             Erik Marklund       
        Pascal Merz             Pieter Meulenhoff            Teemu Murtola       
        Szilard Pall               Sander Pronk              Roland Schulz       
       Michael Shirts            Alexey Shvetsov             Alfons Sijbers      
       Peter Tieleman              Jon Vincent              Teemu Virolainen     
     Christian Wennberg            Maarten Wolf              Artem Zhmurov       
                           and the project leaders:
        Mark Abraham, Berk Hess, Erik Lindahl, and David van der Spoel

Copyright (c) 1991-2000, University of Groningen, The Netherlands.
Copyright (c) 2001-2019, The GROMACS development team at
Uppsala University, Stockholm University and
the Royal Institute of Technology, Sweden.
check out http://www.gromacs.org for more information.

GROMACS is free software; you can redistribute it and/or modify it
under the terms of the GNU Lesser General Public License
as published by the Free Software Foundation; either version 2.1
of the License, or (at your option) any later version.

GROMACS:      gmx mdrun, version 2021.4
Executable:   /usr/local/gromacs/bin/gmx
Data prefix:  /usr/local/gromacs
Working dir:  /home/med/Desktop/paper 3/Cu/Pep_ selected/pep2/DM/DM
Process ID:   3987
Command line:
  gmx mdrun -v -deffnm nvt

GROMACS version:    2021.4
Precision:          mixed
Memory model:       64 bit
MPI library:        thread_mpi
OpenMP support:     enabled (GMX_OPENMP_MAX_THREADS = 64)
GPU support:        disabled
SIMD instructions:  SSE4.1
FFT library:        fftw-3.3.8-sse2
RDTSCP usage:       enabled
TNG support:        enabled
Hwloc support:      disabled
Tracing support:    disabled
C compiler:         /usr/bin/cc GNU 11.3.0
C compiler flags:   -msse4.1 -Wno-missing-field-initializers -fexcess-precision=fast -funroll-all-loops -O3 -DNDEBUG
C++ compiler:       /usr/bin/c++ GNU 11.3.0
C++ compiler flags: -msse4.1 -Wno-missing-field-initializers -fexcess-precision=fast -funroll-all-loops -fopenmp -O3 -DNDEBUG


Running on 1 node with total 4 cores, 4 logical cores
Hardware detected:
  CPU info:
    Vendor: Intel
    Brand:  Intel(R) Celeron(R) N4120 CPU @ 1.10GHz
    Family: 6   Model: 122   Stepping: 8
    Features: aes apic clfsh cmov cx8 cx16 htt intel lahf mmx msr nonstop_tsc pclmuldq pdcm pdpe1gb popcnt pse rdrnd rdtscp sha sse2 sse3 sse4.1 sse4.2 ssse3 tdt x2apic
  Hardware topology: Basic
    Sockets, cores, and logical processors:
      Socket  0: [   0] [   1] [   2] [   3]


++++ PLEASE READ AND CITE THE FOLLOWING REFERENCE ++++
M. J. Abraham, T. Murtola, R. Schulz, S. Páll, J. C. Smith, B. Hess, E.
Lindahl
GROMACS: High performance molecular simulations through multi-level
parallelism from laptops to supercomputers
SoftwareX 1 (2015) pp. 19-25
-------- -------- --- Thank You --- -------- --------


++++ PLEASE READ AND CITE THE FOLLOWING REFERENCE ++++
S. Páll, M. J. Abraham, C. Kutzner, B. Hess, E. Lindahl
Tackling Exascale Software Challenges in Molecular Dynamics Simulations with
GROMACS
In S. Markidis & E. Laure (Eds.), Solving Software Challenges for Exascale 8759 (2015) pp. 3-27
-------- -------- --- Thank You --- -------- --------


++++ PLEASE READ AND CITE THE FOLLOWING REFERENCE ++++
S. Pronk, S. Páll, R. Schulz, P. Larsson, P. Bjelkmar, R. Apostolov, M. R.
Shirts, J. C. Smith, P. M. Kasson, D. van der Spoel, B. Hess, and E. Lindahl
GROMACS 4.5: a high-throughput and highly parallel open source molecular
simulation toolkit
Bioinformatics 29 (2013) pp. 845-54
-------- -------- --- Thank You --- -------- --------


++++ PLEASE READ AND CITE THE FOLLOWING REFERENCE ++++
B. Hess and C. Kutzner and D. van der Spoel and E. Lindahl
GROMACS 4: Algorithms for highly efficient, load-balanced, and scalable
molecular simulation
J. Chem. Theory Comput. 4 (2008) pp. 435-447
-------- -------- --- Thank You --- -------- --------


++++ PLEASE READ AND CITE THE FOLLOWING REFERENCE ++++
D. van der Spoel, E. Lindahl, B. Hess, G. Groenhof, A. E. Mark and H. J. C.
Berendsen
GROMACS: Fast, Flexible and Free
J. Comp. Chem. 26 (2005) pp. 1701-1719
-------- -------- --- Thank You --- -------- --------


++++ PLEASE READ AND CITE THE FOLLOWING REFERENCE ++++
E. Lindahl and B. Hess and D. van der Spoel
GROMACS 3.0: A package for molecular simulation and trajectory analysis
J. Mol. Mod. 7 (2001) pp. 306-317
-------- -------- --- Thank You --- -------- --------


++++ PLEASE READ AND CITE THE FOLLOWING REFERENCE ++++
H. J. C. Berendsen, D. van der Spoel and R. van Drunen
GROMACS: A message-passing parallel molecular dynamics implementation
Comp. Phys. Comm. 91 (1995) pp. 43-56
-------- -------- --- Thank You --- -------- --------


++++ PLEASE CITE THE DOI FOR THIS VERSION OF GROMACS ++++
https://doi.org/10.5281/zenodo.5636567
-------- -------- --- Thank You --- -------- --------

Input Parameters:
   integrator                     = md
   tinit                          = 0
   dt                             = 0.002
   nsteps                         = 50000
   init-step                      = 0
   simulation-part                = 1
   mts                            = false
   comm-mode                      = Linear
   nstcomm                        = 100
   bd-fric                        = 0
   ld-seed                        = -187304322
   emtol                          = 10
   emstep                         = 0.01
   niter                          = 20
   fcstep                         = 0
   nstcgsteep                     = 1000
   nbfgscorr                      = 10
   rtpi                           = 0.05
   nstxout                        = 500
   nstvout                        = 500
   nstfout                        = 0
   nstlog                         = 500
   nstcalcenergy                  = 100
   nstenergy                      = 500
   nstxout-compressed             = 0
   compressed-x-precision         = 1000
   cutoff-scheme                  = Verlet
   nstlist                        = 10
   pbc                            = xyz
   periodic-molecules             = false
   verlet-buffer-tolerance        = 0.005
   rlist                          = 1
   coulombtype                    = PME
   coulomb-modifier               = Potential-shift
   rcoulomb-switch                = 0
   rcoulomb                       = 1
   epsilon-r                      = 1
   epsilon-rf                     = inf
   vdw-type                       = Cut-off
   vdw-modifier                   = Potential-shift
   rvdw-switch                    = 0
   rvdw                           = 1
   DispCorr                       = EnerPres
   table-extension                = 1
   fourierspacing                 = 0.16
   fourier-nx                     = 36
   fourier-ny                     = 28
   fourier-nz                     = 32
   pme-order                      = 4
   ewald-rtol                     = 1e-05
   ewald-rtol-lj                  = 0.001
   lj-pme-comb-rule               = Geometric
   ewald-geometry                 = 0
   epsilon-surface                = 0
   tcoupl                         = V-rescale
   nsttcouple                     = 10
   nh-chain-length                = 0
   print-nose-hoover-chain-variables = false
   pcoupl                         = No
   pcoupltype                     = Isotropic
   nstpcouple                     = -1
   tau-p                          = 1
   compressibility (3x3):
      compressibility[    0]={ 0.00000e+00,  0.00000e+00,  0.00000e+00}
      compressibility[    1]={ 0.00000e+00,  0.00000e+00,  0.00000e+00}
      compressibility[    2]={ 0.00000e+00,  0.00000e+00,  0.00000e+00}
   ref-p (3x3):
      ref-p[    0]={ 0.00000e+00,  0.00000e+00,  0.00000e+00}
      ref-p[    1]={ 0.00000e+00,  0.00000e+00,  0.00000e+00}
      ref-p[    2]={ 0.00000e+00,  0.00000e+00,  0.00000e+00}
   refcoord-scaling               = No
   posres-com (3):
      posres-com[0]= 0.00000e+00
      posres-com[1]= 0.00000e+00
      posres-com[2]= 0.00000e+00
   posres-comB (3):
      posres-comB[0]= 0.00000e+00
      posres-comB[1]= 0.00000e+00
      posres-comB[2]= 0.00000e+00
   QMMM                           = false
qm-opts:
   ngQM                           = 0
   constraint-algorithm           = Lincs
   continuation                   = false
   Shake-SOR                      = false
   shake-tol                      = 0.0001
   lincs-order                    = 4
   lincs-iter                     = 1
   lincs-warnangle                = 30
   nwall                          = 0
   wall-type                      = 9-3
   wall-r-linpot                  = -1
   wall-atomtype[0]               = -1
   wall-atomtype[1]               = -1
   wall-density[0]                = 0
   wall-density[1]                = 0
   wall-ewald-zfac                = 3
   pull                           = false
   awh                            = false
   rotation                       = false
   interactiveMD                  = false
   disre                          = No
   disre-weighting                = Conservative
   disre-mixed                    = false
   dr-fc                          = 1000
   dr-tau                         = 0
   nstdisreout                    = 100
   orire-fc                       = 0
   orire-tau                      = 0
   nstorireout                    = 100
   free-energy                    = no
   cos-acceleration               = 0
   deform (3x3):
      deform[    0]={ 0.00000e+00,  0.00000e+00,  0.00000e+00}
      deform[    1]={ 0.00000e+00,  0.00000e+00,  0.00000e+00}
      deform[    2]={ 0.00000e+00,  0.00000e+00,  0.00000e+00}
   simulated-tempering            = false
   swapcoords                     = no
   userint1                       = 0
   userint2                       = 0
   userint3                       = 0
   userint4                       = 0
   userreal1                      = 0
   userreal2                      = 0
   userreal3                      = 0
   userreal4                      = 0
   applied-forces:
     electric-field:
       x:
         E0                       = 0
         omega                    = 0
         t0                       = 0
         sigma                    = 0
       y:
         E0                       = 0
         omega                    = 0
         t0                       = 0
         sigma                    = 0
       z:
         E0                       = 0
         omega                    = 0
         t0                       = 0
         sigma                    = 0
     density-guided-simulation:
       active                     = false
       group                      = protein
       similarity-measure         = inner-product
       atom-spreading-weight      = unity
       force-constant             = 1e+09
       gaussian-transform-spreading-width = 0.2
       gaussian-transform-spreading-range-in-multiples-of-width = 4
       reference-density-filename = reference.mrc
       nst                        = 1
       normalize-densities        = true
       adaptive-force-scaling     = false
       adaptive-force-scaling-time-constant = 4
       shift-vector               = 
       transformation-matrix      = 
grpopts:
   nrdf:     838.842     15105.2
   ref-t:         300         300
   tau-t:         0.1         0.1
annealing:          No          No
annealing-npoints:           0           0
   acc:	           0           0           0
   nfreeze:           N           N           N
   energygrp-flags[  0]: 0

Changing nstlist from 10 to 50, rlist from 1 to 1.099

Using 1 MPI thread
Using 4 OpenMP threads 

Pinning threads with an auto-selected logical core stride of 1
System total charge: 0.000
Will do PME sum in reciprocal space for electrostatic interactions.

++++ PLEASE READ AND CITE THE FOLLOWING REFERENCE ++++
U. Essmann, L. Perera, M. L. Berkowitz, T. Darden, H. Lee and L. G. Pedersen 
A smooth particle mesh Ewald method
J. Chem. Phys. 103 (1995) pp. 8577-8592
-------- -------- --- Thank You --- -------- --------

Using a Gaussian width (1/beta) of 0.320163 nm for Ewald
Potential shift: LJ r^-12: -1.000e+00 r^-6: -1.000e+00, Ewald -1.000e-05
Initialized non-bonded Ewald tables, spacing: 9.33e-04 size: 1073

Generated table with 1049 data points for 1-4 COUL.
Tabscale = 500 points/nm
Generated table with 1049 data points for 1-4 LJ6.
Tabscale = 500 points/nm
Generated table with 1049 data points for 1-4 LJ12.
Tabscale = 500 points/nm
Long Range LJ corr.: <C6> 3.1075e-04


Using SIMD 4x4 nonbonded short-range kernels

Using a dual 4x4 pair-list setup updated with dynamic pruning:
  outer list: updated every 50 steps, buffer 0.099 nm, rlist 1.099 nm
  inner list: updated every 14 steps, buffer 0.002 nm, rlist 1.002 nm
At tolerance 0.005 kJ/mol/ps per atom, equivalent classical 1x1 list would be:
  outer list: updated every 50 steps, buffer 0.229 nm, rlist 1.229 nm
  inner list: updated every 14 steps, buffer 0.054 nm, rlist 1.054 nm

Using Lorentz-Berthelot Lennard-Jones combination rule
Removing pbc first time

Initializing LINear Constraint Solver

++++ PLEASE READ AND CITE THE FOLLOWING REFERENCE ++++
B. Hess and H. Bekker and H. J. C. Berendsen and J. G. E. M. Fraaije
LINCS: A Linear Constraint Solver for molecular simulations
J. Comp. Chem. 18 (1997) pp. 1463-1472
-------- -------- --- Thank You --- -------- --------

The number of constraints is 163

++++ PLEASE READ AND CITE THE FOLLOWING REFERENCE ++++
S. Miyamoto and P. A. Kollman
SETTLE: An Analytical Version of the SHAKE and RATTLE Algorithms for Rigid
Water Models
J. Comp. Chem. 13 (1992) pp. 952-962
-------- -------- --- Thank You --- -------- --------


++++ PLEASE READ AND CITE THE FOLLOWING REFERENCE ++++
G. Bussi, D. Donadio and M. Parrinello
Canonical sampling through velocity rescaling
J. Chem. Phys. 126 (2007) pp. 014101
-------- -------- --- Thank You --- -------- --------

There are: 7887 Atoms

Constraining the starting coordinates (step 0)

Constraining the coordinates at t0-dt (step 0)
Center of mass motion removal mode is Linear
We have the following groups for center of mass motion removal:
  0:  rest
RMS relative constraint deviation after constraining: 2.38e-06
Initial temperature: 301.416 K

Started mdrun on rank 0 Sat Jun 24 15:43:52 2023

           Step           Time
              0        0.00000

   Energies (kJ/mol)
           Bond          Angle    Proper Dih.  Improper Dih.          LJ-14
    5.04492e+01    2.46264e+02    1.13073e+03    2.75153e+01    2.54783e+02
     Coulomb-14        LJ (SR)  Disper. corr.   Coulomb (SR)   Coul. recip.
    7.48742e+03    1.70424e+04   -7.36093e+02   -1.47945e+05    1.72837e+03
      Potential    Kinetic En.   Total Energy  Conserved En.    Temperature
   -1.20713e+05    1.99876e+04   -1.00726e+05   -1.00726e+05    3.01550e+02
 Pres. DC (bar) Pressure (bar)   Constr. rmsd
   -1.11489e+02   -4.71147e+03    2.36093e-06

           Step           Time
            500        1.00000

   Energies (kJ/mol)
           Bond          Angle    Proper Dih.  Improper Dih.          LJ-14
    2.01586e+02    7.55071e+02    1.21711e+03    5.18395e+01    3.04967e+02
     Coulomb-14        LJ (SR)  Disper. corr.   Coulomb (SR)   Coul. recip.
    7.52400e+03    2.08196e+04   -7.36093e+02   -1.43597e+05    1.17885e+03
      Potential    Kinetic En.   Total Energy  Conserved En.    Temperature
   -1.12280e+05    2.00356e+04   -9.22449e+04   -1.00536e+05    3.02274e+02
 Pres. DC (bar) Pressure (bar)   Constr. rmsd
   -1.11489e+02   -6.43399e+02    1.76536e-06

           Step           Time
           1000        2.00000

   Energies (kJ/mol)
           Bond          Angle    Proper Dih.  Improper Dih.          LJ-14
    2.39790e+02    7.62863e+02    1.15532e+03    5.61644e+01    2.93299e+02
     Coulomb-14        LJ (SR)  Disper. corr.   Coulomb (SR)   Coul. recip.
    7.39487e+03    2.11572e+04   -7.36093e+02   -1.45644e+05    1.05908e+03
      Potential    Kinetic En.   Total Energy  Conserved En.    Temperature
   -1.14261e+05    2.01405e+04   -9.41206e+04   -1.00521e+05    3.03857e+02
 Pres. DC (bar) Pressure (bar)   Constr. rmsd
   -1.11489e+02   -6.67124e+02    2.52034e-06

           Step           Time
           1500        3.00000

   Energies (kJ/mol)
           Bond          Angle    Proper Dih.  Improper Dih.          LJ-14
    2.51979e+02    7.35873e+02    1.18017e+03    5.71266e+01    2.95045e+02
     Coulomb-14        LJ (SR)  Disper. corr.   Coulomb (SR)   Coul. recip.
    7.42265e+03    2.15110e+04   -7.36093e+02   -1.47073e+05    1.04970e+03
      Potential    Kinetic En.   Total Energy  Conserved En.    Temperature
   -1.15305e+05    1.99564e+04   -9.53487e+04   -1.00522e+05    3.01080e+02
 Pres. DC (bar) Pressure (bar)   Constr. rmsd
   -1.11489e+02   -5.00360e+02    1.98836e-06

           Step           Time
           2000        4.00000

   Energies (kJ/mol)
           Bond          Angle    Proper Dih.  Improper Dih.          LJ-14
    2.59490e+02    7.99240e+02    1.13418e+03    4.06184e+01    2.98083e+02
     Coulomb-14        LJ (SR)  Disper. corr.   Coulomb (SR)   Coul. recip.
    7.47537e+03    2.09368e+04   -7.36093e+02   -1.46426e+05    1.07085e+03
      Potential    Kinetic En.   Total Energy  Conserved En.    Temperature
   -1.15147e+05    1.97916e+04   -9.53555e+04   -1.00516e+05    2.98593e+02
 Pres. DC (bar) Pressure (bar)   Constr. rmsd
   -1.11489e+02   -9.23806e+02    2.37428e-06

           Step           Time
           2500        5.00000

   Energies (kJ/mol)
           Bond          Angle    Proper Dih.  Improper Dih.          LJ-14
    2.87155e+02    7.13108e+02    1.13775e+03    3.27426e+01    3.16429e+02
     Coulomb-14        LJ (SR)  Disper. corr.   Coulomb (SR)   Coul. recip.
    7.46672e+03    2.13277e+04   -7.36093e+02   -1.47461e+05    1.00446e+03
      Potential    Kinetic En.   Total Energy  Conserved En.    Temperature
   -1.15911e+05    2.01383e+04   -9.57724e+04   -1.00517e+05    3.03824e+02
 Pres. DC (bar) Pressure (bar)   Constr. rmsd
   -1.11489e+02   -7.52743e+02    2.30979e-06

           Step           Time
           3000        6.00000

   Energies (kJ/mol)
           Bond          Angle    Proper Dih.  Improper Dih.          LJ-14
    2.43353e+02    7.88886e+02    1.17758e+03    4.49321e+01    2.91621e+02
     Coulomb-14        LJ (SR)  Disper. corr.   Coulomb (SR)   Coul. recip.
    7.38123e+03    2.12455e+04   -7.36093e+02   -1.48195e+05    9.93666e+02
      Potential    Kinetic En.   Total Energy  Conserved En.    Temperature
   -1.16765e+05    2.01177e+04   -9.66470e+04   -1.00523e+05    3.03513e+02
 Pres. DC (bar) Pressure (bar)   Constr. rmsd
   -1.11489e+02   -1.00407e+03    2.57512e-06

           Step           Time
           3500        7.00000

   Energies (kJ/mol)
           Bond          Angle    Proper Dih.  Improper Dih.          LJ-14
    2.84170e+02    7.02540e+02    1.13739e+03    4.29978e+01    2.89524e+02
     Coulomb-14        LJ (SR)  Disper. corr.   Coulomb (SR)   Coul. recip.
    7.42138e+03    2.16078e+04   -7.36093e+02   -1.48544e+05    1.00957e+03
      Potential    Kinetic En.   Total Energy  Conserved En.    Temperature
   -1.16785e+05    2.02610e+04   -9.65242e+04   -1.00514e+05    3.05674e+02
 Pres. DC (bar) Pressure (bar)   Constr. rmsd
   -1.11489e+02   -5.57194e+02    1.78386e-06

           Step           Time
           4000        8.00000

   Energies (kJ/mol)
           Bond          Angle    Proper Dih.  Improper Dih.          LJ-14
    2.54663e+02    6.69349e+02    1.17068e+03    2.80573e+01    3.00270e+02
     Coulomb-14        LJ (SR)  Disper. corr.   Coulomb (SR)   Coul. recip.
    7.46918e+03    2.13412e+04   -7.36093e+02   -1.48691e+05    9.47299e+02
      Potential    Kinetic En.   Total Energy  Conserved En.    Temperature
   -1.17246e+05    1.97376e+04   -9.75088e+04   -1.00519e+05    2.97778e+02
 Pres. DC (bar) Pressure (bar)   Constr. rmsd
   -1.11489e+02   -8.32476e+02    3.33054e-06

           Step           Time
           4500        9.00000

   Energies (kJ/mol)
           Bond          Angle    Proper Dih.  Improper Dih.          LJ-14
    2.44612e+02    6.59642e+02    1.16491e+03    4.28330e+01    3.24246e+02
     Coulomb-14        LJ (SR)  Disper. corr.   Coulomb (SR)   Coul. recip.
    7.44123e+03    2.19319e+04   -7.36093e+02   -1.49220e+05    9.58818e+02
      Potential    Kinetic En.   Total Energy  Conserved En.    Temperature
   -1.17188e+05    2.01825e+04   -9.70057e+04   -1.00520e+05    3.04490e+02
 Pres. DC (bar) Pressure (bar)   Constr. rmsd
   -1.11489e+02   -3.12670e+02    3.57222e-06

           Step           Time
           5000       10.00000

   Energies (kJ/mol)
           Bond          Angle    Proper Dih.  Improper Dih.          LJ-14
    2.23765e+02    6.90232e+02    1.13618e+03    4.14137e+01    3.07760e+02
     Coulomb-14        LJ (SR)  Disper. corr.   Coulomb (SR)   Coul. recip.
    7.36828e+03    2.17864e+04   -7.36093e+02   -1.49453e+05    9.65706e+02
      Potential    Kinetic En.   Total Energy  Conserved En.    Temperature
   -1.17669e+05    2.01365e+04   -9.75327e+04   -1.00518e+05    3.03796e+02
 Pres. DC (bar) Pressure (bar)   Constr. rmsd
   -1.11489e+02   -6.48263e+02    2.77073e-06

           Step           Time
           5500       11.00000

   Energies (kJ/mol)
           Bond          Angle    Proper Dih.  Improper Dih.          LJ-14
    2.88323e+02    7.70902e+02    1.14911e+03    3.81108e+01    3.20561e+02
     Coulomb-14        LJ (SR)  Disper. corr.   Coulomb (SR)   Coul. recip.
    7.41265e+03    2.16883e+04   -7.36093e+02   -1.48897e+05    9.93324e+02
      Potential    Kinetic En.   Total Energy  Conserved En.    Temperature
   -1.16971e+05    2.00542e+04   -9.69173e+04   -1.00508e+05    3.02554e+02
 Pres. DC (bar) Pressure (bar)   Constr. rmsd
   -1.11489e+02   -3.03119e+02    2.65657e-06

           Step           Time
           6000       12.00000

   Energies (kJ/mol)
           Bond          Angle    Proper Dih.  Improper Dih.          LJ-14
    2.45448e+02    7.42631e+02    1.12358e+03    3.89498e+01    2.96196e+02
     Coulomb-14        LJ (SR)  Disper. corr.   Coulomb (SR)   Coul. recip.
    7.41990e+03    2.14910e+04   -7.36093e+02   -1.48928e+05    9.44676e+02
      Potential    Kinetic En.   Total Energy  Conserved En.    Temperature
   -1.17361e+05    1.99947e+04   -9.73666e+04   -1.00508e+05    3.01656e+02
 Pres. DC (bar) Pressure (bar)   Constr. rmsd
   -1.11489e+02   -6.11921e+02    3.63275e-06

           Step           Time
           6500       13.00000

   Energies (kJ/mol)
           Bond          Angle    Proper Dih.  Improper Dih.          LJ-14
    2.24518e+02    7.17739e+02    1.15289e+03    3.68998e+01    3.02051e+02
     Coulomb-14        LJ (SR)  Disper. corr.   Coulomb (SR)   Coul. recip.
    7.45069e+03    2.13255e+04   -7.36093e+02   -1.48976e+05    9.32067e+02
      Potential    Kinetic En.   Total Energy  Conserved En.    Temperature
   -1.17569e+05    1.99703e+04   -9.75992e+04   -1.00518e+05    3.01289e+02
 Pres. DC (bar) Pressure (bar)   Constr. rmsd
   -1.11489e+02   -8.16989e+02    2.31633e-06

           Step           Time
           7000       14.00000

   Energies (kJ/mol)
           Bond          Angle    Proper Dih.  Improper Dih.          LJ-14
    2.60966e+02    7.41494e+02    1.13623e+03    3.47574e+01    2.99150e+02
     Coulomb-14        LJ (SR)  Disper. corr.   Coulomb (SR)   Coul. recip.
    7.41630e+03    2.10734e+04   -7.36093e+02   -1.48787e+05    9.40093e+02
      Potential    Kinetic En.   Total Energy  Conserved En.    Temperature
   -1.17620e+05    1.98150e+04   -9.78052e+04   -1.00515e+05    2.98947e+02
 Pres. DC (bar) Pressure (bar)   Constr. rmsd
   -1.11489e+02   -9.10597e+02    2.42375e-06

           Step           Time
           7500       15.00000

   Energies (kJ/mol)
           Bond          Angle    Proper Dih.  Improper Dih.          LJ-14
    2.52811e+02    7.58481e+02    1.13432e+03    5.03041e+01    3.25157e+02
     Coulomb-14        LJ (SR)  Disper. corr.   Coulomb (SR)   Coul. recip.
    7.40133e+03    2.15853e+04   -7.36093e+02   -1.49081e+05    9.27363e+02
      Potential    Kinetic En.   Total Energy  Conserved En.    Temperature
   -1.17382e+05    1.99005e+04   -9.74813e+04   -1.00511e+05    3.00236e+02
 Pres. DC (bar) Pressure (bar)   Constr. rmsd
   -1.11489e+02   -4.96443e+02    2.20972e-06

           Step           Time
           8000       16.00000

   Energies (kJ/mol)
           Bond          Angle    Proper Dih.  Improper Dih.          LJ-14
    2.65564e+02    6.88306e+02    1.15550e+03    5.33892e+01    3.02054e+02
     Coulomb-14        LJ (SR)  Disper. corr.   Coulomb (SR)   Coul. recip.
    7.46788e+03    2.18927e+04   -7.36093e+02   -1.49823e+05    9.04753e+02
      Potential    Kinetic En.   Total Energy  Conserved En.    Temperature
   -1.17829e+05    1.98708e+04   -9.79578e+04   -1.00514e+05    2.99788e+02
 Pres. DC (bar) Pressure (bar)   Constr. rmsd
   -1.11489e+02   -4.10507e+02    2.29429e-06

           Step           Time
           8500       17.00000

   Energies (kJ/mol)
           Bond          Angle    Proper Dih.  Improper Dih.          LJ-14
    2.40976e+02    7.83697e+02    1.13467e+03    5.71416e+01    3.05830e+02
     Coulomb-14        LJ (SR)  Disper. corr.   Coulomb (SR)   Coul. recip.
    7.40081e+03    2.14211e+04   -7.36093e+02   -1.49193e+05    9.79590e+02
      Potential    Kinetic En.   Total Energy  Conserved En.    Temperature
   -1.17606e+05    1.95458e+04   -9.80599e+04   -1.00499e+05    2.94884e+02
 Pres. DC (bar) Pressure (bar)   Constr. rmsd
   -1.11489e+02   -6.15904e+02    3.70613e-06

           Step           Time
           9000       18.00000

   Energies (kJ/mol)
           Bond          Angle    Proper Dih.  Improper Dih.          LJ-14
    1.97336e+02    6.97237e+02    1.13402e+03    3.85737e+01    3.00411e+02
     Coulomb-14        LJ (SR)  Disper. corr.   Coulomb (SR)   Coul. recip.
    7.42210e+03    2.16294e+04   -7.36093e+02   -1.49683e+05    9.22585e+02
      Potential    Kinetic En.   Total Energy  Conserved En.    Temperature
   -1.18077e+05    1.94392e+04   -9.86378e+04   -1.00506e+05    2.93276e+02
 Pres. DC (bar) Pressure (bar)   Constr. rmsd
   -1.11489e+02   -4.54305e+02    2.28352e-06

           Step           Time
           9500       19.00000

   Energies (kJ/mol)
           Bond          Angle    Proper Dih.  Improper Dih.          LJ-14
    2.60474e+02    7.13011e+02    1.10230e+03    4.70014e+01    2.94431e+02
     Coulomb-14        LJ (SR)  Disper. corr.   Coulomb (SR)   Coul. recip.
    7.37800e+03    2.21012e+04   -7.36093e+02   -1.50561e+05    9.14168e+02
      Potential    Kinetic En.   Total Energy  Conserved En.    Temperature
   -1.18487e+05    2.00921e+04   -9.83947e+04   -1.00502e+05    3.03127e+02
 Pres. DC (bar) Pressure (bar)   Constr. rmsd
   -1.11489e+02   -5.10532e+02    2.19816e-06

           Step           Time
          10000       20.00000

   Energies (kJ/mol)
           Bond          Angle    Proper Dih.  Improper Dih.          LJ-14
    2.95895e+02    7.32471e+02    1.15068e+03    6.02548e+01    2.93381e+02
     Coulomb-14        LJ (SR)  Disper. corr.   Coulomb (SR)   Coul. recip.
    7.43238e+03    2.21642e+04   -7.36093e+02   -1.50270e+05    9.37173e+02
      Potential    Kinetic En.   Total Energy  Conserved En.    Temperature
   -1.17940e+05    1.98104e+04   -9.81292e+04   -1.00497e+05    2.98876e+02
 Pres. DC (bar) Pressure (bar)   Constr. rmsd
   -1.11489e+02   -4.12476e+02    1.94904e-06

           Step           Time
          10500       21.00000

   Energies (kJ/mol)
           Bond          Angle    Proper Dih.  Improper Dih.          LJ-14
    3.01810e+02    6.61981e+02    1.12561e+03    4.77054e+01    2.94151e+02
     Coulomb-14        LJ (SR)  Disper. corr.   Coulomb (SR)   Coul. recip.
    7.39085e+03    2.19577e+04   -7.36093e+02   -1.50556e+05    8.97947e+02
      Potential    Kinetic En.   Total Energy  Conserved En.    Temperature
   -1.18614e+05    1.96858e+04   -9.89285e+04   -1.00506e+05    2.96997e+02
 Pres. DC (bar) Pressure (bar)   Constr. rmsd
   -1.11489e+02   -7.26117e+02    2.56836e-06

           Step           Time
          11000       22.00000

   Energies (kJ/mol)
           Bond          Angle    Proper Dih.  Improper Dih.          LJ-14
    2.65942e+02    7.60996e+02    1.14386e+03    4.81315e+01    2.98508e+02
     Coulomb-14        LJ (SR)  Disper. corr.   Coulomb (SR)   Coul. recip.
    7.38992e+03    2.12517e+04   -7.36093e+02   -1.49012e+05    9.31161e+02
      Potential    Kinetic En.   Total Energy  Conserved En.    Temperature
   -1.17658e+05    1.98111e+04   -9.78473e+04   -1.00505e+05    2.98887e+02
 Pres. DC (bar) Pressure (bar)   Constr. rmsd
   -1.11489e+02   -6.60419e+02    2.38478e-06

           Step           Time
          11500       23.00000

   Energies (kJ/mol)
           Bond          Angle    Proper Dih.  Improper Dih.          LJ-14
    2.77031e+02    7.83178e+02    1.14753e+03    3.82150e+01    2.76510e+02
     Coulomb-14        LJ (SR)  Disper. corr.   Coulomb (SR)   Coul. recip.
    7.39062e+03    2.13133e+04   -7.36093e+02   -1.49424e+05    9.14722e+02
      Potential    Kinetic En.   Total Energy  Conserved En.    Temperature
   -1.18019e+05    1.99023e+04   -9.81168e+04   -1.00501e+05    3.00262e+02
 Pres. DC (bar) Pressure (bar)   Constr. rmsd
   -1.11489e+02   -9.05488e+02    2.34527e-06

           Step           Time
          12000       24.00000

   Energies (kJ/mol)
           Bond          Angle    Proper Dih.  Improper Dih.          LJ-14
    3.37426e+02    8.12691e+02    1.14042e+03    3.31823e+01    2.86319e+02
     Coulomb-14        LJ (SR)  Disper. corr.   Coulomb (SR)   Coul. recip.
    7.40447e+03    2.19604e+04   -7.36093e+02   -1.50323e+05    9.42228e+02
      Potential    Kinetic En.   Total Energy  Conserved En.    Temperature
   -1.18142e+05    1.99886e+04   -9.81529e+04   -1.00488e+05    3.01565e+02
 Pres. DC (bar) Pressure (bar)   Constr. rmsd
   -1.11489e+02   -6.54204e+02    1.60030e-06

           Step           Time
          12500       25.00000

   Energies (kJ/mol)
           Bond          Angle    Proper Dih.  Improper Dih.          LJ-14
    2.20199e+02    8.15592e+02    1.14864e+03    3.40214e+01    3.18291e+02
     Coulomb-14        LJ (SR)  Disper. corr.   Coulomb (SR)   Coul. recip.
    7.42747e+03    2.08853e+04   -7.36093e+02   -1.48478e+05    9.25762e+02
      Potential    Kinetic En.   Total Energy  Conserved En.    Temperature
   -1.17439e+05    2.02945e+04   -9.71445e+04   -1.00498e+05    3.06179e+02
 Pres. DC (bar) Pressure (bar)   Constr. rmsd
   -1.11489e+02   -7.67229e+02    2.99073e-06

           Step           Time
          13000       26.00000

   Energies (kJ/mol)
           Bond          Angle    Proper Dih.  Improper Dih.          LJ-14
    2.45427e+02    7.79534e+02    1.11607e+03    3.79561e+01    2.91410e+02
     Coulomb-14        LJ (SR)  Disper. corr.   Coulomb (SR)   Coul. recip.
    7.38904e+03    2.15132e+04   -7.36093e+02   -1.49320e+05    9.30608e+02
      Potential    Kinetic En.   Total Energy  Conserved En.    Temperature
   -1.17753e+05    1.98765e+04   -9.78760e+04   -1.00491e+05    2.99874e+02
 Pres. DC (bar) Pressure (bar)   Constr. rmsd
   -1.11489e+02   -5.46415e+02    2.51919e-06

           Step           Time
          13500       27.00000

   Energies (kJ/mol)
           Bond          Angle    Proper Dih.  Improper Dih.          LJ-14
    2.73971e+02    7.38334e+02    1.13872e+03    6.60049e+01    2.99229e+02
     Coulomb-14        LJ (SR)  Disper. corr.   Coulomb (SR)   Coul. recip.
    7.40510e+03    2.16764e+04   -7.36093e+02   -1.49746e+05    9.08355e+02
      Potential    Kinetic En.   Total Energy  Conserved En.    Temperature
   -1.17976e+05    2.01691e+04   -9.78065e+04   -1.00492e+05    3.04288e+02
 Pres. DC (bar) Pressure (bar)   Constr. rmsd
   -1.11489e+02   -6.33228e+02    2.87595e-06

           Step           Time
          14000       28.00000

   Energies (kJ/mol)
           Bond          Angle    Proper Dih.  Improper Dih.          LJ-14
    2.71316e+02    7.02809e+02    1.16535e+03    5.59605e+01    2.94316e+02
     Coulomb-14        LJ (SR)  Disper. corr.   Coulomb (SR)   Coul. recip.
    7.47260e+03    2.17448e+04   -7.36093e+02   -1.49885e+05    9.38508e+02
      Potential    Kinetic En.   Total Energy  Conserved En.    Temperature
   -1.17976e+05    1.96676e+04   -9.83082e+04   -1.00476e+05    2.96723e+02
 Pres. DC (bar) Pressure (bar)   Constr. rmsd
   -1.11489e+02   -5.08069e+02    2.33516e-06

           Step           Time
          14500       29.00000

   Energies (kJ/mol)
           Bond          Angle    Proper Dih.  Improper Dih.          LJ-14
    2.66682e+02    7.37170e+02    1.15279e+03    5.02648e+01    2.83893e+02
     Coulomb-14        LJ (SR)  Disper. corr.   Coulomb (SR)   Coul. recip.
    7.38226e+03    2.15856e+04   -7.36093e+02   -1.49672e+05    9.18081e+02
      Potential    Kinetic En.   Total Energy  Conserved En.    Temperature
   -1.18032e+05    1.99802e+04   -9.80517e+04   -1.00488e+05    3.01438e+02
 Pres. DC (bar) Pressure (bar)   Constr. rmsd
   -1.11489e+02   -7.29913e+02    2.65515e-06

           Step           Time
          15000       30.00000

   Energies (kJ/mol)
           Bond          Angle    Proper Dih.  Improper Dih.          LJ-14
    2.89836e+02    6.76276e+02    1.14452e+03    4.95996e+01    3.00900e+02
     Coulomb-14        LJ (SR)  Disper. corr.   Coulomb (SR)   Coul. recip.
    7.45501e+03    2.19096e+04   -7.36093e+02   -1.50678e+05    9.08529e+02
      Potential    Kinetic En.   Total Energy  Conserved En.    Temperature
   -1.18680e+05    2.02242e+04   -9.84555e+04   -1.00482e+05    3.05120e+02
 Pres. DC (bar) Pressure (bar)   Constr. rmsd
   -1.11489e+02   -5.70917e+02    2.18157e-06

           Step           Time
          15500       31.00000

   Energies (kJ/mol)
           Bond          Angle    Proper Dih.  Improper Dih.          LJ-14
    2.38737e+02    7.02969e+02    1.12190e+03    3.31428e+01    3.05849e+02
     Coulomb-14        LJ (SR)  Disper. corr.   Coulomb (SR)   Coul. recip.
    7.38836e+03    2.15539e+04   -7.36093e+02   -1.49867e+05    9.72508e+02
      Potential    Kinetic En.   Total Energy  Conserved En.    Temperature
   -1.18286e+05    1.98217e+04   -9.84642e+04   -1.00486e+05    2.99047e+02
 Pres. DC (bar) Pressure (bar)   Constr. rmsd
   -1.11489e+02   -8.47636e+02    3.23153e-06

           Step           Time
          16000       32.00000

   Energies (kJ/mol)
           Bond          Angle    Proper Dih.  Improper Dih.          LJ-14
    2.27672e+02    7.79001e+02    1.14238e+03    4.41387e+01    3.27320e+02
     Coulomb-14        LJ (SR)  Disper. corr.   Coulomb (SR)   Coul. recip.
    7.41371e+03    2.19520e+04   -7.36093e+02   -1.50530e+05    9.43593e+02
      Potential    Kinetic En.   Total Energy  Conserved En.    Temperature
   -1.18436e+05    1.98495e+04   -9.85866e+04   -1.00472e+05    2.99466e+02
 Pres. DC (bar) Pressure (bar)   Constr. rmsd
   -1.11489e+02   -5.50333e+02    2.65534e-06

           Step           Time
          16500       33.00000

   Energies (kJ/mol)
           Bond          Angle    Proper Dih.  Improper Dih.          LJ-14
    2.54523e+02    7.49029e+02    1.14887e+03    5.42450e+01    3.02344e+02
     Coulomb-14        LJ (SR)  Disper. corr.   Coulomb (SR)   Coul. recip.
    7.42373e+03    2.19698e+04   -7.36093e+02   -1.50126e+05    8.98034e+02
      Potential    Kinetic En.   Total Energy  Conserved En.    Temperature
   -1.18062e+05    1.99285e+04   -9.81330e+04   -1.00471e+05    3.00658e+02
 Pres. DC (bar) Pressure (bar)   Constr. rmsd
   -1.11489e+02   -4.96474e+02    1.93445e-06

           Step           Time
          17000       34.00000

   Energies (kJ/mol)
           Bond          Angle    Proper Dih.  Improper Dih.          LJ-14
    2.38259e+02    6.90710e+02    1.14047e+03    3.66556e+01    3.26523e+02
     Coulomb-14        LJ (SR)  Disper. corr.   Coulomb (SR)   Coul. recip.
    7.48862e+03    2.17797e+04   -7.36093e+02   -1.49620e+05    9.14809e+02
      Potential    Kinetic En.   Total Energy  Conserved En.    Temperature
   -1.17741e+05    1.98543e+04   -9.78866e+04   -1.00480e+05    2.99539e+02
 Pres. DC (bar) Pressure (bar)   Constr. rmsd
   -1.11489e+02   -4.10401e+02    2.55830e-06

           Step           Time
          17500       35.00000

   Energies (kJ/mol)
           Bond          Angle    Proper Dih.  Improper Dih.          LJ-14
    2.65230e+02    7.21454e+02    1.16162e+03    3.20416e+01    3.22547e+02
     Coulomb-14        LJ (SR)  Disper. corr.   Coulomb (SR)   Coul. recip.
    7.53585e+03    2.10211e+04   -7.36093e+02   -1.48488e+05    8.82121e+02
      Potential    Kinetic En.   Total Energy  Conserved En.    Temperature
   -1.17282e+05    2.02503e+04   -9.70317e+04   -1.00481e+05    3.05514e+02
 Pres. DC (bar) Pressure (bar)   Constr. rmsd
   -1.11489e+02   -6.97616e+02    2.43540e-06

           Step           Time
          18000       36.00000

   Energies (kJ/mol)
           Bond          Angle    Proper Dih.  Improper Dih.          LJ-14
    2.89934e+02    7.05591e+02    1.12079e+03    4.85143e+01    3.13297e+02
     Coulomb-14        LJ (SR)  Disper. corr.   Coulomb (SR)   Coul. recip.
    7.40618e+03    2.18132e+04   -7.36093e+02   -1.50164e+05    8.81491e+02
      Potential    Kinetic En.   Total Energy  Conserved En.    Temperature
   -1.18321e+05    1.99567e+04   -9.83648e+04   -1.00466e+05    3.01083e+02
 Pres. DC (bar) Pressure (bar)   Constr. rmsd
   -1.11489e+02   -4.75222e+02    3.17549e-06

           Step           Time
          18500       37.00000

   Energies (kJ/mol)
           Bond          Angle    Proper Dih.  Improper Dih.          LJ-14
    2.61343e+02    6.80791e+02    1.12109e+03    5.30188e+01    2.72527e+02
     Coulomb-14        LJ (SR)  Disper. corr.   Coulomb (SR)   Coul. recip.
    7.40658e+03    2.20867e+04   -7.36093e+02   -1.50651e+05    9.04882e+02
      Potential    Kinetic En.   Total Energy  Conserved En.    Temperature
   -1.18601e+05    1.95118e+04   -9.90888e+04   -1.00479e+05    2.94372e+02
 Pres. DC (bar) Pressure (bar)   Constr. rmsd
   -1.11489e+02   -4.81888e+02    2.28917e-06

           Step           Time
          19000       38.00000

   Energies (kJ/mol)
           Bond          Angle    Proper Dih.  Improper Dih.          LJ-14
    2.38145e+02    8.30211e+02    1.13426e+03    3.11819e+01    2.85983e+02
     Coulomb-14        LJ (SR)  Disper. corr.   Coulomb (SR)   Coul. recip.
    7.39909e+03    2.23581e+04   -7.36093e+02   -1.51096e+05    8.62892e+02
      Potential    Kinetic En.   Total Energy  Conserved En.    Temperature
   -1.18692e+05    2.00175e+04   -9.86748e+04   -1.00469e+05    3.02001e+02
 Pres. DC (bar) Pressure (bar)   Constr. rmsd
   -1.11489e+02   -3.24545e+02    2.73488e-06

           Step           Time
          19500       39.00000

   Energies (kJ/mol)
           Bond          Angle    Proper Dih.  Improper Dih.          LJ-14
    2.37672e+02    6.71990e+02    1.13464e+03    4.52719e+01    3.11563e+02
     Coulomb-14        LJ (SR)  Disper. corr.   Coulomb (SR)   Coul. recip.
    7.47006e+03    2.24622e+04   -7.36093e+02   -1.51185e+05    9.38366e+02
      Potential    Kinetic En.   Total Energy  Conserved En.    Temperature
   -1.18650e+05    1.96326e+04   -9.90172e+04   -1.00462e+05    2.96194e+02
 Pres. DC (bar) Pressure (bar)   Constr. rmsd
   -1.11489e+02   -1.48415e+02    2.38524e-06

           Step           Time
          20000       40.00000

   Energies (kJ/mol)
           Bond          Angle    Proper Dih.  Improper Dih.          LJ-14
    2.47380e+02    6.99484e+02    1.12858e+03    4.48495e+01    3.05466e+02
     Coulomb-14        LJ (SR)  Disper. corr.   Coulomb (SR)   Coul. recip.
    7.42181e+03    2.18340e+04   -7.36093e+02   -1.50672e+05    8.76675e+02
      Potential    Kinetic En.   Total Energy  Conserved En.    Temperature
   -1.18850e+05    1.98459e+04   -9.90039e+04   -1.00478e+05    2.99413e+02
 Pres. DC (bar) Pressure (bar)   Constr. rmsd
   -1.11489e+02   -6.95948e+02    4.22571e-06

           Step           Time
          20500       41.00000

   Energies (kJ/mol)
           Bond          Angle    Proper Dih.  Improper Dih.          LJ-14
    2.62143e+02    7.61992e+02    1.11787e+03    5.68161e+01    3.00531e+02
     Coulomb-14        LJ (SR)  Disper. corr.   Coulomb (SR)   Coul. recip.
    7.42459e+03    2.15114e+04   -7.36093e+02   -1.49658e+05    9.84212e+02
      Potential    Kinetic En.   Total Energy  Conserved En.    Temperature
   -1.17975e+05    2.00871e+04   -9.78878e+04   -1.00476e+05    3.03051e+02
 Pres. DC (bar) Pressure (bar)   Constr. rmsd
   -1.11489e+02   -7.73821e+02    1.97882e-06

           Step           Time
          21000       42.00000

   Energies (kJ/mol)
           Bond          Angle    Proper Dih.  Improper Dih.          LJ-14
    2.57858e+02    7.03993e+02    1.13438e+03    4.39708e+01    3.08611e+02
     Coulomb-14        LJ (SR)  Disper. corr.   Coulomb (SR)   Coul. recip.
    7.39228e+03    2.15943e+04   -7.36093e+02   -1.49755e+05    9.66377e+02
      Potential    Kinetic En.   Total Energy  Conserved En.    Temperature
   -1.18090e+05    2.00812e+04   -9.80084e+04   -1.00470e+05    3.02963e+02
 Pres. DC (bar) Pressure (bar)   Constr. rmsd
   -1.11489e+02   -6.68414e+02    2.91446e-06

           Step           Time
          21500       43.00000

   Energies (kJ/mol)
           Bond          Angle    Proper Dih.  Improper Dih.          LJ-14
    2.36972e+02    7.33266e+02    1.14359e+03    4.17746e+01    3.09571e+02
     Coulomb-14        LJ (SR)  Disper. corr.   Coulomb (SR)   Coul. recip.
    7.40522e+03    2.15784e+04   -7.36093e+02   -1.50165e+05    9.29842e+02
      Potential    Kinetic En.   Total Energy  Conserved En.    Temperature
   -1.18523e+05    1.95852e+04   -9.89377e+04   -1.00469e+05    2.95480e+02
 Pres. DC (bar) Pressure (bar)   Constr. rmsd
   -1.11489e+02   -8.10028e+02    2.92121e-06

           Step           Time
          22000       44.00000

   Energies (kJ/mol)
           Bond          Angle    Proper Dih.  Improper Dih.          LJ-14
    2.44354e+02    7.83256e+02    1.13219e+03    3.30936e+01    3.23873e+02
     Coulomb-14        LJ (SR)  Disper. corr.   Coulomb (SR)   Coul. recip.
    7.49379e+03    2.18605e+04   -7.36093e+02   -1.49992e+05    9.97823e+02
      Potential    Kinetic En.   Total Energy  Conserved En.    Temperature
   -1.17859e+05    1.99260e+04   -9.79330e+04   -1.00461e+05    3.00620e+02
 Pres. DC (bar) Pressure (bar)   Constr. rmsd
   -1.11489e+02   -2.20223e+02    1.80970e-06

           Step           Time
          22500       45.00000

   Energies (kJ/mol)
           Bond          Angle    Proper Dih.  Improper Dih.          LJ-14
    2.37258e+02    7.27116e+02    1.15202e+03    3.50120e+01    3.01246e+02
     Coulomb-14        LJ (SR)  Disper. corr.   Coulomb (SR)   Coul. recip.
    7.41586e+03    2.11448e+04   -7.36093e+02   -1.49340e+05    8.97625e+02
      Potential    Kinetic En.   Total Energy  Conserved En.    Temperature
   -1.18166e+05    1.98324e+04   -9.83331e+04   -1.00473e+05    2.99209e+02
 Pres. DC (bar) Pressure (bar)   Constr. rmsd
   -1.11489e+02   -1.01249e+03    2.03492e-06

           Step           Time
          23000       46.00000

   Energies (kJ/mol)
           Bond          Angle    Proper Dih.  Improper Dih.          LJ-14
    2.36355e+02    6.28140e+02    1.12665e+03    3.44609e+01    2.94014e+02
     Coulomb-14        LJ (SR)  Disper. corr.   Coulomb (SR)   Coul. recip.
    7.50873e+03    2.11915e+04   -7.36093e+02   -1.49599e+05    9.20488e+02
      Potential    Kinetic En.   Total Energy  Conserved En.    Temperature
   -1.18395e+05    1.96859e+04   -9.87093e+04   -1.00486e+05    2.96998e+02
 Pres. DC (bar) Pressure (bar)   Constr. rmsd
   -1.11489e+02   -9.05830e+02    2.65935e-06

           Step           Time
          23500       47.00000

   Energies (kJ/mol)
           Bond          Angle    Proper Dih.  Improper Dih.          LJ-14
    2.46413e+02    6.99564e+02    1.11265e+03    3.49446e+01    3.14729e+02
     Coulomb-14        LJ (SR)  Disper. corr.   Coulomb (SR)   Coul. recip.
    7.45847e+03    2.11987e+04   -7.36093e+02   -1.49579e+05    9.07726e+02
      Potential    Kinetic En.   Total Energy  Conserved En.    Temperature
   -1.18342e+05    1.99302e+04   -9.84113e+04   -1.00475e+05    3.00684e+02
 Pres. DC (bar) Pressure (bar)   Constr. rmsd
   -1.11489e+02   -8.49975e+02    1.81172e-06

           Step           Time
          24000       48.00000

   Energies (kJ/mol)
           Bond          Angle    Proper Dih.  Improper Dih.          LJ-14
    2.48866e+02    7.92096e+02    1.16580e+03    3.74440e+01    2.96714e+02
     Coulomb-14        LJ (SR)  Disper. corr.   Coulomb (SR)   Coul. recip.
    7.45027e+03    2.16486e+04   -7.36093e+02   -1.49441e+05    8.84078e+02
      Potential    Kinetic En.   Total Energy  Conserved En.    Temperature
   -1.17654e+05    2.01023e+04   -9.75512e+04   -1.00462e+05    3.03280e+02
 Pres. DC (bar) Pressure (bar)   Constr. rmsd
   -1.11489e+02   -5.60363e+02    2.54554e-06

           Step           Time
          24500       49.00000

   Energies (kJ/mol)
           Bond          Angle    Proper Dih.  Improper Dih.          LJ-14
    2.40520e+02    7.33447e+02    1.12200e+03    3.98611e+01    2.97689e+02
     Coulomb-14        LJ (SR)  Disper. corr.   Coulomb (SR)   Coul. recip.
    7.42023e+03    2.18023e+04   -7.36093e+02   -1.50301e+05    9.35699e+02
      Potential    Kinetic En.   Total Energy  Conserved En.    Temperature
   -1.18445e+05    2.00019e+04   -9.84431e+04   -1.00476e+05    3.01765e+02
 Pres. DC (bar) Pressure (bar)   Constr. rmsd
   -1.11489e+02   -6.31502e+02    1.98598e-06

           Step           Time
          25000       50.00000

   Energies (kJ/mol)
           Bond          Angle    Proper Dih.  Improper Dih.          LJ-14
    2.10610e+02    7.19054e+02    1.14534e+03    4.96117e+01    3.09435e+02
     Coulomb-14        LJ (SR)  Disper. corr.   Coulomb (SR)   Coul. recip.
    7.38638e+03    2.13510e+04   -7.36093e+02   -1.49210e+05    9.32421e+02
      Potential    Kinetic En.   Total Energy  Conserved En.    Temperature
   -1.17843e+05    1.95913e+04   -9.82514e+04   -1.00478e+05    2.95571e+02
 Pres. DC (bar) Pressure (bar)   Constr. rmsd
   -1.11489e+02   -6.17504e+02    2.31264e-06

           Step           Time
          25500       51.00000

   Energies (kJ/mol)
           Bond          Angle    Proper Dih.  Improper Dih.          LJ-14
    2.06903e+02    6.86884e+02    1.13349e+03    4.64974e+01    3.12367e+02
     Coulomb-14        LJ (SR)  Disper. corr.   Coulomb (SR)   Coul. recip.
    7.42002e+03    2.19339e+04   -7.36093e+02   -1.50477e+05    9.11256e+02
      Potential    Kinetic En.   Total Energy  Conserved En.    Temperature
   -1.18562e+05    2.01051e+04   -9.84571e+04   -1.00473e+05    3.03323e+02
 Pres. DC (bar) Pressure (bar)   Constr. rmsd
   -1.11489e+02   -5.22440e+02    3.57738e-06

           Step           Time
          26000       52.00000

   Energies (kJ/mol)
           Bond          Angle    Proper Dih.  Improper Dih.          LJ-14
    2.57645e+02    7.16733e+02    1.14953e+03    4.59796e+01    3.15820e+02
     Coulomb-14        LJ (SR)  Disper. corr.   Coulomb (SR)   Coul. recip.
    7.41082e+03    2.13803e+04   -7.36093e+02   -1.49614e+05    9.22619e+02
      Potential    Kinetic En.   Total Energy  Conserved En.    Temperature
   -1.18150e+05    1.97810e+04   -9.83692e+04   -1.00469e+05    2.98433e+02
 Pres. DC (bar) Pressure (bar)   Constr. rmsd
   -1.11489e+02   -8.04321e+02    3.02872e-06

           Step           Time
          26500       53.00000

   Energies (kJ/mol)
           Bond          Angle    Proper Dih.  Improper Dih.          LJ-14
    2.47745e+02    7.45450e+02    1.12763e+03    2.51415e+01    2.94411e+02
     Coulomb-14        LJ (SR)  Disper. corr.   Coulomb (SR)   Coul. recip.
    7.43925e+03    2.18177e+04   -7.36093e+02   -1.50358e+05    8.45526e+02
      Potential    Kinetic En.   Total Energy  Conserved En.    Temperature
   -1.18552e+05    1.96382e+04   -9.89136e+04   -1.00468e+05    2.96278e+02
 Pres. DC (bar) Pressure (bar)   Constr. rmsd
   -1.11489e+02   -6.53049e+02    2.87333e-06

           Step           Time
          27000       54.00000

   Energies (kJ/mol)
           Bond          Angle    Proper Dih.  Improper Dih.          LJ-14
    2.18710e+02    6.92035e+02    1.17023e+03    3.74970e+01    3.11584e+02
     Coulomb-14        LJ (SR)  Disper. corr.   Coulomb (SR)   Coul. recip.
    7.47285e+03    2.21852e+04   -7.36093e+02   -1.50486e+05    9.10091e+02
      Potential    Kinetic En.   Total Energy  Conserved En.    Temperature
   -1.18224e+05    2.00778e+04   -9.81465e+04   -1.00464e+05    3.02911e+02
 Pres. DC (bar) Pressure (bar)   Constr. rmsd
   -1.11489e+02   -3.85484e+02    3.30810e-06

           Step           Time
          27500       55.00000

   Energies (kJ/mol)
           Bond          Angle    Proper Dih.  Improper Dih.          LJ-14
    2.36799e+02    7.56839e+02    1.14197e+03    3.85822e+01    2.98255e+02
     Coulomb-14        LJ (SR)  Disper. corr.   Coulomb (SR)   Coul. recip.
    7.45065e+03    2.14228e+04   -7.36093e+02   -1.49456e+05    9.38128e+02
      Potential    Kinetic En.   Total Energy  Conserved En.    Temperature
   -1.17908e+05    1.98686e+04   -9.80395e+04   -1.00472e+05    2.99754e+02
 Pres. DC (bar) Pressure (bar)   Constr. rmsd
   -1.11489e+02   -8.52757e+02    3.13974e-06

           Step           Time
          28000       56.00000

   Energies (kJ/mol)
           Bond          Angle    Proper Dih.  Improper Dih.          LJ-14
    2.72304e+02    7.41722e+02    1.16066e+03    3.05337e+01    3.02196e+02
     Coulomb-14        LJ (SR)  Disper. corr.   Coulomb (SR)   Coul. recip.
    7.37967e+03    2.17560e+04   -7.36093e+02   -1.50388e+05    9.22742e+02
      Potential    Kinetic En.   Total Energy  Conserved En.    Temperature
   -1.18558e+05    1.97678e+04   -9.87903e+04   -1.00460e+05    2.98234e+02
 Pres. DC (bar) Pressure (bar)   Constr. rmsd
   -1.11489e+02   -7.57198e+02    2.47946e-06

           Step           Time
          28500       57.00000

   Energies (kJ/mol)
           Bond          Angle    Proper Dih.  Improper Dih.          LJ-14
    2.79429e+02    8.28290e+02    1.16855e+03    4.54806e+01    3.01464e+02
     Coulomb-14        LJ (SR)  Disper. corr.   Coulomb (SR)   Coul. recip.
    7.36601e+03    2.18700e+04   -7.36093e+02   -1.50106e+05    8.75584e+02
      Potential    Kinetic En.   Total Energy  Conserved En.    Temperature
   -1.18107e+05    2.00322e+04   -9.80746e+04   -1.00454e+05    3.02222e+02
 Pres. DC (bar) Pressure (bar)   Constr. rmsd
   -1.11489e+02   -5.88619e+02    2.47241e-06

           Step           Time
          29000       58.00000

   Energies (kJ/mol)
           Bond          Angle    Proper Dih.  Improper Dih.          LJ-14
    2.80534e+02    7.72758e+02    1.16512e+03    3.83904e+01    2.88265e+02
     Coulomb-14        LJ (SR)  Disper. corr.   Coulomb (SR)   Coul. recip.
    7.41454e+03    2.17984e+04   -7.36093e+02   -1.50089e+05    8.43941e+02
      Potential    Kinetic En.   Total Energy  Conserved En.    Temperature
   -1.18224e+05    2.00984e+04   -9.81253e+04   -1.00457e+05    3.03221e+02
 Pres. DC (bar) Pressure (bar)   Constr. rmsd
   -1.11489e+02   -5.23170e+02    2.55662e-06

           Step           Time
          29500       59.00000

   Energies (kJ/mol)
           Bond          Angle    Proper Dih.  Improper Dih.          LJ-14
    2.71266e+02    6.90007e+02    1.12729e+03    3.71376e+01    3.16038e+02
     Coulomb-14        LJ (SR)  Disper. corr.   Coulomb (SR)   Coul. recip.
    7.43071e+03    2.16117e+04   -7.36093e+02   -1.49655e+05    9.68517e+02
      Potential    Kinetic En.   Total Energy  Conserved En.    Temperature
   -1.17939e+05    1.97740e+04   -9.81648e+04   -1.00455e+05    2.98327e+02
 Pres. DC (bar) Pressure (bar)   Constr. rmsd
   -1.11489e+02   -7.57237e+02    2.18755e-06

           Step           Time
          30000       60.00000

   Energies (kJ/mol)
           Bond          Angle    Proper Dih.  Improper Dih.          LJ-14
    2.51032e+02    7.39745e+02    1.14221e+03    5.51480e+01    2.88284e+02
     Coulomb-14        LJ (SR)  Disper. corr.   Coulomb (SR)   Coul. recip.
    7.45360e+03    2.29037e+04   -7.36093e+02   -1.51219e+05    9.07131e+02
      Potential    Kinetic En.   Total Energy  Conserved En.    Temperature
   -1.18214e+05    1.97185e+04   -9.84954e+04   -1.00459e+05    2.97491e+02
 Pres. DC (bar) Pressure (bar)   Constr. rmsd
   -1.11489e+02   -6.03995e+01    2.47257e-06

           Step           Time
          30500       61.00000

   Energies (kJ/mol)
           Bond          Angle    Proper Dih.  Improper Dih.          LJ-14
    2.64498e+02    7.69596e+02    1.17346e+03    3.63824e+01    2.82037e+02
     Coulomb-14        LJ (SR)  Disper. corr.   Coulomb (SR)   Coul. recip.
    7.42020e+03    2.16453e+04   -7.36093e+02   -1.49748e+05    8.46046e+02
      Potential    Kinetic En.   Total Energy  Conserved En.    Temperature
   -1.18046e+05    2.00571e+04   -9.79890e+04   -1.00466e+05    3.02599e+02
 Pres. DC (bar) Pressure (bar)   Constr. rmsd
   -1.11489e+02   -8.32908e+02    3.01633e-06

           Step           Time
          31000       62.00000

   Energies (kJ/mol)
           Bond          Angle    Proper Dih.  Improper Dih.          LJ-14
    2.79649e+02    7.29380e+02    1.15920e+03    3.65063e+01    2.92763e+02
     Coulomb-14        LJ (SR)  Disper. corr.   Coulomb (SR)   Coul. recip.
    7.41142e+03    2.17296e+04   -7.36093e+02   -1.49635e+05    9.19106e+02
      Potential    Kinetic En.   Total Energy  Conserved En.    Temperature
   -1.17813e+05    1.98044e+04   -9.80086e+04   -1.00462e+05    2.98786e+02
 Pres. DC (bar) Pressure (bar)   Constr. rmsd
   -1.11489e+02   -6.79969e+02    2.49212e-06

           Step           Time
          31500       63.00000

   Energies (kJ/mol)
           Bond          Angle    Proper Dih.  Improper Dih.          LJ-14
    2.58236e+02    7.22735e+02    1.10396e+03    5.06999e+01    3.02269e+02
     Coulomb-14        LJ (SR)  Disper. corr.   Coulomb (SR)   Coul. recip.
    7.38318e+03    2.17207e+04   -7.36093e+02   -1.49528e+05    8.51710e+02
      Potential    Kinetic En.   Total Energy  Conserved En.    Temperature
   -1.17870e+05    1.99094e+04   -9.79607e+04   -1.00455e+05    3.00369e+02
 Pres. DC (bar) Pressure (bar)   Constr. rmsd
   -1.11489e+02   -3.57539e+02    2.30744e-06

           Step           Time
          32000       64.00000

   Energies (kJ/mol)
           Bond          Angle    Proper Dih.  Improper Dih.          LJ-14
    2.14947e+02    7.87794e+02    1.13394e+03    5.27969e+01    2.83612e+02
     Coulomb-14        LJ (SR)  Disper. corr.   Coulomb (SR)   Coul. recip.
    7.39876e+03    2.09028e+04   -7.36093e+02   -1.48910e+05    8.96307e+02
      Potential    Kinetic En.   Total Energy  Conserved En.    Temperature
   -1.17975e+05    1.99730e+04   -9.80023e+04   -1.00464e+05    3.01330e+02
 Pres. DC (bar) Pressure (bar)   Constr. rmsd
   -1.11489e+02   -7.63700e+02    2.54063e-06

           Step           Time
          32500       65.00000

   Energies (kJ/mol)
           Bond          Angle    Proper Dih.  Improper Dih.          LJ-14
    2.74039e+02    6.91188e+02    1.13827e+03    3.52055e+01    2.95015e+02
     Coulomb-14        LJ (SR)  Disper. corr.   Coulomb (SR)   Coul. recip.
    7.42960e+03    2.18068e+04   -7.36093e+02   -1.50056e+05    9.04420e+02
      Potential    Kinetic En.   Total Energy  Conserved En.    Temperature
   -1.18217e+05    1.98127e+04   -9.84046e+04   -1.00468e+05    2.98912e+02
 Pres. DC (bar) Pressure (bar)   Constr. rmsd
   -1.11489e+02   -6.13731e+02    2.34904e-06

           Step           Time
          33000       66.00000

   Energies (kJ/mol)
           Bond          Angle    Proper Dih.  Improper Dih.          LJ-14
    2.40954e+02    7.04342e+02    1.13610e+03    4.67425e+01    2.80490e+02
     Coulomb-14        LJ (SR)  Disper. corr.   Coulomb (SR)   Coul. recip.
    7.45812e+03    2.17876e+04   -7.36093e+02   -1.50085e+05    9.05887e+02
      Potential    Kinetic En.   Total Energy  Conserved En.    Temperature
   -1.18261e+05    2.00078e+04   -9.82532e+04   -1.00465e+05    3.01855e+02
 Pres. DC (bar) Pressure (bar)   Constr. rmsd
   -1.11489e+02   -6.45768e+02    2.37269e-06

           Step           Time
          33500       67.00000

   Energies (kJ/mol)
           Bond          Angle    Proper Dih.  Improper Dih.          LJ-14
    2.20146e+02    8.13271e+02    1.12386e+03    6.05774e+01    2.86547e+02
     Coulomb-14        LJ (SR)  Disper. corr.   Coulomb (SR)   Coul. recip.
    7.42088e+03    2.22830e+04   -7.36093e+02   -1.51039e+05    9.01226e+02
      Potential    Kinetic En.   Total Energy  Conserved En.    Temperature
   -1.18665e+05    2.01846e+04   -9.84805e+04   -1.00460e+05    3.04522e+02
 Pres. DC (bar) Pressure (bar)   Constr. rmsd
   -1.11489e+02   -3.54599e+02    2.41737e-06

           Step           Time
          34000       68.00000

   Energies (kJ/mol)
           Bond          Angle    Proper Dih.  Improper Dih.          LJ-14
    2.96444e+02    8.34706e+02    1.15235e+03    4.30381e+01    2.98907e+02
     Coulomb-14        LJ (SR)  Disper. corr.   Coulomb (SR)   Coul. recip.
    7.43061e+03    2.13185e+04   -7.36093e+02   -1.49732e+05    8.76615e+02
      Potential    Kinetic En.   Total Energy  Conserved En.    Temperature
   -1.18217e+05    2.02621e+04   -9.79547e+04   -1.00458e+05    3.05692e+02
 Pres. DC (bar) Pressure (bar)   Constr. rmsd
   -1.11489e+02   -8.71859e+02    2.05844e-06

           Step           Time
          34500       69.00000

   Energies (kJ/mol)
           Bond          Angle    Proper Dih.  Improper Dih.          LJ-14
    2.44697e+02    6.91271e+02    1.12703e+03    4.02355e+01    2.92701e+02
     Coulomb-14        LJ (SR)  Disper. corr.   Coulomb (SR)   Coul. recip.
    7.47581e+03    2.27883e+04   -7.36093e+02   -1.51740e+05    8.52840e+02
      Potential    Kinetic En.   Total Energy  Conserved En.    Temperature
   -1.18963e+05    1.95688e+04   -9.93944e+04   -1.00453e+05    2.95231e+02
 Pres. DC (bar) Pressure (bar)   Constr. rmsd
   -1.11489e+02   -1.45726e+02    2.41946e-06

           Step           Time
          35000       70.00000

   Energies (kJ/mol)
           Bond          Angle    Proper Dih.  Improper Dih.          LJ-14
    2.27081e+02    6.92305e+02    1.15596e+03    3.82997e+01    2.77147e+02
     Coulomb-14        LJ (SR)  Disper. corr.   Coulomb (SR)   Coul. recip.
    7.42948e+03    2.20534e+04   -7.36093e+02   -1.50534e+05    8.98822e+02
      Potential    Kinetic En.   Total Energy  Conserved En.    Temperature
   -1.18498e+05    1.93960e+04   -9.91018e+04   -1.00464e+05    2.92624e+02
 Pres. DC (bar) Pressure (bar)   Constr. rmsd
   -1.11489e+02   -5.76746e+02    2.72513e-06

           Step           Time
          35500       71.00000

   Energies (kJ/mol)
           Bond          Angle    Proper Dih.  Improper Dih.          LJ-14
    2.44552e+02    6.95323e+02    1.14914e+03    4.00115e+01    2.96157e+02
     Coulomb-14        LJ (SR)  Disper. corr.   Coulomb (SR)   Coul. recip.
    7.45329e+03    2.18796e+04   -7.36093e+02   -1.50678e+05    8.93899e+02
      Potential    Kinetic En.   Total Energy  Conserved En.    Temperature
   -1.18763e+05    1.98807e+04   -9.88818e+04   -1.00466e+05    2.99938e+02
 Pres. DC (bar) Pressure (bar)   Constr. rmsd
   -1.11489e+02   -6.24261e+02    2.48005e-06

           Step           Time
          36000       72.00000

   Energies (kJ/mol)
           Bond          Angle    Proper Dih.  Improper Dih.          LJ-14
    2.85865e+02    7.39207e+02    1.11743e+03    3.54818e+01    2.82390e+02
     Coulomb-14        LJ (SR)  Disper. corr.   Coulomb (SR)   Coul. recip.
    7.43117e+03    2.18968e+04   -7.36093e+02   -1.50667e+05    8.95106e+02
      Potential    Kinetic En.   Total Energy  Conserved En.    Temperature
   -1.18720e+05    2.01059e+04   -9.86139e+04   -1.00454e+05    3.03335e+02
 Pres. DC (bar) Pressure (bar)   Constr. rmsd
   -1.11489e+02   -6.75418e+02    2.17698e-06

           Step           Time
          36500       73.00000

   Energies (kJ/mol)
           Bond          Angle    Proper Dih.  Improper Dih.          LJ-14
    2.69045e+02    7.99831e+02    1.13698e+03    5.11115e+01    2.90557e+02
     Coulomb-14        LJ (SR)  Disper. corr.   Coulomb (SR)   Coul. recip.
    7.38553e+03    2.16844e+04   -7.36093e+02   -1.49988e+05    9.30001e+02
      Potential    Kinetic En.   Total Energy  Conserved En.    Temperature
   -1.18177e+05    1.96221e+04   -9.85548e+04   -1.00446e+05    2.96036e+02
 Pres. DC (bar) Pressure (bar)   Constr. rmsd
   -1.11489e+02   -5.81454e+02    2.55956e-06

           Step           Time
          37000       74.00000

   Energies (kJ/mol)
           Bond          Angle    Proper Dih.  Improper Dih.          LJ-14
    3.04623e+02    7.83697e+02    1.15431e+03    5.76825e+01    2.98694e+02
     Coulomb-14        LJ (SR)  Disper. corr.   Coulomb (SR)   Coul. recip.
    7.39799e+03    2.14008e+04   -7.36093e+02   -1.49369e+05    9.27691e+02
      Potential    Kinetic En.   Total Energy  Conserved En.    Temperature
   -1.17779e+05    1.98803e+04   -9.78988e+04   -1.00452e+05    2.99931e+02
 Pres. DC (bar) Pressure (bar)   Constr. rmsd
   -1.11489e+02   -7.29088e+02    2.66942e-06

           Step           Time
          37500       75.00000

   Energies (kJ/mol)
           Bond          Angle    Proper Dih.  Improper Dih.          LJ-14
    2.40458e+02    7.40318e+02    1.14262e+03    4.33824e+01    2.78612e+02
     Coulomb-14        LJ (SR)  Disper. corr.   Coulomb (SR)   Coul. recip.
    7.41510e+03    2.17071e+04   -7.36093e+02   -1.50318e+05    8.91445e+02
      Potential    Kinetic En.   Total Energy  Conserved En.    Temperature
   -1.18595e+05    1.99574e+04   -9.86372e+04   -1.00453e+05    3.01095e+02
 Pres. DC (bar) Pressure (bar)   Constr. rmsd
   -1.11489e+02   -6.66511e+02    2.64393e-06

           Step           Time
          38000       76.00000

   Energies (kJ/mol)
           Bond          Angle    Proper Dih.  Improper Dih.          LJ-14
    2.37849e+02    7.22733e+02    1.12791e+03    4.75511e+01    2.99153e+02
     Coulomb-14        LJ (SR)  Disper. corr.   Coulomb (SR)   Coul. recip.
    7.42196e+03    2.20109e+04   -7.36093e+02   -1.50953e+05    8.59882e+02
      Potential    Kinetic En.   Total Energy  Conserved En.    Temperature
   -1.18961e+05    1.96242e+04   -9.93370e+04   -1.00452e+05    2.96068e+02
 Pres. DC (bar) Pressure (bar)   Constr. rmsd
   -1.11489e+02   -6.17956e+02    2.69076e-06

           Step           Time
          38500       77.00000

   Energies (kJ/mol)
           Bond          Angle    Proper Dih.  Improper Dih.          LJ-14
    1.98856e+02    7.75235e+02    1.15121e+03    6.12119e+01    3.16626e+02
     Coulomb-14        LJ (SR)  Disper. corr.   Coulomb (SR)   Coul. recip.
    7.41188e+03    2.16816e+04   -7.36093e+02   -1.50066e+05    8.79503e+02
      Potential    Kinetic En.   Total Energy  Conserved En.    Temperature
   -1.18326e+05    1.98024e+04   -9.85234e+04   -1.00449e+05    2.98755e+02
 Pres. DC (bar) Pressure (bar)   Constr. rmsd
   -1.11489e+02   -5.83492e+02    2.67513e-06

           Step           Time
          39000       78.00000

   Energies (kJ/mol)
           Bond          Angle    Proper Dih.  Improper Dih.          LJ-14
    2.01172e+02    7.76042e+02    1.10759e+03    4.28111e+01    3.31628e+02
     Coulomb-14        LJ (SR)  Disper. corr.   Coulomb (SR)   Coul. recip.
    7.47444e+03    2.16743e+04   -7.36093e+02   -1.50480e+05    9.02670e+02
      Potential    Kinetic En.   Total Energy  Conserved En.    Temperature
   -1.18705e+05    1.98388e+04   -9.88662e+04   -1.00457e+05    2.99306e+02
 Pres. DC (bar) Pressure (bar)   Constr. rmsd
   -1.11489e+02   -5.63416e+02    2.27955e-06

           Step           Time
          39500       79.00000

   Energies (kJ/mol)
           Bond          Angle    Proper Dih.  Improper Dih.          LJ-14
    2.28120e+02    7.57690e+02    1.12887e+03    4.65790e+01    3.09031e+02
     Coulomb-14        LJ (SR)  Disper. corr.   Coulomb (SR)   Coul. recip.
    7.41556e+03    2.17419e+04   -7.36093e+02   -1.50327e+05    8.53801e+02
      Potential    Kinetic En.   Total Energy  Conserved En.    Temperature
   -1.18581e+05    1.97961e+04   -9.87851e+04   -1.00454e+05    2.98660e+02
 Pres. DC (bar) Pressure (bar)   Constr. rmsd
   -1.11489e+02   -4.13263e+02    2.43553e-06

           Step           Time
          40000       80.00000

   Energies (kJ/mol)
           Bond          Angle    Proper Dih.  Improper Dih.          LJ-14
    2.96905e+02    7.08040e+02    1.16705e+03    4.74946e+01    2.73499e+02
     Coulomb-14        LJ (SR)  Disper. corr.   Coulomb (SR)   Coul. recip.
    7.36915e+03    2.17112e+04   -7.36093e+02   -1.50017e+05    9.13436e+02
      Potential    Kinetic En.   Total Energy  Conserved En.    Temperature
   -1.18266e+05    1.99007e+04   -9.83653e+04   -1.00454e+05    3.00238e+02
 Pres. DC (bar) Pressure (bar)   Constr. rmsd
   -1.11489e+02   -7.13634e+02    4.04846e-06

           Step           Time
          40500       81.00000

   Energies (kJ/mol)
           Bond          Angle    Proper Dih.  Improper Dih.          LJ-14
    2.13048e+02    7.48810e+02    1.11681e+03    3.93119e+01    2.85815e+02
     Coulomb-14        LJ (SR)  Disper. corr.   Coulomb (SR)   Coul. recip.
    7.44281e+03    2.18344e+04   -7.36093e+02   -1.50409e+05    8.92571e+02
      Potential    Kinetic En.   Total Energy  Conserved En.    Temperature
   -1.18572e+05    1.96142e+04   -9.89574e+04   -1.00449e+05    2.95917e+02
 Pres. DC (bar) Pressure (bar)   Constr. rmsd
   -1.11489e+02   -5.26749e+02    4.61990e-06

           Step           Time
          41000       82.00000

   Energies (kJ/mol)
           Bond          Angle    Proper Dih.  Improper Dih.          LJ-14
    2.39652e+02    7.66357e+02    1.14208e+03    4.65430e+01    2.87967e+02
     Coulomb-14        LJ (SR)  Disper. corr.   Coulomb (SR)   Coul. recip.
    7.43374e+03    2.15674e+04   -7.36093e+02   -1.49505e+05    9.05690e+02
      Potential    Kinetic En.   Total Energy  Conserved En.    Temperature
   -1.17851e+05    2.02689e+04   -9.75824e+04   -1.00458e+05    3.05794e+02
 Pres. DC (bar) Pressure (bar)   Constr. rmsd
   -1.11489e+02   -6.50774e+02    3.77823e-06

           Step           Time
          41500       83.00000

   Energies (kJ/mol)
           Bond          Angle    Proper Dih.  Improper Dih.          LJ-14
    2.19556e+02    7.05212e+02    1.14560e+03    5.84496e+01    3.03155e+02
     Coulomb-14        LJ (SR)  Disper. corr.   Coulomb (SR)   Coul. recip.
    7.46540e+03    2.15216e+04   -7.36093e+02   -1.49848e+05    8.58320e+02
      Potential    Kinetic En.   Total Energy  Conserved En.    Temperature
   -1.18307e+05    1.95292e+04   -9.87780e+04   -1.00447e+05    2.94635e+02
 Pres. DC (bar) Pressure (bar)   Constr. rmsd
   -1.11489e+02   -5.36421e+02    1.73406e-06

           Step           Time
          42000       84.00000

   Energies (kJ/mol)
           Bond          Angle    Proper Dih.  Improper Dih.          LJ-14
    2.55848e+02    7.04784e+02    1.13373e+03    4.24628e+01    2.95861e+02
     Coulomb-14        LJ (SR)  Disper. corr.   Coulomb (SR)   Coul. recip.
    7.44508e+03    2.14272e+04   -7.36093e+02   -1.49757e+05    9.13662e+02
      Potential    Kinetic En.   Total Energy  Conserved En.    Temperature
   -1.18274e+05    1.99004e+04   -9.83738e+04   -1.00453e+05    3.00234e+02
 Pres. DC (bar) Pressure (bar)   Constr. rmsd
   -1.11489e+02   -5.97622e+02    3.06090e-06

           Step           Time
          42500       85.00000

   Energies (kJ/mol)
           Bond          Angle    Proper Dih.  Improper Dih.          LJ-14
    2.39845e+02    7.03837e+02    1.13944e+03    3.67516e+01    2.90169e+02
     Coulomb-14        LJ (SR)  Disper. corr.   Coulomb (SR)   Coul. recip.
    7.45104e+03    2.16308e+04   -7.36093e+02   -1.50294e+05    9.17921e+02
      Potential    Kinetic En.   Total Energy  Conserved En.    Temperature
   -1.18620e+05    1.97128e+04   -9.89074e+04   -1.00456e+05    2.97405e+02
 Pres. DC (bar) Pressure (bar)   Constr. rmsd
   -1.11489e+02   -7.07527e+02    3.30855e-06

           Step           Time
          43000       86.00000

   Energies (kJ/mol)
           Bond          Angle    Proper Dih.  Improper Dih.          LJ-14
    1.80223e+02    7.88279e+02    1.12982e+03    4.10707e+01    2.85507e+02
     Coulomb-14        LJ (SR)  Disper. corr.   Coulomb (SR)   Coul. recip.
    7.39994e+03    2.18443e+04   -7.36093e+02   -1.50545e+05    8.61387e+02
      Potential    Kinetic En.   Total Energy  Conserved En.    Temperature
   -1.18750e+05    1.94973e+04   -9.92529e+04   -1.00450e+05    2.94152e+02
 Pres. DC (bar) Pressure (bar)   Constr. rmsd
   -1.11489e+02   -5.78825e+02    2.59924e-06

           Step           Time
          43500       87.00000

   Energies (kJ/mol)
           Bond          Angle    Proper Dih.  Improper Dih.          LJ-14
    2.18101e+02    7.72768e+02    1.12735e+03    3.35355e+01    3.05189e+02
     Coulomb-14        LJ (SR)  Disper. corr.   Coulomb (SR)   Coul. recip.
    7.44918e+03    2.18443e+04   -7.36093e+02   -1.50341e+05    8.29363e+02
      Potential    Kinetic En.   Total Energy  Conserved En.    Temperature
   -1.18498e+05    1.97083e+04   -9.87894e+04   -1.00445e+05    2.97337e+02
 Pres. DC (bar) Pressure (bar)   Constr. rmsd
   -1.11489e+02   -5.78404e+02    2.94117e-06

           Step           Time
          44000       88.00000

   Energies (kJ/mol)
           Bond          Angle    Proper Dih.  Improper Dih.          LJ-14
    2.67264e+02    7.71014e+02    1.13514e+03    2.80083e+01    2.92814e+02
     Coulomb-14        LJ (SR)  Disper. corr.   Coulomb (SR)   Coul. recip.
    7.48077e+03    2.24539e+04   -7.36093e+02   -1.51069e+05    8.98626e+02
      Potential    Kinetic En.   Total Energy  Conserved En.    Temperature
   -1.18478e+05    2.04358e+04   -9.80420e+04   -1.00451e+05    3.08312e+02
 Pres. DC (bar) Pressure (bar)   Constr. rmsd
   -1.11489e+02   -2.06247e+02    2.83662e-06

           Step           Time
          44500       89.00000

   Energies (kJ/mol)
           Bond          Angle    Proper Dih.  Improper Dih.          LJ-14
    2.61924e+02    7.12158e+02    1.15136e+03    5.07371e+01    2.80244e+02
     Coulomb-14        LJ (SR)  Disper. corr.   Coulomb (SR)   Coul. recip.
    7.43713e+03    2.15228e+04   -7.36093e+02   -1.50347e+05    8.90767e+02
      Potential    Kinetic En.   Total Energy  Conserved En.    Temperature
   -1.18776e+05    2.00261e+04   -9.87503e+04   -1.00446e+05    3.02130e+02
 Pres. DC (bar) Pressure (bar)   Constr. rmsd
   -1.11489e+02   -7.95084e+02    2.29363e-06

           Step           Time
          45000       90.00000

   Energies (kJ/mol)
           Bond          Angle    Proper Dih.  Improper Dih.          LJ-14
    2.12270e+02    7.58662e+02    1.13134e+03    4.39057e+01    3.10127e+02
     Coulomb-14        LJ (SR)  Disper. corr.   Coulomb (SR)   Coul. recip.
    7.46508e+03    2.19052e+04   -7.36093e+02   -1.50264e+05    9.09645e+02
      Potential    Kinetic En.   Total Energy  Conserved En.    Temperature
   -1.18264e+05    1.98958e+04   -9.83680e+04   -1.00443e+05    3.00165e+02
 Pres. DC (bar) Pressure (bar)   Constr. rmsd
   -1.11489e+02   -3.37261e+02    1.89849e-06

           Step           Time
          45500       91.00000

   Energies (kJ/mol)
           Bond          Angle    Proper Dih.  Improper Dih.          LJ-14
    2.46907e+02    7.30222e+02    1.14312e+03    6.03610e+01    3.00095e+02
     Coulomb-14        LJ (SR)  Disper. corr.   Coulomb (SR)   Coul. recip.
    7.45125e+03    2.16594e+04   -7.36093e+02   -1.49999e+05    8.88375e+02
      Potential    Kinetic En.   Total Energy  Conserved En.    Temperature
   -1.18255e+05    2.06386e+04   -9.76165e+04   -1.00451e+05    3.11372e+02
 Pres. DC (bar) Pressure (bar)   Constr. rmsd
   -1.11489e+02   -5.18410e+02    2.95804e-06

           Step           Time
          46000       92.00000

   Energies (kJ/mol)
           Bond          Angle    Proper Dih.  Improper Dih.          LJ-14
    2.94667e+02    6.81640e+02    1.13899e+03    3.94548e+01    3.15297e+02
     Coulomb-14        LJ (SR)  Disper. corr.   Coulomb (SR)   Coul. recip.
    7.49567e+03    2.17942e+04   -7.36093e+02   -1.50070e+05    9.17768e+02
      Potential    Kinetic En.   Total Energy  Conserved En.    Temperature
   -1.18128e+05    2.00504e+04   -9.80780e+04   -1.00438e+05    3.02498e+02
 Pres. DC (bar) Pressure (bar)   Constr. rmsd
   -1.11489e+02   -4.49494e+02    3.12121e-06

           Step           Time
          46500       93.00000

   Energies (kJ/mol)
           Bond          Angle    Proper Dih.  Improper Dih.          LJ-14
    2.53125e+02    7.53609e+02    1.13550e+03    5.40927e+01    2.91814e+02
     Coulomb-14        LJ (SR)  Disper. corr.   Coulomb (SR)   Coul. recip.
    7.41533e+03    2.11147e+04   -7.36093e+02   -1.49543e+05    8.94087e+02
      Potential    Kinetic En.   Total Energy  Conserved En.    Temperature
   -1.18366e+05    2.00979e+04   -9.82685e+04   -1.00444e+05    3.03214e+02
 Pres. DC (bar) Pressure (bar)   Constr. rmsd
   -1.11489e+02   -7.03627e+02    2.83788e-06

           Step           Time
          47000       94.00000

   Energies (kJ/mol)
           Bond          Angle    Proper Dih.  Improper Dih.          LJ-14
    2.07996e+02    8.13768e+02    1.14410e+03    3.42777e+01    3.01814e+02
     Coulomb-14        LJ (SR)  Disper. corr.   Coulomb (SR)   Coul. recip.
    7.42968e+03    2.15384e+04   -7.36093e+02   -1.50246e+05    8.84563e+02
      Potential    Kinetic En.   Total Energy  Conserved En.    Temperature
   -1.18628e+05    2.02876e+04   -9.83404e+04   -1.00447e+05    3.06076e+02
 Pres. DC (bar) Pressure (bar)   Constr. rmsd
   -1.11489e+02   -6.62334e+02    2.19720e-06

           Step           Time
          47500       95.00000

   Energies (kJ/mol)
           Bond          Angle    Proper Dih.  Improper Dih.          LJ-14
    2.73712e+02    7.24860e+02    1.14580e+03    3.72888e+01    2.96300e+02
     Coulomb-14        LJ (SR)  Disper. corr.   Coulomb (SR)   Coul. recip.
    7.39855e+03    2.20212e+04   -7.36093e+02   -1.50822e+05    8.80575e+02
      Potential    Kinetic En.   Total Energy  Conserved En.    Temperature
   -1.18780e+05    1.99712e+04   -9.88090e+04   -1.00445e+05    3.01303e+02
 Pres. DC (bar) Pressure (bar)   Constr. rmsd
   -1.11489e+02   -5.36811e+02    4.59462e-06

           Step           Time
          48000       96.00000

   Energies (kJ/mol)
           Bond          Angle    Proper Dih.  Improper Dih.          LJ-14
    2.36274e+02    7.52569e+02    1.10361e+03    4.47346e+01    3.15092e+02
     Coulomb-14        LJ (SR)  Disper. corr.   Coulomb (SR)   Coul. recip.
    7.41838e+03    2.23439e+04   -7.36093e+02   -1.51034e+05    9.58798e+02
      Potential    Kinetic En.   Total Energy  Conserved En.    Temperature
   -1.18597e+05    2.02092e+04   -9.83875e+04   -1.00438e+05    3.04893e+02
 Pres. DC (bar) Pressure (bar)   Constr. rmsd
   -1.11489e+02   -4.86242e+02    2.60049e-06

           Step           Time
          48500       97.00000

   Energies (kJ/mol)
           Bond          Angle    Proper Dih.  Improper Dih.          LJ-14
    2.48568e+02    7.26931e+02    1.15607e+03    3.02239e+01    2.82847e+02
     Coulomb-14        LJ (SR)  Disper. corr.   Coulomb (SR)   Coul. recip.
    7.40345e+03    2.20886e+04   -7.36093e+02   -1.50359e+05    9.38056e+02
      Potential    Kinetic En.   Total Energy  Conserved En.    Temperature
   -1.18221e+05    1.99893e+04   -9.82314e+04   -1.00432e+05    3.01575e+02
 Pres. DC (bar) Pressure (bar)   Constr. rmsd
   -1.11489e+02   -4.24837e+02    3.37872e-06

           Step           Time
          49000       98.00000

   Energies (kJ/mol)
           Bond          Angle    Proper Dih.  Improper Dih.          LJ-14
    2.24531e+02    7.53631e+02    1.11178e+03    4.49712e+01    2.98307e+02
     Coulomb-14        LJ (SR)  Disper. corr.   Coulomb (SR)   Coul. recip.
    7.44581e+03    2.19217e+04   -7.36093e+02   -1.50551e+05    9.09204e+02
      Potential    Kinetic En.   Total Energy  Conserved En.    Temperature
   -1.18577e+05    2.01386e+04   -9.84389e+04   -1.00435e+05    3.03828e+02
 Pres. DC (bar) Pressure (bar)   Constr. rmsd
   -1.11489e+02   -5.96866e+02    2.18064e-06

           Step           Time
          49500       99.00000

   Energies (kJ/mol)
           Bond          Angle    Proper Dih.  Improper Dih.          LJ-14
    2.74690e+02    7.53458e+02    1.14017e+03    3.94661e+01    3.28055e+02
     Coulomb-14        LJ (SR)  Disper. corr.   Coulomb (SR)   Coul. recip.
    7.41154e+03    2.14918e+04   -7.36093e+02   -1.49889e+05    9.21970e+02
      Potential    Kinetic En.   Total Energy  Conserved En.    Temperature
   -1.18264e+05    2.02500e+04   -9.80141e+04   -1.00432e+05    3.05508e+02
 Pres. DC (bar) Pressure (bar)   Constr. rmsd
   -1.11489e+02   -5.96438e+02    2.00288e-06

           Step           Time
          50000      100.00000

Writing checkpoint, step 50000 at Sat Jun 24 15:56:48 2023


   Energies (kJ/mol)
           Bond          Angle    Proper Dih.  Improper Dih.          LJ-14
    2.73054e+02    7.20166e+02    1.14750e+03    4.56208e+01    2.92083e+02
     Coulomb-14        LJ (SR)  Disper. corr.   Coulomb (SR)   Coul. recip.
    7.42778e+03    2.17381e+04   -7.36093e+02   -1.50182e+05    8.78611e+02
      Potential    Kinetic En.   Total Energy  Conserved En.    Temperature
   -1.18396e+05    2.01090e+04   -9.82866e+04   -1.00441e+05    3.03382e+02
 Pres. DC (bar) Pressure (bar)   Constr. rmsd
   -1.11489e+02   -7.51853e+02    1.80449e-06


Energy conservation over simulation part #1 of length 100 ns, time 0 to 100 ns
  Conserved energy drift: 3.61e-04 kJ/mol/ps per atom


	<======  ###############  ==>
	<====  A V E R A G E S  ====>
	<==  ###############  ======>

	Statistics over 50001 steps using 501 frames

   Energies (kJ/mol)
           Bond          Angle    Proper Dih.  Improper Dih.          LJ-14
    2.50065e+02    7.34418e+02    1.14274e+03    4.38528e+01    2.99029e+02
     Coulomb-14        LJ (SR)  Disper. corr.   Coulomb (SR)   Coul. recip.
    7.42806e+03    2.17194e+04   -7.36093e+02   -1.49751e+05    9.29130e+02
      Potential    Kinetic En.   Total Energy  Conserved En.    Temperature
   -1.17941e+05    1.98921e+04   -9.80487e+04   -1.00474e+05    3.00110e+02
 Pres. DC (bar) Pressure (bar)   Constr. rmsd
   -1.11489e+02   -5.89566e+02    0.00000e+00

   Total Virial (kJ/mol)
    8.58529e+03   -1.36027e+01   -1.80569e+01
   -1.36106e+01    8.50510e+03    1.51280e+01
   -1.80827e+01    1.51255e+01    8.65027e+03

   Pressure (bar)
   -5.94506e+02    1.65391e+00    2.60440e+00
    1.65629e+00   -5.61000e+02   -6.81886e+00
    2.61221e+00   -6.81810e+00   -6.13192e+02

      T-Protein  T-non-Protein
    2.99924e+02    3.00120e+02


	M E G A - F L O P S   A C C O U N T I N G

 NB=Group-cutoff nonbonded kernels    NxN=N-by-N cluster Verlet kernels
 RF=Reaction-Field  VdW=Van der Waals  QSTab=quadratic-spline table
 W3=SPC/TIP3p  W4=TIP4p (single or pairs)
 V&F=Potential and force  V=Potential only  F=Force only

 Computing:                               M-Number         M-Flops  % Flops
-----------------------------------------------------------------------------
 Pair Search distance check            2165.973936       19493.765     0.3
 NxN QSTab Elec. + LJ [F]             86956.401912     3565212.478    50.9
 NxN QSTab Elec. + LJ [V&F]             880.050712       51922.992     0.7
 NxN QSTab Elec. [F]                  77344.195096     2629702.633    37.5
 NxN QSTab Elec. [V&F]                  782.738888       32092.294     0.5
 1,4 nonbonded interactions              43.600872        3924.078     0.1
 Calc Weights                          1183.073661       42590.652     0.6
 Spread Q Bspline                     25238.904768       50477.810     0.7
 Gather F Bspline                     25238.904768      151433.429     2.2
 3D-FFT                               48311.666214      386493.330     5.5
 Solve PME                               50.401008        3225.665     0.0
 Shift-X                                  7.894887          47.369     0.0
 Bonds                                    8.600172         507.410     0.0
 Angles                                  30.300606        5090.502     0.1
 Propers                                 52.701054       12068.541     0.2
 Impropers                                3.000060         624.012     0.0
 Virial                                   3.973932          71.531     0.0
 Stop-CM                                  3.959274          39.593     0.0
 Calc-Ekin                               78.885774        2129.916     0.0
 Lincs                                    8.150489         489.029     0.0
 Lincs-Mat                               42.602556         170.410     0.0
 Constraint-V                           393.865754        3544.792     0.1
 Constraint-Vir                           3.864714          92.753     0.0
 Settle                                 125.857551       46567.294     0.7
-----------------------------------------------------------------------------
 Total                                                 7008012.279   100.0
-----------------------------------------------------------------------------


     R E A L   C Y C L E   A N D   T I M E   A C C O U N T I N G

On 1 MPI rank, each using 4 OpenMP threads

 Computing:          Num   Num      Call    Wall time         Giga-Cycles
                     Ranks Threads  Count      (s)         total sum    %
-----------------------------------------------------------------------------
 Neighbor search        1    4       1001      14.376         62.934   1.9
 Force                  1    4      50001     557.091       2438.722  71.7
 PME mesh               1    4      50001     136.515        597.608  17.6
 NB X/F buffer ops.     1    4      99001      39.198        171.593   5.0
 Write traj.            1    4        101       0.796          3.484   0.1
 Update                 1    4      50001      13.543         59.286   1.7
 Constraints            1    4      50003      11.871         51.968   1.5
 Rest                                           3.171         13.883   0.4
-----------------------------------------------------------------------------
 Total                                        776.562       3399.478 100.0
-----------------------------------------------------------------------------
 Breakdown of PME mesh computation
-----------------------------------------------------------------------------
 PME spread             1    4      50001      43.510        190.469   5.6
 PME gather             1    4      50001      52.561        230.093   6.8
 PME 3D-FFT             1    4     100002      35.019        153.298   4.5
 PME solve Elec         1    4      50001       3.850         16.852   0.5
-----------------------------------------------------------------------------

               Core t (s)   Wall t (s)        (%)
       Time:     3106.247      776.562      400.0
                 (ns/day)    (hour/ns)
Performance:       11.126        2.157
Finished mdrun on rank 0 Sat Jun 24 15:56:48 2023

